INFO 2024-04-14 13:03:15,461 autoreload 668 Watching for file changes with StatReloader
INFO 2024-04-14 13:03:30,000 urls 26 info
INFO 2024-04-14 13:03:30,000 basehttp 212 "GET / HTTP/1.1" 200 4
WARNING 2024-04-14 13:03:30,022 basehttp 212 "GET /static/admin/fonts/Roboto-Bold-webfont.woff HTTP/1.1" 404 1867
WARNING 2024-04-14 13:03:30,022 basehttp 212 "GET /static/admin/css/fonts.css HTTP/1.1" 404 1816
WARNING 2024-04-14 13:03:30,022 basehttp 212 "GET /static/admin/fonts/Roboto-Regular-webfont.woff HTTP/1.1" 404 1876
WARNING 2024-04-14 13:03:30,023 basehttp 212 "GET /static/admin/fonts/Roboto-Light-webfont.woff HTTP/1.1" 404 1870
INFO 2024-04-14 13:05:40,793 autoreload 266 /Users/bloomberg/awvl/blog/blog/settings.py changed, reloading.
INFO 2024-04-14 13:05:41,070 autoreload 668 Watching for file changes with StatReloader
INFO 2024-04-14 13:05:46,348 urls 26 info
INFO 2024-04-14 13:05:46,349 basehttp 212 "GET / HTTP/1.1" 200 4
INFO 2024-04-14 13:05:52,489 urls 26 info
INFO 2024-04-14 13:05:52,491 basehttp 212 "GET / HTTP/1.1" 200 4
WARNING 2024-04-14 13:05:52,519 basehttp 212 "GET /static/admin/css/fonts.css HTTP/1.1" 404 1816
WARNING 2024-04-14 13:05:52,519 basehttp 212 "GET /static/admin/fonts/Roboto-Bold-webfont.woff HTTP/1.1" 404 1867
WARNING 2024-04-14 13:05:52,519 basehttp 212 "GET /static/admin/fonts/Roboto-Light-webfont.woff HTTP/1.1" 404 1870
WARNING 2024-04-14 13:05:52,519 basehttp 212 "GET /static/admin/fonts/Roboto-Regular-webfont.woff HTTP/1.1" 404 1876
INFO 2024-04-14 13:06:00,383 basehttp 212 "GET /static/index.html HTTP/1.1" 200 12002
INFO 2024-04-14 13:06:00,397 basehttp 212 "GET /static/bootstrap/css/bootstrap.min.css HTTP/1.1" 200 140942
INFO 2024-04-14 13:06:00,400 basehttp 212 "GET /static/common/jquery.pagination.css HTTP/1.1" 200 523
INFO 2024-04-14 13:06:00,400 basehttp 212 "GET /static/md_css/monokai.css HTTP/1.1" 200 4118
INFO 2024-04-14 13:06:00,401 basehttp 212 "GET /static/common/common.css HTTP/1.1" 200 381
INFO 2024-04-14 13:06:00,401 basehttp 212 "GET /static/js/jquery.pagination.min.js HTTP/1.1" 200 2935
INFO 2024-04-14 13:06:00,401 basehttp 212 "GET /static/js/host.js HTTP/1.1" 200 35
INFO 2024-04-14 13:06:00,404 basehttp 212 "GET /static/js/vue-2.5.16.js HTTP/1.1" 200 289307
INFO 2024-04-14 13:06:00,404 basehttp 212 "GET /static/img/1.jpg HTTP/1.1" 200 78682
INFO 2024-04-14 13:15:05,407 autoreload 668 Watching for file changes with StatReloader
WARNING 2024-04-14 13:15:09,370 log 241 Not Found: /
WARNING 2024-04-14 13:15:09,370 basehttp 212 "GET / HTTP/1.1" 404 2230
WARNING 2024-04-14 13:15:14,014 log 241 Not Found: /
WARNING 2024-04-14 13:15:14,014 basehttp 212 "GET / HTTP/1.1" 404 2230
INFO 2024-04-14 13:15:14,928 basehttp 212 "GET /register/ HTTP/1.1" 200 5217
INFO 2024-04-14 13:15:14,951 basehttp 212 "GET /static/js/host.js HTTP/1.1" 200 35
INFO 2024-04-14 13:15:14,952 basehttp 212 "GET /static/img/image_code.png HTTP/1.1" 200 3483
INFO 2024-04-14 13:16:57,637 autoreload 668 Watching for file changes with StatReloader
ERROR 2024-04-14 13:16:59,285 log 241 Internal Server Error: /register/
Traceback (most recent call last):
  File "/Users/bloomberg/anaconda3/envs/awvl/lib/python3.11/site-packages/django/template/defaulttags.py", line 1034, in find_library
    return parser.libraries[name]
           ~~~~~~~~~~~~~~~~^^^^^^
KeyError: 'staticfiles'

During handling of the above exception, another exception occurred:

Traceback (most recent call last):
  File "/Users/bloomberg/anaconda3/envs/awvl/lib/python3.11/site-packages/django/core/handlers/exception.py", line 55, in inner
    response = get_response(request)
               ^^^^^^^^^^^^^^^^^^^^^
  File "/Users/bloomberg/anaconda3/envs/awvl/lib/python3.11/site-packages/django/core/handlers/base.py", line 197, in _get_response
    response = wrapped_callback(request, *callback_args, **callback_kwargs)
               ^^^^^^^^^^^^^^^^^^^^^^^^^^^^^^^^^^^^^^^^^^^^^^^^^^^^^^^^^^^^
  File "/Users/bloomberg/anaconda3/envs/awvl/lib/python3.11/site-packages/django/views/generic/base.py", line 104, in view
    return self.dispatch(request, *args, **kwargs)
           ^^^^^^^^^^^^^^^^^^^^^^^^^^^^^^^^^^^^^^^
  File "/Users/bloomberg/anaconda3/envs/awvl/lib/python3.11/site-packages/django/views/generic/base.py", line 143, in dispatch
    return handler(request, *args, **kwargs)
           ^^^^^^^^^^^^^^^^^^^^^^^^^^^^^^^^^
  File "/Users/bloomberg/awvl/blog/users/views.py", line 10, in get
    return render(request,'register.html')
           ^^^^^^^^^^^^^^^^^^^^^^^^^^^^^^^
  File "/Users/bloomberg/anaconda3/envs/awvl/lib/python3.11/site-packages/django/shortcuts.py", line 25, in render
    content = loader.render_to_string(template_name, context, request, using=using)
              ^^^^^^^^^^^^^^^^^^^^^^^^^^^^^^^^^^^^^^^^^^^^^^^^^^^^^^^^^^^^^^^^^^^^^
  File "/Users/bloomberg/anaconda3/envs/awvl/lib/python3.11/site-packages/django/template/loader.py", line 61, in render_to_string
    template = get_template(template_name, using=using)
               ^^^^^^^^^^^^^^^^^^^^^^^^^^^^^^^^^^^^^^^^
  File "/Users/bloomberg/anaconda3/envs/awvl/lib/python3.11/site-packages/django/template/loader.py", line 15, in get_template
    return engine.get_template(template_name)
           ^^^^^^^^^^^^^^^^^^^^^^^^^^^^^^^^^^
  File "/Users/bloomberg/anaconda3/envs/awvl/lib/python3.11/site-packages/django/template/backends/django.py", line 33, in get_template
    return Template(self.engine.get_template(template_name), self)
                    ^^^^^^^^^^^^^^^^^^^^^^^^^^^^^^^^^^^^^^^
  File "/Users/bloomberg/anaconda3/envs/awvl/lib/python3.11/site-packages/django/template/engine.py", line 177, in get_template
    template, origin = self.find_template(template_name)
                       ^^^^^^^^^^^^^^^^^^^^^^^^^^^^^^^^^
  File "/Users/bloomberg/anaconda3/envs/awvl/lib/python3.11/site-packages/django/template/engine.py", line 159, in find_template
    template = loader.get_template(name, skip=skip)
               ^^^^^^^^^^^^^^^^^^^^^^^^^^^^^^^^^^^^
  File "/Users/bloomberg/anaconda3/envs/awvl/lib/python3.11/site-packages/django/template/loaders/cached.py", line 57, in get_template
    template = super().get_template(template_name, skip)
               ^^^^^^^^^^^^^^^^^^^^^^^^^^^^^^^^^^^^^^^^^
  File "/Users/bloomberg/anaconda3/envs/awvl/lib/python3.11/site-packages/django/template/loaders/base.py", line 28, in get_template
    return Template(
           ^^^^^^^^^
  File "/Users/bloomberg/anaconda3/envs/awvl/lib/python3.11/site-packages/django/template/base.py", line 154, in __init__
    self.nodelist = self.compile_nodelist()
                    ^^^^^^^^^^^^^^^^^^^^^^^
  File "/Users/bloomberg/anaconda3/envs/awvl/lib/python3.11/site-packages/django/template/base.py", line 196, in compile_nodelist
    return parser.parse()
           ^^^^^^^^^^^^^^
  File "/Users/bloomberg/anaconda3/envs/awvl/lib/python3.11/site-packages/django/template/base.py", line 510, in parse
    raise self.error(token, e)
  File "/Users/bloomberg/anaconda3/envs/awvl/lib/python3.11/site-packages/django/template/base.py", line 508, in parse
    compiled_result = compile_func(self, token)
                      ^^^^^^^^^^^^^^^^^^^^^^^^^
  File "/Users/bloomberg/anaconda3/envs/awvl/lib/python3.11/site-packages/django/template/defaulttags.py", line 1096, in load
    lib = find_library(parser, name)
          ^^^^^^^^^^^^^^^^^^^^^^^^^^
  File "/Users/bloomberg/anaconda3/envs/awvl/lib/python3.11/site-packages/django/template/defaulttags.py", line 1036, in find_library
    raise TemplateSyntaxError(
django.template.exceptions.TemplateSyntaxError: 'staticfiles' is not a registered tag library. Must be one of:
admin_list
admin_modify
admin_urls
cache
i18n
l10n
log
static
tz
ERROR 2024-04-14 13:16:59,288 basehttp 212 "GET /register/ HTTP/1.1" 500 167434
INFO 2024-04-14 13:17:18,029 autoreload 668 Watching for file changes with StatReloader
WARNING 2024-04-14 13:17:21,323 log 241 Not Found: /
WARNING 2024-04-14 13:17:21,323 basehttp 212 "GET / HTTP/1.1" 404 2230
WARNING 2024-04-14 13:17:23,043 log 241 Not Found: /
WARNING 2024-04-14 13:17:23,044 basehttp 212 "GET / HTTP/1.1" 404 2230
ERROR 2024-04-14 13:17:24,979 log 241 Internal Server Error: /register/
Traceback (most recent call last):
  File "/Users/bloomberg/anaconda3/envs/awvl/lib/python3.11/site-packages/django/template/defaulttags.py", line 1034, in find_library
    return parser.libraries[name]
           ~~~~~~~~~~~~~~~~^^^^^^
KeyError: 'staticfiles'

During handling of the above exception, another exception occurred:

Traceback (most recent call last):
  File "/Users/bloomberg/anaconda3/envs/awvl/lib/python3.11/site-packages/django/core/handlers/exception.py", line 55, in inner
    response = get_response(request)
               ^^^^^^^^^^^^^^^^^^^^^
  File "/Users/bloomberg/anaconda3/envs/awvl/lib/python3.11/site-packages/django/core/handlers/base.py", line 197, in _get_response
    response = wrapped_callback(request, *callback_args, **callback_kwargs)
               ^^^^^^^^^^^^^^^^^^^^^^^^^^^^^^^^^^^^^^^^^^^^^^^^^^^^^^^^^^^^
  File "/Users/bloomberg/anaconda3/envs/awvl/lib/python3.11/site-packages/django/views/generic/base.py", line 104, in view
    return self.dispatch(request, *args, **kwargs)
           ^^^^^^^^^^^^^^^^^^^^^^^^^^^^^^^^^^^^^^^
  File "/Users/bloomberg/anaconda3/envs/awvl/lib/python3.11/site-packages/django/views/generic/base.py", line 143, in dispatch
    return handler(request, *args, **kwargs)
           ^^^^^^^^^^^^^^^^^^^^^^^^^^^^^^^^^
  File "/Users/bloomberg/awvl/blog/users/views.py", line 10, in get
    return render(request,'register.html')
           ^^^^^^^^^^^^^^^^^^^^^^^^^^^^^^^
  File "/Users/bloomberg/anaconda3/envs/awvl/lib/python3.11/site-packages/django/shortcuts.py", line 25, in render
    content = loader.render_to_string(template_name, context, request, using=using)
              ^^^^^^^^^^^^^^^^^^^^^^^^^^^^^^^^^^^^^^^^^^^^^^^^^^^^^^^^^^^^^^^^^^^^^
  File "/Users/bloomberg/anaconda3/envs/awvl/lib/python3.11/site-packages/django/template/loader.py", line 61, in render_to_string
    template = get_template(template_name, using=using)
               ^^^^^^^^^^^^^^^^^^^^^^^^^^^^^^^^^^^^^^^^
  File "/Users/bloomberg/anaconda3/envs/awvl/lib/python3.11/site-packages/django/template/loader.py", line 15, in get_template
    return engine.get_template(template_name)
           ^^^^^^^^^^^^^^^^^^^^^^^^^^^^^^^^^^
  File "/Users/bloomberg/anaconda3/envs/awvl/lib/python3.11/site-packages/django/template/backends/django.py", line 33, in get_template
    return Template(self.engine.get_template(template_name), self)
                    ^^^^^^^^^^^^^^^^^^^^^^^^^^^^^^^^^^^^^^^
  File "/Users/bloomberg/anaconda3/envs/awvl/lib/python3.11/site-packages/django/template/engine.py", line 177, in get_template
    template, origin = self.find_template(template_name)
                       ^^^^^^^^^^^^^^^^^^^^^^^^^^^^^^^^^
  File "/Users/bloomberg/anaconda3/envs/awvl/lib/python3.11/site-packages/django/template/engine.py", line 159, in find_template
    template = loader.get_template(name, skip=skip)
               ^^^^^^^^^^^^^^^^^^^^^^^^^^^^^^^^^^^^
  File "/Users/bloomberg/anaconda3/envs/awvl/lib/python3.11/site-packages/django/template/loaders/cached.py", line 57, in get_template
    template = super().get_template(template_name, skip)
               ^^^^^^^^^^^^^^^^^^^^^^^^^^^^^^^^^^^^^^^^^
  File "/Users/bloomberg/anaconda3/envs/awvl/lib/python3.11/site-packages/django/template/loaders/base.py", line 28, in get_template
    return Template(
           ^^^^^^^^^
  File "/Users/bloomberg/anaconda3/envs/awvl/lib/python3.11/site-packages/django/template/base.py", line 154, in __init__
    self.nodelist = self.compile_nodelist()
                    ^^^^^^^^^^^^^^^^^^^^^^^
  File "/Users/bloomberg/anaconda3/envs/awvl/lib/python3.11/site-packages/django/template/base.py", line 196, in compile_nodelist
    return parser.parse()
           ^^^^^^^^^^^^^^
  File "/Users/bloomberg/anaconda3/envs/awvl/lib/python3.11/site-packages/django/template/base.py", line 510, in parse
    raise self.error(token, e)
  File "/Users/bloomberg/anaconda3/envs/awvl/lib/python3.11/site-packages/django/template/base.py", line 508, in parse
    compiled_result = compile_func(self, token)
                      ^^^^^^^^^^^^^^^^^^^^^^^^^
  File "/Users/bloomberg/anaconda3/envs/awvl/lib/python3.11/site-packages/django/template/defaulttags.py", line 1096, in load
    lib = find_library(parser, name)
          ^^^^^^^^^^^^^^^^^^^^^^^^^^
  File "/Users/bloomberg/anaconda3/envs/awvl/lib/python3.11/site-packages/django/template/defaulttags.py", line 1036, in find_library
    raise TemplateSyntaxError(
django.template.exceptions.TemplateSyntaxError: 'staticfiles' is not a registered tag library. Must be one of:
admin_list
admin_modify
admin_urls
cache
i18n
l10n
log
static
tz
ERROR 2024-04-14 13:17:24,982 basehttp 212 "GET /register/ HTTP/1.1" 500 167434
INFO 2024-04-14 13:18:14,428 autoreload 668 Watching for file changes with StatReloader
ERROR 2024-04-14 13:18:23,075 log 241 Internal Server Error: /register/
Traceback (most recent call last):
  File "/Users/bloomberg/anaconda3/envs/awvl/lib/python3.11/site-packages/django/template/defaulttags.py", line 1034, in find_library
    return parser.libraries[name]
           ~~~~~~~~~~~~~~~~^^^^^^
KeyError: 'staticfiles'

During handling of the above exception, another exception occurred:

Traceback (most recent call last):
  File "/Users/bloomberg/anaconda3/envs/awvl/lib/python3.11/site-packages/django/core/handlers/exception.py", line 55, in inner
    response = get_response(request)
               ^^^^^^^^^^^^^^^^^^^^^
  File "/Users/bloomberg/anaconda3/envs/awvl/lib/python3.11/site-packages/django/core/handlers/base.py", line 197, in _get_response
    response = wrapped_callback(request, *callback_args, **callback_kwargs)
               ^^^^^^^^^^^^^^^^^^^^^^^^^^^^^^^^^^^^^^^^^^^^^^^^^^^^^^^^^^^^
  File "/Users/bloomberg/anaconda3/envs/awvl/lib/python3.11/site-packages/django/views/generic/base.py", line 104, in view
    return self.dispatch(request, *args, **kwargs)
           ^^^^^^^^^^^^^^^^^^^^^^^^^^^^^^^^^^^^^^^
  File "/Users/bloomberg/anaconda3/envs/awvl/lib/python3.11/site-packages/django/views/generic/base.py", line 143, in dispatch
    return handler(request, *args, **kwargs)
           ^^^^^^^^^^^^^^^^^^^^^^^^^^^^^^^^^
  File "/Users/bloomberg/awvl/blog/users/views.py", line 10, in get
    return render(request,'register.html')
           ^^^^^^^^^^^^^^^^^^^^^^^^^^^^^^^
  File "/Users/bloomberg/anaconda3/envs/awvl/lib/python3.11/site-packages/django/shortcuts.py", line 25, in render
    content = loader.render_to_string(template_name, context, request, using=using)
              ^^^^^^^^^^^^^^^^^^^^^^^^^^^^^^^^^^^^^^^^^^^^^^^^^^^^^^^^^^^^^^^^^^^^^
  File "/Users/bloomberg/anaconda3/envs/awvl/lib/python3.11/site-packages/django/template/loader.py", line 61, in render_to_string
    template = get_template(template_name, using=using)
               ^^^^^^^^^^^^^^^^^^^^^^^^^^^^^^^^^^^^^^^^
  File "/Users/bloomberg/anaconda3/envs/awvl/lib/python3.11/site-packages/django/template/loader.py", line 15, in get_template
    return engine.get_template(template_name)
           ^^^^^^^^^^^^^^^^^^^^^^^^^^^^^^^^^^
  File "/Users/bloomberg/anaconda3/envs/awvl/lib/python3.11/site-packages/django/template/backends/django.py", line 33, in get_template
    return Template(self.engine.get_template(template_name), self)
                    ^^^^^^^^^^^^^^^^^^^^^^^^^^^^^^^^^^^^^^^
  File "/Users/bloomberg/anaconda3/envs/awvl/lib/python3.11/site-packages/django/template/engine.py", line 177, in get_template
    template, origin = self.find_template(template_name)
                       ^^^^^^^^^^^^^^^^^^^^^^^^^^^^^^^^^
  File "/Users/bloomberg/anaconda3/envs/awvl/lib/python3.11/site-packages/django/template/engine.py", line 159, in find_template
    template = loader.get_template(name, skip=skip)
               ^^^^^^^^^^^^^^^^^^^^^^^^^^^^^^^^^^^^
  File "/Users/bloomberg/anaconda3/envs/awvl/lib/python3.11/site-packages/django/template/loaders/cached.py", line 57, in get_template
    template = super().get_template(template_name, skip)
               ^^^^^^^^^^^^^^^^^^^^^^^^^^^^^^^^^^^^^^^^^
  File "/Users/bloomberg/anaconda3/envs/awvl/lib/python3.11/site-packages/django/template/loaders/base.py", line 28, in get_template
    return Template(
           ^^^^^^^^^
  File "/Users/bloomberg/anaconda3/envs/awvl/lib/python3.11/site-packages/django/template/base.py", line 154, in __init__
    self.nodelist = self.compile_nodelist()
                    ^^^^^^^^^^^^^^^^^^^^^^^
  File "/Users/bloomberg/anaconda3/envs/awvl/lib/python3.11/site-packages/django/template/base.py", line 196, in compile_nodelist
    return parser.parse()
           ^^^^^^^^^^^^^^
  File "/Users/bloomberg/anaconda3/envs/awvl/lib/python3.11/site-packages/django/template/base.py", line 510, in parse
    raise self.error(token, e)
  File "/Users/bloomberg/anaconda3/envs/awvl/lib/python3.11/site-packages/django/template/base.py", line 508, in parse
    compiled_result = compile_func(self, token)
                      ^^^^^^^^^^^^^^^^^^^^^^^^^
  File "/Users/bloomberg/anaconda3/envs/awvl/lib/python3.11/site-packages/django/template/defaulttags.py", line 1096, in load
    lib = find_library(parser, name)
          ^^^^^^^^^^^^^^^^^^^^^^^^^^
  File "/Users/bloomberg/anaconda3/envs/awvl/lib/python3.11/site-packages/django/template/defaulttags.py", line 1036, in find_library
    raise TemplateSyntaxError(
django.template.exceptions.TemplateSyntaxError: 'staticfiles' is not a registered tag library. Must be one of:
admin_list
admin_modify
admin_urls
cache
i18n
l10n
log
static
tz
ERROR 2024-04-14 13:18:23,077 basehttp 212 "GET /register/ HTTP/1.1" 500 167434
ERROR 2024-04-14 13:18:32,285 log 241 Internal Server Error: /register/
Traceback (most recent call last):
  File "/Users/bloomberg/anaconda3/envs/awvl/lib/python3.11/site-packages/django/template/defaulttags.py", line 1034, in find_library
    return parser.libraries[name]
           ~~~~~~~~~~~~~~~~^^^^^^
KeyError: 'staticfiles'

During handling of the above exception, another exception occurred:

Traceback (most recent call last):
  File "/Users/bloomberg/anaconda3/envs/awvl/lib/python3.11/site-packages/django/core/handlers/exception.py", line 55, in inner
    response = get_response(request)
               ^^^^^^^^^^^^^^^^^^^^^
  File "/Users/bloomberg/anaconda3/envs/awvl/lib/python3.11/site-packages/django/core/handlers/base.py", line 197, in _get_response
    response = wrapped_callback(request, *callback_args, **callback_kwargs)
               ^^^^^^^^^^^^^^^^^^^^^^^^^^^^^^^^^^^^^^^^^^^^^^^^^^^^^^^^^^^^
  File "/Users/bloomberg/anaconda3/envs/awvl/lib/python3.11/site-packages/django/views/generic/base.py", line 104, in view
    return self.dispatch(request, *args, **kwargs)
           ^^^^^^^^^^^^^^^^^^^^^^^^^^^^^^^^^^^^^^^
  File "/Users/bloomberg/anaconda3/envs/awvl/lib/python3.11/site-packages/django/views/generic/base.py", line 143, in dispatch
    return handler(request, *args, **kwargs)
           ^^^^^^^^^^^^^^^^^^^^^^^^^^^^^^^^^
  File "/Users/bloomberg/awvl/blog/users/views.py", line 10, in get
    return render(request,'register.html')
           ^^^^^^^^^^^^^^^^^^^^^^^^^^^^^^^
  File "/Users/bloomberg/anaconda3/envs/awvl/lib/python3.11/site-packages/django/shortcuts.py", line 25, in render
    content = loader.render_to_string(template_name, context, request, using=using)
              ^^^^^^^^^^^^^^^^^^^^^^^^^^^^^^^^^^^^^^^^^^^^^^^^^^^^^^^^^^^^^^^^^^^^^
  File "/Users/bloomberg/anaconda3/envs/awvl/lib/python3.11/site-packages/django/template/loader.py", line 61, in render_to_string
    template = get_template(template_name, using=using)
               ^^^^^^^^^^^^^^^^^^^^^^^^^^^^^^^^^^^^^^^^
  File "/Users/bloomberg/anaconda3/envs/awvl/lib/python3.11/site-packages/django/template/loader.py", line 15, in get_template
    return engine.get_template(template_name)
           ^^^^^^^^^^^^^^^^^^^^^^^^^^^^^^^^^^
  File "/Users/bloomberg/anaconda3/envs/awvl/lib/python3.11/site-packages/django/template/backends/django.py", line 33, in get_template
    return Template(self.engine.get_template(template_name), self)
                    ^^^^^^^^^^^^^^^^^^^^^^^^^^^^^^^^^^^^^^^
  File "/Users/bloomberg/anaconda3/envs/awvl/lib/python3.11/site-packages/django/template/engine.py", line 177, in get_template
    template, origin = self.find_template(template_name)
                       ^^^^^^^^^^^^^^^^^^^^^^^^^^^^^^^^^
  File "/Users/bloomberg/anaconda3/envs/awvl/lib/python3.11/site-packages/django/template/engine.py", line 159, in find_template
    template = loader.get_template(name, skip=skip)
               ^^^^^^^^^^^^^^^^^^^^^^^^^^^^^^^^^^^^
  File "/Users/bloomberg/anaconda3/envs/awvl/lib/python3.11/site-packages/django/template/loaders/cached.py", line 57, in get_template
    template = super().get_template(template_name, skip)
               ^^^^^^^^^^^^^^^^^^^^^^^^^^^^^^^^^^^^^^^^^
  File "/Users/bloomberg/anaconda3/envs/awvl/lib/python3.11/site-packages/django/template/loaders/base.py", line 28, in get_template
    return Template(
           ^^^^^^^^^
  File "/Users/bloomberg/anaconda3/envs/awvl/lib/python3.11/site-packages/django/template/base.py", line 154, in __init__
    self.nodelist = self.compile_nodelist()
                    ^^^^^^^^^^^^^^^^^^^^^^^
  File "/Users/bloomberg/anaconda3/envs/awvl/lib/python3.11/site-packages/django/template/base.py", line 196, in compile_nodelist
    return parser.parse()
           ^^^^^^^^^^^^^^
  File "/Users/bloomberg/anaconda3/envs/awvl/lib/python3.11/site-packages/django/template/base.py", line 510, in parse
    raise self.error(token, e)
  File "/Users/bloomberg/anaconda3/envs/awvl/lib/python3.11/site-packages/django/template/base.py", line 508, in parse
    compiled_result = compile_func(self, token)
                      ^^^^^^^^^^^^^^^^^^^^^^^^^
  File "/Users/bloomberg/anaconda3/envs/awvl/lib/python3.11/site-packages/django/template/defaulttags.py", line 1096, in load
    lib = find_library(parser, name)
          ^^^^^^^^^^^^^^^^^^^^^^^^^^
  File "/Users/bloomberg/anaconda3/envs/awvl/lib/python3.11/site-packages/django/template/defaulttags.py", line 1036, in find_library
    raise TemplateSyntaxError(
django.template.exceptions.TemplateSyntaxError: 'staticfiles' is not a registered tag library. Must be one of:
admin_list
admin_modify
admin_urls
cache
i18n
l10n
log
static
tz
ERROR 2024-04-14 13:18:32,287 basehttp 212 "GET /register/ HTTP/1.1" 500 167843
WARNING 2024-04-14 13:18:32,355 log 241 Not Found: /favicon.ico
WARNING 2024-04-14 13:18:32,356 basehttp 212 "GET /favicon.ico HTTP/1.1" 404 2281
INFO 2024-04-14 13:19:32,941 autoreload 668 Watching for file changes with StatReloader
INFO 2024-04-14 13:19:38,204 basehttp 212 "GET /register/ HTTP/1.1" 200 5319
WARNING 2024-04-14 13:19:38,247 log 241 Not Found: /imagecode/
WARNING 2024-04-14 13:19:38,248 basehttp 212 "GET /imagecode/?uuid=4bae8e42-b656-4348-a790-84e0df2bd4cd HTTP/1.1" 404 2320
INFO 2024-04-14 13:21:46,027 autoreload 266 /Users/bloomberg/awvl/blog/users/models.py changed, reloading.
INFO 2024-04-14 13:21:46,340 autoreload 668 Watching for file changes with StatReloader
INFO 2024-04-14 13:35:27,346 autoreload 668 Watching for file changes with StatReloader
WARNING 2024-04-14 13:35:29,874 log 241 Not Found: /
WARNING 2024-04-14 13:35:29,875 basehttp 212 "GET / HTTP/1.1" 404 2405
WARNING 2024-04-14 13:35:29,902 log 241 Not Found: /favicon.ico
WARNING 2024-04-14 13:35:29,902 basehttp 212 "GET /favicon.ico HTTP/1.1" 404 2456
WARNING 2024-04-14 13:35:53,375 log 241 Not Found: /
WARNING 2024-04-14 13:35:53,376 basehttp 212 "GET / HTTP/1.1" 404 2405
WARNING 2024-04-14 13:36:04,443 log 241 Not Found: /
WARNING 2024-04-14 13:36:04,444 basehttp 212 "GET / HTTP/1.1" 404 2405
ERROR 2024-04-14 13:36:05,370 log 241 Internal Server Error: /imagecode/
Traceback (most recent call last):
  File "/Users/bloomberg/anaconda3/envs/awvl/lib/python3.11/site-packages/django/core/handlers/exception.py", line 55, in inner
    response = get_response(request)
               ^^^^^^^^^^^^^^^^^^^^^
  File "/Users/bloomberg/anaconda3/envs/awvl/lib/python3.11/site-packages/django/core/handlers/base.py", line 197, in _get_response
    response = wrapped_callback(request, *callback_args, **callback_kwargs)
               ^^^^^^^^^^^^^^^^^^^^^^^^^^^^^^^^^^^^^^^^^^^^^^^^^^^^^^^^^^^^
  File "/Users/bloomberg/anaconda3/envs/awvl/lib/python3.11/site-packages/django/views/generic/base.py", line 104, in view
    return self.dispatch(request, *args, **kwargs)
           ^^^^^^^^^^^^^^^^^^^^^^^^^^^^^^^^^^^^^^^
  File "/Users/bloomberg/anaconda3/envs/awvl/lib/python3.11/site-packages/django/views/generic/base.py", line 143, in dispatch
    return handler(request, *args, **kwargs)
           ^^^^^^^^^^^^^^^^^^^^^^^^^^^^^^^^^
  File "/Users/bloomberg/awvl/blog/users/views.py", line 36, in get
    text,image=captcha.generate_captcha()
               ^^^^^^^^^^^^^^^^^^^^^^^^^^
  File "/Users/bloomberg/awvl/blog/libs/captcha/captcha.py", line 215, in generate_captcha
    return self.captcha("")
           ^^^^^^^^^^^^^^^^
  File "/Users/bloomberg/awvl/blog/libs/captcha/captcha.py", line 204, in captcha
    image = self.text(image, self.fonts, drawings=['warp', 'rotate', 'offset'])
            ^^^^^^^^^^^^^^^^^^^^^^^^^^^^^^^^^^^^^^^^^^^^^^^^^^^^^^^^^^^^^^^^^^^
  File "/Users/bloomberg/awvl/blog/libs/captcha/captcha.py", line 132, in text
    c_width, c_height = draw.textsize(c, font=font)
                        ^^^^^^^^^^^^^
AttributeError: 'ImageDraw' object has no attribute 'textsize'
ERROR 2024-04-14 13:36:05,372 basehttp 212 "GET /imagecode/?uuid=123 HTTP/1.1" 500 90575
ERROR 2024-04-14 13:36:29,973 log 241 Internal Server Error: /imagecode/
Traceback (most recent call last):
  File "/Users/bloomberg/anaconda3/envs/awvl/lib/python3.11/site-packages/django/core/handlers/exception.py", line 55, in inner
    response = get_response(request)
               ^^^^^^^^^^^^^^^^^^^^^
  File "/Users/bloomberg/anaconda3/envs/awvl/lib/python3.11/site-packages/django/core/handlers/base.py", line 197, in _get_response
    response = wrapped_callback(request, *callback_args, **callback_kwargs)
               ^^^^^^^^^^^^^^^^^^^^^^^^^^^^^^^^^^^^^^^^^^^^^^^^^^^^^^^^^^^^
  File "/Users/bloomberg/anaconda3/envs/awvl/lib/python3.11/site-packages/django/views/generic/base.py", line 104, in view
    return self.dispatch(request, *args, **kwargs)
           ^^^^^^^^^^^^^^^^^^^^^^^^^^^^^^^^^^^^^^^
  File "/Users/bloomberg/anaconda3/envs/awvl/lib/python3.11/site-packages/django/views/generic/base.py", line 143, in dispatch
    return handler(request, *args, **kwargs)
           ^^^^^^^^^^^^^^^^^^^^^^^^^^^^^^^^^
  File "/Users/bloomberg/awvl/blog/users/views.py", line 36, in get
    text,image=captcha.generate_captcha()
               ^^^^^^^^^^^^^^^^^^^^^^^^^^
  File "/Users/bloomberg/awvl/blog/libs/captcha/captcha.py", line 215, in generate_captcha
    return self.captcha("")
           ^^^^^^^^^^^^^^^^
  File "/Users/bloomberg/awvl/blog/libs/captcha/captcha.py", line 204, in captcha
    image = self.text(image, self.fonts, drawings=['warp', 'rotate', 'offset'])
            ^^^^^^^^^^^^^^^^^^^^^^^^^^^^^^^^^^^^^^^^^^^^^^^^^^^^^^^^^^^^^^^^^^^
  File "/Users/bloomberg/awvl/blog/libs/captcha/captcha.py", line 132, in text
    c_width, c_height = draw.textsize(c, font=font)
                        ^^^^^^^^^^^^^
AttributeError: 'ImageDraw' object has no attribute 'textsize'
ERROR 2024-04-14 13:36:29,974 basehttp 212 "GET /imagecode/?uuid=123 HTTP/1.1" 500 90249
INFO 2024-04-14 13:39:51,294 autoreload 668 Watching for file changes with StatReloader
INFO 2024-04-14 13:39:57,988 basehttp 212 "GET /imagecode/?uuid=123 HTTP/1.1" 200 2726
INFO 2024-04-14 13:41:32,994 basehttp 212 "GET /register HTTP/1.1" 301 0
INFO 2024-04-14 13:41:33,009 basehttp 212 "GET /register/ HTTP/1.1" 200 5319
INFO 2024-04-14 13:41:33,031 basehttp 212 "GET /static/js/register.js HTTP/1.1" 200 6407
INFO 2024-04-14 13:41:33,066 basehttp 212 "GET /imagecode/?uuid=7a7d6b92-261b-4e0c-b8f1-4668e66284c6 HTTP/1.1" 200 3217
INFO 2024-04-14 13:41:37,539 basehttp 212 "GET /imagecode/?uuid=80db9094-48fc-4000-84ab-3b3682cb7965 HTTP/1.1" 200 3003
INFO 2024-04-14 13:41:38,030 basehttp 212 "GET /imagecode/?uuid=7dd60d0a-bdab-4202-ad55-3b3e3789b78c HTTP/1.1" 200 3255
INFO 2024-04-14 14:04:52,047 autoreload 668 Watching for file changes with StatReloader
INFO 2024-04-14 14:04:55,298 basehttp 212 "GET /register/ HTTP/1.1" 200 5319
INFO 2024-04-14 14:04:55,332 basehttp 212 "GET /imagecode/?uuid=be750d2c-4bd7-44b8-9976-ad413bea9d1c HTTP/1.1" 200 3034
INFO 2024-04-14 14:04:55,820 basehttp 212 "GET /imagecode/?uuid=403c74a8-faaf-4bef-9470-ab4ac79ffa71 HTTP/1.1" 200 2704
INFO 2024-04-14 14:07:10,749 autoreload 668 Watching for file changes with StatReloader
INFO 2024-04-14 14:07:15,315 basehttp 212 "GET /register/ HTTP/1.1" 200 4511
INFO 2024-04-14 14:07:15,347 basehttp 212 "GET /imagecode/?uuid=c3ed3d6c-8fe1-490a-ae16-051fd5b88aad HTTP/1.1" 200 3367
INFO 2024-04-14 14:08:17,547 autoreload 668 Watching for file changes with StatReloader
WARNING 2024-04-14 14:08:32,052 log 241 Not Found: /
WARNING 2024-04-14 14:08:32,053 basehttp 212 "GET / HTTP/1.1" 404 2405
INFO 2024-04-14 14:08:48,600 basehttp 212 "GET /register HTTP/1.1" 301 0
INFO 2024-04-14 14:08:48,605 basehttp 212 "GET /register/ HTTP/1.1" 200 4511
INFO 2024-04-14 14:08:48,618 basehttp 212 "GET /static/bootstrap/css/bootstrap.min.css HTTP/1.1" 200 140942
INFO 2024-04-14 14:08:48,622 basehttp 212 "GET /static/js/register.js HTTP/1.1" 200 6407
INFO 2024-04-14 14:08:48,622 basehttp 212 "GET /static/js/host.js HTTP/1.1" 200 35
INFO 2024-04-14 14:08:48,648 basehttp 212 "GET /imagecode/?uuid=22355bf8-45fc-4439-ac2b-ba0efe6d329b HTTP/1.1" 200 2856
WARNING 2024-04-14 14:08:48,681 log 241 Not Found: /favicon.ico
WARNING 2024-04-14 14:08:48,681 basehttp 212 "GET /favicon.ico HTTP/1.1" 404 2456
INFO 2024-04-14 14:12:00,847 basehttp 212 "GET /imagecode/?uuid=112ee14e-5eec-4c10-be75-7b97f1c7a157 HTTP/1.1" 200 3211
INFO 2024-04-14 14:15:35,069 autoreload 266 /Users/bloomberg/awvl/blog/blog/urls.py changed, reloading.
INFO 2024-04-14 14:15:35,339 autoreload 668 Watching for file changes with StatReloader
INFO 2024-04-14 14:15:44,567 autoreload 668 Watching for file changes with StatReloader
INFO 2024-04-14 14:16:19,206 autoreload 266 /Users/bloomberg/awvl/blog/home/views.py changed, reloading.
INFO 2024-04-14 14:16:19,525 autoreload 668 Watching for file changes with StatReloader
INFO 2024-04-14 14:16:19,952 autoreload 668 Watching for file changes with StatReloader
ERROR 2024-04-14 14:16:27,677 log 241 Internal Server Error: /
Traceback (most recent call last):
  File "/Users/bloomberg/anaconda3/envs/awvl/lib/python3.11/site-packages/django/core/handlers/exception.py", line 55, in inner
    response = get_response(request)
               ^^^^^^^^^^^^^^^^^^^^^
  File "/Users/bloomberg/anaconda3/envs/awvl/lib/python3.11/site-packages/django/core/handlers/base.py", line 204, in _get_response
    self.check_response(response, callback)
  File "/Users/bloomberg/anaconda3/envs/awvl/lib/python3.11/site-packages/django/core/handlers/base.py", line 332, in check_response
    raise ValueError(
ValueError: The view home.views.view didn't return an HttpResponse object. It returned None instead.
ERROR 2024-04-14 14:16:27,678 basehttp 212 "GET / HTTP/1.1" 500 68099
INFO 2024-04-14 14:16:51,846 autoreload 668 Watching for file changes with StatReloader
ERROR 2024-04-14 14:16:54,542 log 241 Internal Server Error: /
Traceback (most recent call last):
  File "/Users/bloomberg/anaconda3/envs/awvl/lib/python3.11/site-packages/django/core/handlers/exception.py", line 55, in inner
    response = get_response(request)
               ^^^^^^^^^^^^^^^^^^^^^
  File "/Users/bloomberg/anaconda3/envs/awvl/lib/python3.11/site-packages/django/core/handlers/base.py", line 204, in _get_response
    self.check_response(response, callback)
  File "/Users/bloomberg/anaconda3/envs/awvl/lib/python3.11/site-packages/django/core/handlers/base.py", line 332, in check_response
    raise ValueError(
ValueError: The view home.views.view didn't return an HttpResponse object. It returned None instead.
ERROR 2024-04-14 14:16:54,543 basehttp 212 "GET / HTTP/1.1" 500 68236
ERROR 2024-04-14 14:16:58,420 log 241 Internal Server Error: /
Traceback (most recent call last):
  File "/Users/bloomberg/anaconda3/envs/awvl/lib/python3.11/site-packages/django/core/handlers/exception.py", line 55, in inner
    response = get_response(request)
               ^^^^^^^^^^^^^^^^^^^^^
  File "/Users/bloomberg/anaconda3/envs/awvl/lib/python3.11/site-packages/django/core/handlers/base.py", line 204, in _get_response
    self.check_response(response, callback)
  File "/Users/bloomberg/anaconda3/envs/awvl/lib/python3.11/site-packages/django/core/handlers/base.py", line 332, in check_response
    raise ValueError(
ValueError: The view home.views.view didn't return an HttpResponse object. It returned None instead.
ERROR 2024-04-14 14:16:58,420 basehttp 212 "GET / HTTP/1.1" 500 67690
INFO 2024-04-14 14:18:13,209 autoreload 266 /Users/bloomberg/awvl/blog/home/views.py changed, reloading.
INFO 2024-04-14 14:18:13,497 autoreload 668 Watching for file changes with StatReloader
INFO 2024-04-14 14:18:20,731 autoreload 266 /Users/bloomberg/awvl/blog/home/views.py changed, reloading.
INFO 2024-04-14 14:18:20,946 autoreload 668 Watching for file changes with StatReloader
INFO 2024-04-14 14:18:22,253 autoreload 668 Watching for file changes with StatReloader
INFO 2024-04-14 14:18:24,896 basehttp 212 "GET / HTTP/1.1" 200 11962
INFO 2024-04-14 14:18:24,921 basehttp 212 "GET /static/common/common.css HTTP/1.1" 200 381
INFO 2024-04-14 14:18:24,922 basehttp 212 "GET /static/js/jquery.pagination.min.js HTTP/1.1" 200 2935
INFO 2024-04-14 14:18:24,922 basehttp 212 "GET /static/md_css/monokai.css HTTP/1.1" 200 4118
INFO 2024-04-14 14:18:24,923 basehttp 212 "GET /static/common/jquery.pagination.css HTTP/1.1" 200 523
INFO 2024-04-14 14:18:24,924 basehttp 212 "GET /static/img/1.jpg HTTP/1.1" 200 78682
INFO 2024-04-14 14:19:47,657 autoreload 266 /Users/bloomberg/awvl/blog/users/views.py changed, reloading.
INFO 2024-04-14 14:19:47,940 autoreload 668 Watching for file changes with StatReloader
INFO 2024-04-14 14:20:43,782 autoreload 266 /Users/bloomberg/awvl/blog/users/views.py changed, reloading.
INFO 2024-04-14 14:20:44,046 autoreload 668 Watching for file changes with StatReloader
INFO 2024-04-14 14:21:43,949 autoreload 266 /Users/bloomberg/awvl/blog/users/views.py changed, reloading.
INFO 2024-04-14 14:21:44,224 autoreload 668 Watching for file changes with StatReloader
INFO 2024-04-14 14:21:52,451 autoreload 266 /Users/bloomberg/awvl/blog/users/views.py changed, reloading.
INFO 2024-04-14 14:21:52,699 autoreload 668 Watching for file changes with StatReloader
INFO 2024-04-14 14:22:10,344 autoreload 668 Watching for file changes with StatReloader
INFO 2024-04-14 14:22:13,871 basehttp 212 "GET /register/ HTTP/1.1" 200 4511
INFO 2024-04-14 14:22:13,915 basehttp 212 "GET /imagecode/?uuid=ed4dfaf6-9b11-4930-8cb8-a7953d939663 HTTP/1.1" 200 3298
INFO 2024-04-14 14:36:04,446 autoreload 266 /Users/bloomberg/awvl/blog/users/views.py changed, reloading.
INFO 2024-04-14 14:36:04,766 autoreload 668 Watching for file changes with StatReloader
INFO 2024-04-14 14:36:09,978 autoreload 266 /Users/bloomberg/awvl/blog/users/views.py changed, reloading.
INFO 2024-04-14 14:36:10,191 autoreload 668 Watching for file changes with StatReloader
INFO 2024-04-14 14:36:17,396 autoreload 266 /Users/bloomberg/awvl/blog/users/views.py changed, reloading.
INFO 2024-04-14 14:36:17,609 autoreload 668 Watching for file changes with StatReloader
INFO 2024-04-14 14:36:23,797 autoreload 266 /Users/bloomberg/awvl/blog/users/views.py changed, reloading.
INFO 2024-04-14 14:36:24,017 autoreload 668 Watching for file changes with StatReloader
INFO 2024-04-14 14:36:28,216 autoreload 266 /Users/bloomberg/awvl/blog/users/views.py changed, reloading.
INFO 2024-04-14 14:36:28,425 autoreload 668 Watching for file changes with StatReloader
INFO 2024-04-14 14:36:31,577 autoreload 266 /Users/bloomberg/awvl/blog/users/views.py changed, reloading.
INFO 2024-04-14 14:36:31,800 autoreload 668 Watching for file changes with StatReloader
INFO 2024-04-14 14:37:01,294 autoreload 266 /Users/bloomberg/awvl/blog/users/views.py changed, reloading.
INFO 2024-04-14 14:37:01,604 autoreload 668 Watching for file changes with StatReloader
INFO 2024-04-14 14:37:09,836 autoreload 266 /Users/bloomberg/awvl/blog/users/views.py changed, reloading.
INFO 2024-04-14 14:37:10,115 autoreload 668 Watching for file changes with StatReloader
INFO 2024-04-14 14:37:18,328 autoreload 266 /Users/bloomberg/awvl/blog/users/views.py changed, reloading.
INFO 2024-04-14 14:37:18,555 autoreload 668 Watching for file changes with StatReloader
INFO 2024-04-14 14:39:44,496 autoreload 266 /Users/bloomberg/awvl/blog/users/views.py changed, reloading.
INFO 2024-04-14 14:39:44,894 autoreload 668 Watching for file changes with StatReloader
INFO 2024-04-14 14:40:31,644 autoreload 266 /Users/bloomberg/awvl/blog/users/views.py changed, reloading.
INFO 2024-04-14 14:40:31,911 autoreload 668 Watching for file changes with StatReloader
INFO 2024-04-14 14:40:41,135 autoreload 266 /Users/bloomberg/awvl/blog/users/views.py changed, reloading.
INFO 2024-04-14 14:40:41,436 autoreload 668 Watching for file changes with StatReloader
INFO 2024-04-14 14:41:02,814 autoreload 266 /Users/bloomberg/awvl/blog/users/views.py changed, reloading.
INFO 2024-04-14 14:41:03,096 autoreload 668 Watching for file changes with StatReloader
INFO 2024-04-14 14:41:09,296 autoreload 266 /Users/bloomberg/awvl/blog/users/views.py changed, reloading.
INFO 2024-04-14 14:41:09,516 autoreload 668 Watching for file changes with StatReloader
INFO 2024-04-14 14:41:15,722 autoreload 266 /Users/bloomberg/awvl/blog/users/views.py changed, reloading.
INFO 2024-04-14 14:41:15,946 autoreload 668 Watching for file changes with StatReloader
INFO 2024-04-14 14:41:17,094 autoreload 266 /Users/bloomberg/awvl/blog/users/views.py changed, reloading.
INFO 2024-04-14 14:41:17,296 autoreload 668 Watching for file changes with StatReloader
INFO 2024-04-14 14:41:33,645 autoreload 266 /Users/bloomberg/awvl/blog/users/views.py changed, reloading.
INFO 2024-04-14 14:41:33,931 autoreload 668 Watching for file changes with StatReloader
INFO 2024-04-14 14:41:38,114 autoreload 266 /Users/bloomberg/awvl/blog/users/views.py changed, reloading.
INFO 2024-04-14 14:41:38,334 autoreload 668 Watching for file changes with StatReloader
INFO 2024-04-14 14:41:57,684 autoreload 266 /Users/bloomberg/awvl/blog/users/views.py changed, reloading.
INFO 2024-04-14 14:41:57,946 autoreload 668 Watching for file changes with StatReloader
INFO 2024-04-14 14:41:59,091 autoreload 266 /Users/bloomberg/awvl/blog/users/views.py changed, reloading.
INFO 2024-04-14 14:41:59,300 autoreload 668 Watching for file changes with StatReloader
INFO 2024-04-14 14:42:05,497 autoreload 266 /Users/bloomberg/awvl/blog/users/views.py changed, reloading.
INFO 2024-04-14 14:42:05,722 autoreload 668 Watching for file changes with StatReloader
INFO 2024-04-14 14:42:12,903 autoreload 266 /Users/bloomberg/awvl/blog/users/views.py changed, reloading.
INFO 2024-04-14 14:42:13,118 autoreload 668 Watching for file changes with StatReloader
INFO 2024-04-14 14:42:32,484 autoreload 266 /Users/bloomberg/awvl/blog/users/views.py changed, reloading.
INFO 2024-04-14 14:42:32,833 autoreload 668 Watching for file changes with StatReloader
INFO 2024-04-14 14:43:09,388 autoreload 266 /Users/bloomberg/awvl/blog/users/views.py changed, reloading.
INFO 2024-04-14 14:43:09,696 autoreload 668 Watching for file changes with StatReloader
INFO 2024-04-14 14:43:20,933 autoreload 266 /Users/bloomberg/awvl/blog/users/views.py changed, reloading.
INFO 2024-04-14 14:43:21,146 autoreload 668 Watching for file changes with StatReloader
INFO 2024-04-14 14:43:23,306 autoreload 266 /Users/bloomberg/awvl/blog/users/views.py changed, reloading.
INFO 2024-04-14 14:43:23,525 autoreload 668 Watching for file changes with StatReloader
INFO 2024-04-14 14:43:48,953 autoreload 266 /Users/bloomberg/awvl/blog/users/views.py changed, reloading.
INFO 2024-04-14 14:43:49,154 autoreload 668 Watching for file changes with StatReloader
INFO 2024-04-14 14:44:28,841 autoreload 266 /Users/bloomberg/awvl/blog/users/views.py changed, reloading.
INFO 2024-04-14 14:44:29,061 autoreload 668 Watching for file changes with StatReloader
INFO 2024-04-14 14:45:01,602 autoreload 266 /Users/bloomberg/awvl/blog/users/views.py changed, reloading.
INFO 2024-04-14 14:45:01,827 autoreload 668 Watching for file changes with StatReloader
INFO 2024-04-14 14:45:48,528 autoreload 668 Watching for file changes with StatReloader
INFO 2024-04-14 14:45:51,091 basehttp 212 "GET /register/ HTTP/1.1" 200 4511
INFO 2024-04-14 14:45:51,135 basehttp 212 "GET /imagecode/?uuid=aaf1b3e7-615d-46f4-99f3-da84f9395149 HTTP/1.1" 200 3899
INFO 2024-04-14 14:46:06,295 basehttp 212 "GET /static/bootstrap/css/bootstrap.min.css.map HTTP/1.1" 200 562427
WARNING 2024-04-14 14:46:06,299 basehttp 212 "GET /static/js/axios.min.map HTTP/1.1" 404 1807
INFO 2024-04-14 14:48:39,257 autoreload 266 /Users/bloomberg/awvl/blog/users/views.py changed, reloading.
INFO 2024-04-14 14:48:39,540 autoreload 668 Watching for file changes with StatReloader
INFO 2024-04-14 14:50:08,491 autoreload 668 Watching for file changes with StatReloader
WARNING 2024-04-14 14:50:44,736 log 241 Not Found: /register/login.html
WARNING 2024-04-14 14:50:44,737 basehttp 212 "GET /register/login.html HTTP/1.1" 404 2641
WARNING 2024-04-14 14:50:46,343 log 241 Not Found: /register/index.html
WARNING 2024-04-14 14:50:46,344 basehttp 212 "GET /register/index.html HTTP/1.1" 404 2641
INFO 2024-04-14 14:50:49,822 basehttp 212 "GET / HTTP/1.1" 200 11962
INFO 2024-04-14 14:50:51,728 basehttp 212 "GET /static/detail.html HTTP/1.1" 200 8829
INFO 2024-04-14 14:50:51,743 basehttp 212 "GET /static/prism/prism.css HTTP/1.1" 200 4033
INFO 2024-04-14 14:50:51,744 basehttp 212 "GET /static/ckeditor/ckeditor-init.js HTTP/1.1" 200 2039
INFO 2024-04-14 14:50:51,746 basehttp 212 "GET /static/js/detail.js HTTP/1.1" 200 1294
INFO 2024-04-14 14:50:51,747 basehttp 212 "GET /static/ckeditor/ckeditor/plugins/prism/lib/prism/prism_patched.min.js HTTP/1.1" 200 99487
INFO 2024-04-14 14:50:51,749 basehttp 212 "GET /static/ckeditor/ckeditor/ckeditor.js HTTP/1.1" 200 690627
INFO 2024-04-14 14:50:51,811 basehttp 212 "GET /static/ckeditor/ckeditor/config.js?t=I3I8 HTTP/1.1" 200 338
INFO 2024-04-14 14:50:51,815 basehttp 212 "GET /static/ckeditor/ckeditor/lang/en.js?t=I3I8 HTTP/1.1" 200 19035
INFO 2024-04-14 14:50:51,815 basehttp 212 "GET /static/ckeditor/ckeditor/skins/moono-lisa/editor.css?t=I3I8 HTTP/1.1" 200 46921
INFO 2024-04-14 14:50:51,818 basehttp 212 "GET /static/ckeditor/ckeditor/styles.js?t=I3I8 HTTP/1.1" 200 5583
INFO 2024-04-14 14:50:51,821 basehttp 212 "GET /static/ckeditor/ckeditor/plugins/codesnippet/plugin.js?t=I3I8 HTTP/1.1" 200 3824
INFO 2024-04-14 14:50:51,821 basehttp 212 "GET /static/ckeditor/ckeditor/plugins/prism/plugin.js?t=I3I8 HTTP/1.1" 200 4333
INFO 2024-04-14 14:50:51,826 basehttp 212 "GET /static/ckeditor/ckeditor/plugins/scayt/dialogs/dialog.css HTTP/1.1" 200 419
INFO 2024-04-14 14:50:51,826 basehttp 212 "GET /static/ckeditor/ckeditor/plugins/scayt/skins/moono-lisa/scayt.css HTTP/1.1" 200 381
INFO 2024-04-14 14:50:51,827 basehttp 212 "GET /static/ckeditor/ckeditor/plugins/wsc/skins/moono-lisa/wsc.css HTTP/1.1" 200 1306
INFO 2024-04-14 14:50:51,827 basehttp 212 "GET /static/ckeditor/ckeditor/plugins/tableselection/styles/tableselection.css HTTP/1.1" 200 1082
INFO 2024-04-14 14:50:51,829 basehttp 212 "GET /static/ckeditor/ckeditor/plugins/codesnippet/lang/en.js?t=I3I8 HTTP/1.1" 200 369
INFO 2024-04-14 14:50:51,832 basehttp 212 "GET /static/ckeditor/ckeditor/plugins/copyformatting/styles/copyformatting.css HTTP/1.1" 200 1513
INFO 2024-04-14 14:50:51,841 basehttp 212 "GET /static/ckeditor/ckeditor/plugins/codesnippet/icons/hidpi/codesnippet.png?t=I3I8 HTTP/1.1" 200 1887
INFO 2024-04-14 14:50:51,841 basehttp 212 "GET /static/ckeditor/ckeditor/skins/moono-lisa/icons_hidpi.png?t=95e5d83 HTTP/1.1" 200 40265
INFO 2024-04-14 14:50:51,848 basehttp 212 "GET /static/ckeditor/ckeditor/plugins/prism/lib/prism/prism_patched.min.css HTTP/1.1" 200 2063
INFO 2024-04-14 14:50:51,848 basehttp 212 "GET /static/ckeditor/ckeditor/contents.css?t=I3I8 HTTP/1.1" 200 2954
INFO 2024-04-14 14:51:43,177 autoreload 668 Watching for file changes with StatReloader
ERROR 2024-04-14 14:51:47,930 log 241 Internal Server Error: /register/
Traceback (most recent call last):
  File "/Users/bloomberg/anaconda3/envs/awvl/lib/python3.11/site-packages/django/template/defaulttags.py", line 1034, in find_library
    return parser.libraries[name]
           ~~~~~~~~~~~~~~~~^^^^^^
KeyError: 'staticfiles'

During handling of the above exception, another exception occurred:

Traceback (most recent call last):
  File "/Users/bloomberg/anaconda3/envs/awvl/lib/python3.11/site-packages/django/core/handlers/exception.py", line 55, in inner
    response = get_response(request)
               ^^^^^^^^^^^^^^^^^^^^^
  File "/Users/bloomberg/anaconda3/envs/awvl/lib/python3.11/site-packages/django/core/handlers/base.py", line 197, in _get_response
    response = wrapped_callback(request, *callback_args, **callback_kwargs)
               ^^^^^^^^^^^^^^^^^^^^^^^^^^^^^^^^^^^^^^^^^^^^^^^^^^^^^^^^^^^^
  File "/Users/bloomberg/anaconda3/envs/awvl/lib/python3.11/site-packages/django/views/generic/base.py", line 104, in view
    return self.dispatch(request, *args, **kwargs)
           ^^^^^^^^^^^^^^^^^^^^^^^^^^^^^^^^^^^^^^^
  File "/Users/bloomberg/anaconda3/envs/awvl/lib/python3.11/site-packages/django/views/generic/base.py", line 143, in dispatch
    return handler(request, *args, **kwargs)
           ^^^^^^^^^^^^^^^^^^^^^^^^^^^^^^^^^
  File "/Users/bloomberg/awvl/blog/users/views.py", line 18, in get
    return render(request,'register.html')
           ^^^^^^^^^^^^^^^^^^^^^^^^^^^^^^^
  File "/Users/bloomberg/anaconda3/envs/awvl/lib/python3.11/site-packages/django/shortcuts.py", line 25, in render
    content = loader.render_to_string(template_name, context, request, using=using)
              ^^^^^^^^^^^^^^^^^^^^^^^^^^^^^^^^^^^^^^^^^^^^^^^^^^^^^^^^^^^^^^^^^^^^^
  File "/Users/bloomberg/anaconda3/envs/awvl/lib/python3.11/site-packages/django/template/loader.py", line 61, in render_to_string
    template = get_template(template_name, using=using)
               ^^^^^^^^^^^^^^^^^^^^^^^^^^^^^^^^^^^^^^^^
  File "/Users/bloomberg/anaconda3/envs/awvl/lib/python3.11/site-packages/django/template/loader.py", line 15, in get_template
    return engine.get_template(template_name)
           ^^^^^^^^^^^^^^^^^^^^^^^^^^^^^^^^^^
  File "/Users/bloomberg/anaconda3/envs/awvl/lib/python3.11/site-packages/django/template/backends/django.py", line 33, in get_template
    return Template(self.engine.get_template(template_name), self)
                    ^^^^^^^^^^^^^^^^^^^^^^^^^^^^^^^^^^^^^^^
  File "/Users/bloomberg/anaconda3/envs/awvl/lib/python3.11/site-packages/django/template/engine.py", line 177, in get_template
    template, origin = self.find_template(template_name)
                       ^^^^^^^^^^^^^^^^^^^^^^^^^^^^^^^^^
  File "/Users/bloomberg/anaconda3/envs/awvl/lib/python3.11/site-packages/django/template/engine.py", line 159, in find_template
    template = loader.get_template(name, skip=skip)
               ^^^^^^^^^^^^^^^^^^^^^^^^^^^^^^^^^^^^
  File "/Users/bloomberg/anaconda3/envs/awvl/lib/python3.11/site-packages/django/template/loaders/cached.py", line 57, in get_template
    template = super().get_template(template_name, skip)
               ^^^^^^^^^^^^^^^^^^^^^^^^^^^^^^^^^^^^^^^^^
  File "/Users/bloomberg/anaconda3/envs/awvl/lib/python3.11/site-packages/django/template/loaders/base.py", line 28, in get_template
    return Template(
           ^^^^^^^^^
  File "/Users/bloomberg/anaconda3/envs/awvl/lib/python3.11/site-packages/django/template/base.py", line 154, in __init__
    self.nodelist = self.compile_nodelist()
                    ^^^^^^^^^^^^^^^^^^^^^^^
  File "/Users/bloomberg/anaconda3/envs/awvl/lib/python3.11/site-packages/django/template/base.py", line 196, in compile_nodelist
    return parser.parse()
           ^^^^^^^^^^^^^^
  File "/Users/bloomberg/anaconda3/envs/awvl/lib/python3.11/site-packages/django/template/base.py", line 510, in parse
    raise self.error(token, e)
  File "/Users/bloomberg/anaconda3/envs/awvl/lib/python3.11/site-packages/django/template/base.py", line 508, in parse
    compiled_result = compile_func(self, token)
                      ^^^^^^^^^^^^^^^^^^^^^^^^^
  File "/Users/bloomberg/anaconda3/envs/awvl/lib/python3.11/site-packages/django/template/defaulttags.py", line 1096, in load
    lib = find_library(parser, name)
          ^^^^^^^^^^^^^^^^^^^^^^^^^^
  File "/Users/bloomberg/anaconda3/envs/awvl/lib/python3.11/site-packages/django/template/defaulttags.py", line 1036, in find_library
    raise TemplateSyntaxError(
django.template.exceptions.TemplateSyntaxError: 'staticfiles' is not a registered tag library. Must be one of:
admin_list
admin_modify
admin_urls
cache
i18n
l10n
log
static
tz
ERROR 2024-04-14 14:51:47,932 basehttp 212 "GET /register/ HTTP/1.1" 500 199065
INFO 2024-04-14 14:53:45,723 autoreload 668 Watching for file changes with StatReloader
ERROR 2024-04-14 14:53:48,213 log 241 Internal Server Error: /register/
Traceback (most recent call last):
  File "/Users/bloomberg/anaconda3/envs/awvl/lib/python3.11/site-packages/django/core/handlers/exception.py", line 55, in inner
    response = get_response(request)
               ^^^^^^^^^^^^^^^^^^^^^
  File "/Users/bloomberg/anaconda3/envs/awvl/lib/python3.11/site-packages/django/core/handlers/base.py", line 197, in _get_response
    response = wrapped_callback(request, *callback_args, **callback_kwargs)
               ^^^^^^^^^^^^^^^^^^^^^^^^^^^^^^^^^^^^^^^^^^^^^^^^^^^^^^^^^^^^
  File "/Users/bloomberg/anaconda3/envs/awvl/lib/python3.11/site-packages/django/views/generic/base.py", line 104, in view
    return self.dispatch(request, *args, **kwargs)
           ^^^^^^^^^^^^^^^^^^^^^^^^^^^^^^^^^^^^^^^
  File "/Users/bloomberg/anaconda3/envs/awvl/lib/python3.11/site-packages/django/views/generic/base.py", line 143, in dispatch
    return handler(request, *args, **kwargs)
           ^^^^^^^^^^^^^^^^^^^^^^^^^^^^^^^^^
  File "/Users/bloomberg/awvl/blog/users/views.py", line 18, in get
    return render(request,'register.html')
           ^^^^^^^^^^^^^^^^^^^^^^^^^^^^^^^
  File "/Users/bloomberg/anaconda3/envs/awvl/lib/python3.11/site-packages/django/shortcuts.py", line 25, in render
    content = loader.render_to_string(template_name, context, request, using=using)
              ^^^^^^^^^^^^^^^^^^^^^^^^^^^^^^^^^^^^^^^^^^^^^^^^^^^^^^^^^^^^^^^^^^^^^
  File "/Users/bloomberg/anaconda3/envs/awvl/lib/python3.11/site-packages/django/template/loader.py", line 62, in render_to_string
    return template.render(context, request)
           ^^^^^^^^^^^^^^^^^^^^^^^^^^^^^^^^^
  File "/Users/bloomberg/anaconda3/envs/awvl/lib/python3.11/site-packages/django/template/backends/django.py", line 61, in render
    return self.template.render(context)
           ^^^^^^^^^^^^^^^^^^^^^^^^^^^^^
  File "/Users/bloomberg/anaconda3/envs/awvl/lib/python3.11/site-packages/django/template/base.py", line 171, in render
    return self._render(context)
           ^^^^^^^^^^^^^^^^^^^^^
  File "/Users/bloomberg/anaconda3/envs/awvl/lib/python3.11/site-packages/django/template/base.py", line 163, in _render
    return self.nodelist.render(context)
           ^^^^^^^^^^^^^^^^^^^^^^^^^^^^^
  File "/Users/bloomberg/anaconda3/envs/awvl/lib/python3.11/site-packages/django/template/base.py", line 1000, in render
    return SafeString("".join([node.render_annotated(context) for node in self]))
                              ^^^^^^^^^^^^^^^^^^^^^^^^^^^^^^^^^^^^^^^^^^^^^^^^^
  File "/Users/bloomberg/anaconda3/envs/awvl/lib/python3.11/site-packages/django/template/base.py", line 1000, in <listcomp>
    return SafeString("".join([node.render_annotated(context) for node in self]))
                               ^^^^^^^^^^^^^^^^^^^^^^^^^^^^^^
  File "/Users/bloomberg/anaconda3/envs/awvl/lib/python3.11/site-packages/django/template/base.py", line 961, in render_annotated
    return self.render(context)
           ^^^^^^^^^^^^^^^^^^^^
  File "/Users/bloomberg/anaconda3/envs/awvl/lib/python3.11/site-packages/django/template/defaulttags.py", line 479, in render
    url = reverse(view_name, args=args, kwargs=kwargs, current_app=current_app)
          ^^^^^^^^^^^^^^^^^^^^^^^^^^^^^^^^^^^^^^^^^^^^^^^^^^^^^^^^^^^^^^^^^^^^^
  File "/Users/bloomberg/anaconda3/envs/awvl/lib/python3.11/site-packages/django/urls/base.py", line 88, in reverse
    return resolver._reverse_with_prefix(view, prefix, *args, **kwargs)
           ^^^^^^^^^^^^^^^^^^^^^^^^^^^^^^^^^^^^^^^^^^^^^^^^^^^^^^^^^^^^
  File "/Users/bloomberg/anaconda3/envs/awvl/lib/python3.11/site-packages/django/urls/resolvers.py", line 851, in _reverse_with_prefix
    raise NoReverseMatch(msg)
django.urls.exceptions.NoReverseMatch: Reverse for 'writeblog' not found. 'writeblog' is not a valid view function or pattern name.
ERROR 2024-04-14 14:53:48,215 basehttp 212 "GET /register/ HTTP/1.1" 500 134568
INFO 2024-04-14 14:54:46,298 autoreload 668 Watching for file changes with StatReloader
INFO 2024-04-14 14:54:48,575 basehttp 212 "GET /register/ HTTP/1.1" 200 5319
INFO 2024-04-14 14:54:48,622 basehttp 212 "GET /imagecode/?uuid=edc3623b-aabd-43b3-8974-c9a82a7a64fd HTTP/1.1" 200 2956
INFO 2024-04-14 14:55:12,172 basehttp 212 "POST /register/ HTTP/1.1" 302 0
INFO 2024-04-14 14:55:12,174 basehttp 212 "GET / HTTP/1.1" 200 11962
INFO 2024-04-14 14:56:08,453 autoreload 668 Watching for file changes with StatReloader
INFO 2024-04-14 14:56:12,037 basehttp 212 "GET /register/ HTTP/1.1" 200 5080
INFO 2024-04-14 14:56:12,071 basehttp 212 "GET /imagecode/?uuid=21152c0a-9d91-4e77-8d32-15aec56fbf32 HTTP/1.1" 200 3030
INFO 2024-04-14 14:56:47,598 autoreload 668 Watching for file changes with StatReloader
INFO 2024-04-14 14:56:49,999 basehttp 212 "GET /register/ HTTP/1.1" 200 5196
INFO 2024-04-14 14:56:50,029 basehttp 212 "GET /imagecode/?uuid=9e4fda11-63e4-4a00-befe-dac08ec37f45 HTTP/1.1" 200 3245
INFO 2024-04-14 14:57:09,317 basehttp 212 "POST /register/ HTTP/1.1" 302 0
INFO 2024-04-14 14:57:09,320 basehttp 212 "GET / HTTP/1.1" 200 11962
INFO 2024-04-14 14:57:41,899 autoreload 668 Watching for file changes with StatReloader
INFO 2024-04-14 14:57:43,315 basehttp 212 "GET /register/ HTTP/1.1" 200 5067
INFO 2024-04-14 14:57:43,348 basehttp 212 "GET /imagecode/?uuid=522536a8-3237-48b9-a363-c5698f5ca11d HTTP/1.1" 200 3204
INFO 2024-04-14 14:57:55,412 basehttp 212 "POST /register/ HTTP/1.1" 302 0
INFO 2024-04-14 14:57:55,415 basehttp 212 "GET / HTTP/1.1" 200 11962
INFO 2024-04-14 14:58:11,440 autoreload 668 Watching for file changes with StatReloader
INFO 2024-04-14 14:58:17,136 basehttp 212 "GET /register/ HTTP/1.1" 200 5010
INFO 2024-04-14 14:58:17,176 basehttp 212 "GET /imagecode/?uuid=f38f91b2-64a6-4dac-8be5-ae9b4abaf90d HTTP/1.1" 200 3154
INFO 2024-04-14 14:58:36,330 basehttp 212 "POST /register/ HTTP/1.1" 302 0
INFO 2024-04-14 14:58:36,334 basehttp 212 "GET / HTTP/1.1" 200 11962
INFO 2024-04-14 14:58:54,294 autoreload 668 Watching for file changes with StatReloader
INFO 2024-04-14 14:58:56,108 basehttp 212 "GET /register/ HTTP/1.1" 200 4892
INFO 2024-04-14 14:58:56,148 basehttp 212 "GET /imagecode/?uuid=808754ea-e1eb-455b-88a0-05578de439fd HTTP/1.1" 200 2992
INFO 2024-04-14 14:59:10,833 basehttp 212 "POST /register/ HTTP/1.1" 302 0
INFO 2024-04-14 14:59:10,836 basehttp 212 "GET / HTTP/1.1" 200 11962
INFO 2024-04-14 15:02:05,736 autoreload 668 Watching for file changes with StatReloader
INFO 2024-04-14 15:02:08,204 basehttp 212 "GET /register/ HTTP/1.1" 200 4511
INFO 2024-04-14 15:02:08,241 basehttp 212 "GET /imagecode/?uuid=1bc149ec-e563-426b-8108-757787f994a6 HTTP/1.1" 200 3101
INFO 2024-04-14 15:05:41,206 autoreload 668 Watching for file changes with StatReloader
INFO 2024-04-14 15:05:44,804 basehttp 212 "GET /register/ HTTP/1.1" 200 4511
INFO 2024-04-14 15:05:44,842 basehttp 212 "GET /imagecode/?uuid=37b2155e-671c-461b-9a24-2509a76af77e HTTP/1.1" 200 3062
INFO 2024-04-14 15:06:44,492 basehttp 212 "GET /register/ HTTP/1.1" 200 5319
INFO 2024-04-14 15:06:44,518 basehttp 212 "GET /imagecode/?uuid=1386bdd6-da64-4bbd-a8b2-d358a6aa4b07 HTTP/1.1" 200 3332
INFO 2024-04-14 15:06:56,031 basehttp 212 "POST /register/ HTTP/1.1" 302 0
INFO 2024-04-14 15:06:56,035 basehttp 212 "GET / HTTP/1.1" 200 11962
INFO 2024-04-14 15:08:12,386 autoreload 668 Watching for file changes with StatReloader
INFO 2024-04-14 15:08:16,100 basehttp 212 "GET /register/ HTTP/1.1" 200 4892
INFO 2024-04-14 15:08:16,123 basehttp 212 "GET /imagecode/?uuid=be05ea3f-80e0-402e-9105-d34469015907 HTTP/1.1" 200 3118
ERROR 2024-04-14 15:08:28,334 views 66 (1062, "Duplicate entry '13753903994' for key 'tb_users.username'")
WARNING 2024-04-14 15:08:28,334 log 241 Bad Request: /register/
WARNING 2024-04-14 15:08:28,334 basehttp 212 "POST /register/ HTTP/1.1" 400 12
INFO 2024-04-14 15:08:29,809 basehttp 212 "GET /imagecode/?uuid=1eac07dc-6919-44e0-adf9-b1bb9aeec254 HTTP/1.1" 200 3148
INFO 2024-04-14 15:08:58,459 basehttp 212 "POST /register/ HTTP/1.1" 302 0
INFO 2024-04-14 15:08:58,460 basehttp 212 "GET / HTTP/1.1" 200 11962
INFO 2024-04-14 15:09:12,961 autoreload 668 Watching for file changes with StatReloader
INFO 2024-04-14 15:09:14,275 basehttp 212 "GET /register/ HTTP/1.1" 200 4875
INFO 2024-04-14 15:09:14,303 basehttp 212 "GET /imagecode/?uuid=39e673f6-77a1-4d5a-8b8d-6b872068568a HTTP/1.1" 200 2994
INFO 2024-04-14 15:09:29,488 autoreload 668 Watching for file changes with StatReloader
INFO 2024-04-14 15:09:32,196 basehttp 212 "GET /register/ HTTP/1.1" 200 4820
INFO 2024-04-14 15:09:32,224 basehttp 212 "GET /imagecode/?uuid=749a63b4-7282-4fe6-8496-07004b417b5d HTTP/1.1" 200 3132
INFO 2024-04-14 15:09:45,050 basehttp 212 "POST /register/ HTTP/1.1" 302 0
INFO 2024-04-14 15:09:45,052 basehttp 212 "GET / HTTP/1.1" 200 11962
INFO 2024-04-14 15:10:08,434 autoreload 668 Watching for file changes with StatReloader
INFO 2024-04-14 15:10:13,368 basehttp 212 "POST /register/ HTTP/1.1" 302 0
INFO 2024-04-14 15:10:13,372 basehttp 212 "GET / HTTP/1.1" 200 11962
INFO 2024-04-14 15:10:33,674 basehttp 212 "GET /register/ HTTP/1.1" 200 4739
INFO 2024-04-14 15:10:33,708 basehttp 212 "GET /imagecode/?uuid=df9e223d-afcb-4605-9ad5-fcbf443db8e6 HTTP/1.1" 200 3375
INFO 2024-04-14 15:11:10,664 basehttp 212 "GET /register/ HTTP/1.1" 200 4665
INFO 2024-04-14 15:11:10,687 basehttp 212 "GET /imagecode/?uuid=b5042ecc-ceb9-4ca2-9bf6-4b15a4b44a25 HTTP/1.1" 200 2924
INFO 2024-04-14 15:11:36,009 autoreload 668 Watching for file changes with StatReloader
INFO 2024-04-14 15:11:38,272 basehttp 212 "GET /register/ HTTP/1.1" 200 4654
INFO 2024-04-14 15:11:38,301 basehttp 212 "GET /imagecode/?uuid=cd992a2c-fe48-4099-b495-1b82b412ab23 HTTP/1.1" 200 2845
INFO 2024-04-14 15:11:52,033 basehttp 212 "POST /register/ HTTP/1.1" 302 0
INFO 2024-04-14 15:11:52,036 basehttp 212 "GET / HTTP/1.1" 200 11962
INFO 2024-04-14 15:14:26,811 autoreload 668 Watching for file changes with StatReloader
INFO 2024-04-14 15:14:30,150 basehttp 212 "GET /register/ HTTP/1.1" 200 4654
INFO 2024-04-14 15:14:30,187 basehttp 212 "GET /imagecode/?uuid=86e7c219-641d-4196-8557-f6cb70d763ed HTTP/1.1" 200 3284
INFO 2024-04-14 15:14:43,382 basehttp 212 "POST /register/ HTTP/1.1" 302 0
INFO 2024-04-14 15:14:43,384 basehttp 212 "GET / HTTP/1.1" 200 11962
INFO 2024-04-14 15:15:20,312 autoreload 668 Watching for file changes with StatReloader
INFO 2024-04-14 15:15:22,646 basehttp 212 "GET /register/ HTTP/1.1" 200 4511
INFO 2024-04-14 15:15:22,682 basehttp 212 "GET /imagecode/?uuid=c17191dc-7fb4-4f96-a35f-b1588995b586 HTTP/1.1" 200 3425
INFO 2024-04-14 15:15:55,605 autoreload 668 Watching for file changes with StatReloader
INFO 2024-04-14 15:15:58,160 basehttp 212 "GET /register/ HTTP/1.1" 200 4654
INFO 2024-04-14 15:15:58,187 basehttp 212 "GET /imagecode/?uuid=643506c5-590e-494d-a57f-a4cf6925776c HTTP/1.1" 200 3421
INFO 2024-04-14 15:16:19,743 autoreload 668 Watching for file changes with StatReloader
INFO 2024-04-14 15:16:25,960 basehttp 212 "GET /imagecode/?uuid=77ae8fe0-bd3e-422b-8416-9b5f147b5430 HTTP/1.1" 200 3021
INFO 2024-04-14 15:16:26,891 basehttp 212 "GET /register/ HTTP/1.1" 200 4654
INFO 2024-04-14 15:16:26,911 basehttp 212 "GET /imagecode/?uuid=48146d9d-6da0-4a3a-9509-7eb43ef79a01 HTTP/1.1" 200 3219
INFO 2024-04-14 15:16:47,772 basehttp 212 "POST /register/ HTTP/1.1" 302 0
INFO 2024-04-14 15:16:47,777 basehttp 212 "GET / HTTP/1.1" 200 11962
INFO 2024-04-14 15:17:01,215 autoreload 668 Watching for file changes with StatReloader
INFO 2024-04-14 15:17:04,099 basehttp 212 "GET /register/ HTTP/1.1" 200 4535
INFO 2024-04-14 15:17:04,132 basehttp 212 "GET /imagecode/?uuid=b6af107d-67de-4412-9bc9-876642f1bf71 HTTP/1.1" 200 2594
INFO 2024-04-14 15:22:32,495 autoreload 668 Watching for file changes with StatReloader
INFO 2024-04-14 15:22:34,501 basehttp 212 "GET /register/ HTTP/1.1" 200 4587
INFO 2024-04-14 15:22:34,547 basehttp 212 "GET /imagecode/?uuid=daaec087-ce69-42e9-a6e3-d1847a030516 HTTP/1.1" 200 3342
INFO 2024-04-14 15:22:41,676 autoreload 668 Watching for file changes with StatReloader
INFO 2024-04-14 15:22:43,830 basehttp 212 "GET /register/ HTTP/1.1" 200 4654
INFO 2024-04-14 15:22:43,860 basehttp 212 "GET /imagecode/?uuid=932e99c7-96ec-4d31-b31d-5afbdbc06d2a HTTP/1.1" 200 3329
INFO 2024-04-14 15:22:55,301 autoreload 668 Watching for file changes with StatReloader
INFO 2024-04-14 15:22:57,941 basehttp 212 "GET /register/ HTTP/1.1" 200 4642
INFO 2024-04-14 15:22:57,972 basehttp 212 "GET /imagecode/?uuid=01bce907-4b9d-45bf-9792-88ed67449e01 HTTP/1.1" 200 2998
INFO 2024-04-14 15:23:22,972 basehttp 212 "GET /register/ HTTP/1.1" 200 4642
INFO 2024-04-14 15:23:22,994 basehttp 212 "GET /imagecode/?uuid=5bff8241-88f3-474d-a319-677b4e67a0ff HTTP/1.1" 200 3272
INFO 2024-04-14 15:23:41,058 basehttp 212 "POST /register/ HTTP/1.1" 302 0
INFO 2024-04-14 15:23:41,061 basehttp 212 "GET / HTTP/1.1" 200 11962
INFO 2024-04-14 15:23:51,755 autoreload 668 Watching for file changes with StatReloader
INFO 2024-04-14 15:23:54,391 basehttp 212 "GET /register/ HTTP/1.1" 200 4635
INFO 2024-04-14 15:23:54,427 basehttp 212 "GET /imagecode/?uuid=65a16a0c-6b98-420a-812c-ca3ffdc79428 HTTP/1.1" 200 2722
INFO 2024-04-14 15:24:01,237 autoreload 668 Watching for file changes with StatReloader
INFO 2024-04-14 15:24:02,865 basehttp 212 "GET /register/ HTTP/1.1" 200 4636
INFO 2024-04-14 15:24:02,883 basehttp 212 "GET /imagecode/?uuid=c30a16d2-b680-4322-9f0b-b7077a606569 HTTP/1.1" 200 3236
INFO 2024-04-14 15:24:47,063 autoreload 668 Watching for file changes with StatReloader
INFO 2024-04-14 15:24:49,313 basehttp 212 "GET /register/ HTTP/1.1" 200 4645
INFO 2024-04-14 15:24:49,345 basehttp 212 "GET /imagecode/?uuid=96a09d85-2c7a-4fa4-a1bf-cfe3aa002cde HTTP/1.1" 200 3355
INFO 2024-04-14 15:25:08,200 autoreload 668 Watching for file changes with StatReloader
INFO 2024-04-14 15:25:32,943 autoreload 668 Watching for file changes with StatReloader
INFO 2024-04-14 15:27:42,240 autoreload 668 Watching for file changes with StatReloader
INFO 2024-04-14 15:27:48,049 autoreload 668 Watching for file changes with StatReloader
INFO 2024-04-14 15:28:00,601 basehttp 212 "GET / HTTP/1.1" 200 11962
INFO 2024-04-14 15:28:00,684 basehttp 212 "GET /static/common/jquery.pagination.css HTTP/1.1" 200 523
INFO 2024-04-14 15:28:00,687 basehttp 212 "GET /static/md_css/monokai.css HTTP/1.1" 200 4118
INFO 2024-04-14 15:28:00,687 basehttp 212 "GET /static/common/common.css HTTP/1.1" 200 381
INFO 2024-04-14 15:28:00,696 basehttp 212 "GET /static/img/1.jpg HTTP/1.1" 200 78682
INFO 2024-04-14 15:28:05,118 basehttp 212 "GET / HTTP/1.1" 200 11962
INFO 2024-04-14 15:28:05,474 basehttp 212 "GET /register/ HTTP/1.1" 200 4512
INFO 2024-04-14 15:28:05,511 basehttp 212 "GET /imagecode/?uuid=8173ba72-d300-4f14-a981-3106e5003325 HTTP/1.1" 200 3313
INFO 2024-04-14 15:31:58,380 autoreload 668 Watching for file changes with StatReloader
INFO 2024-04-14 15:32:02,175 basehttp 212 "GET /register/ HTTP/1.1" 200 4642
INFO 2024-04-14 15:32:02,214 basehttp 212 "GET /imagecode/?uuid=695bcbf6-527a-4c8a-9ff6-f399846f2035 HTTP/1.1" 200 3111
INFO 2024-04-14 15:32:29,268 basehttp 212 "POST /register/ HTTP/1.1" 302 0
INFO 2024-04-14 15:32:29,279 basehttp 212 "GET / HTTP/1.1" 200 11962
INFO 2024-04-14 15:46:40,363 autoreload 668 Watching for file changes with StatReloader
INFO 2024-04-14 15:47:06,365 autoreload 668 Watching for file changes with StatReloader
INFO 2024-04-14 15:47:11,757 basehttp 212 "GET / HTTP/1.1" 200 11962
INFO 2024-04-14 15:47:14,607 basehttp 212 "GET / HTTP/1.1" 200 11962
INFO 2024-04-14 15:47:15,773 basehttp 212 "GET /register/ HTTP/1.1" 200 4642
INFO 2024-04-14 15:47:15,861 basehttp 212 "GET /imagecode/?uuid=78b3d524-b363-4ac0-b9be-03d8c122a3fd HTTP/1.1" 200 3332
INFO 2024-04-14 15:47:47,219 autoreload 668 Watching for file changes with StatReloader
INFO 2024-04-14 15:47:51,590 basehttp 212 "GET /register/ HTTP/1.1" 200 4512
INFO 2024-04-14 15:47:51,626 basehttp 212 "GET /imagecode/?uuid=a6f5f763-8a45-42e9-9291-1625330da633 HTTP/1.1" 200 3157
INFO 2024-04-14 15:53:43,565 basehttp 212 "GET /static/bootstrap/css/bootstrap.min.css.map HTTP/1.1" 200 562427
WARNING 2024-04-14 15:53:43,570 basehttp 212 "GET /static/js/axios.min.map HTTP/1.1" 404 1807
INFO 2024-04-14 15:54:34,721 autoreload 668 Watching for file changes with StatReloader
INFO 2024-04-14 15:54:40,349 autoreload 668 Watching for file changes with StatReloader
INFO 2024-04-14 15:54:53,252 autoreload 668 Watching for file changes with StatReloader
INFO 2024-04-14 15:54:58,668 basehttp 212 "GET /register/ HTTP/1.1" 200 4642
INFO 2024-04-14 15:54:58,718 basehttp 212 "GET /imagecode/?uuid=e0ef59e5-fe7c-497d-9bde-68abefa5822f HTTP/1.1" 200 2976
INFO 2024-04-14 15:55:22,165 basehttp 212 "POST /register/ HTTP/1.1" 302 0
INFO 2024-04-14 15:55:22,172 basehttp 212 "GET / HTTP/1.1" 200 11962
INFO 2024-04-14 15:57:03,032 autoreload 668 Watching for file changes with StatReloader
INFO 2024-04-14 15:57:13,603 autoreload 668 Watching for file changes with StatReloader
INFO 2024-04-14 15:57:18,480 basehttp 212 "GET /register/ HTTP/1.1" 200 4511
INFO 2024-04-14 15:57:18,555 basehttp 212 "GET /imagecode/?uuid=dbeb55aa-7da0-4833-9117-9c8155eee323 HTTP/1.1" 200 3114
INFO 2024-04-14 15:58:35,811 autoreload 668 Watching for file changes with StatReloader
INFO 2024-04-14 15:58:39,196 basehttp 212 "GET /register/ HTTP/1.1" 200 4642
INFO 2024-04-14 15:58:39,237 basehttp 212 "GET /imagecode/?uuid=6f225bb4-1466-4063-a77d-d98dc979e024 HTTP/1.1" 200 3319
INFO 2024-04-14 15:58:55,361 basehttp 212 "POST /register/ HTTP/1.1" 302 0
INFO 2024-04-14 15:58:55,371 basehttp 212 "GET / HTTP/1.1" 200 11962
INFO 2024-04-14 15:59:20,621 autoreload 668 Watching for file changes with StatReloader
INFO 2024-04-14 15:59:24,112 basehttp 212 "GET /register/ HTTP/1.1" 200 4642
INFO 2024-04-14 15:59:24,149 basehttp 212 "GET /imagecode/?uuid=86500809-4a4a-4aeb-8e09-07af2005e194 HTTP/1.1" 200 3313
INFO 2024-04-14 15:59:44,224 basehttp 212 "POST /register/ HTTP/1.1" 302 0
INFO 2024-04-14 15:59:44,234 basehttp 212 "GET / HTTP/1.1" 200 11962
INFO 2024-04-14 16:05:24,414 autoreload 266 /Users/bloomberg/awvl/blog/users/views.py changed, reloading.
INFO 2024-04-14 16:05:24,723 autoreload 668 Watching for file changes with StatReloader
INFO 2024-04-14 16:05:40,035 autoreload 266 /Users/bloomberg/awvl/blog/users/urls.py changed, reloading.
INFO 2024-04-14 16:05:40,304 autoreload 668 Watching for file changes with StatReloader
INFO 2024-04-14 16:05:42,472 autoreload 266 /Users/bloomberg/awvl/blog/users/urls.py changed, reloading.
INFO 2024-04-14 16:05:42,687 autoreload 668 Watching for file changes with StatReloader
INFO 2024-04-14 16:08:19,760 autoreload 668 Watching for file changes with StatReloader
WARNING 2024-04-14 16:08:24,540 log 241 Not Found: /imagecode/
WARNING 2024-04-14 16:08:24,541 basehttp 212 "GET /imagecode/?uuid=9f566a79-236f-4c0b-9ef8-c9ed93f9f1d7 HTTP/1.1" 404 2481
INFO 2024-04-14 16:08:25,744 basehttp 212 "GET /register/ HTTP/1.1" 200 3955
ERROR 2024-04-14 16:08:37,916 views 66 (1062, "Duplicate entry '13753903994' for key 'tb_users.username'")
WARNING 2024-04-14 16:08:37,917 log 241 Bad Request: /register/
WARNING 2024-04-14 16:08:37,917 basehttp 212 "POST /register/ HTTP/1.1" 400 12
INFO 2024-04-14 16:09:08,622 basehttp 212 "POST /register/ HTTP/1.1" 302 0
INFO 2024-04-14 16:09:08,628 basehttp 212 "GET / HTTP/1.1" 200 11962
INFO 2024-04-14 16:09:18,375 autoreload 668 Watching for file changes with StatReloader
INFO 2024-04-14 16:09:19,859 basehttp 212 "GET /register/ HTTP/1.1" 200 3696
INFO 2024-04-14 16:10:53,121 autoreload 668 Watching for file changes with StatReloader
INFO 2024-04-14 16:11:00,162 basehttp 212 "GET /register/ HTTP/1.1" 200 3936
INFO 2024-04-14 16:11:11,852 basehttp 212 "POST /register/ HTTP/1.1" 302 0
INFO 2024-04-14 16:11:11,859 basehttp 212 "GET / HTTP/1.1" 200 11962
INFO 2024-04-14 16:12:21,517 autoreload 266 /Users/bloomberg/awvl/blog/users/views.py changed, reloading.
INFO 2024-04-14 16:12:21,795 autoreload 668 Watching for file changes with StatReloader
INFO 2024-04-14 16:12:26,968 autoreload 266 /Users/bloomberg/awvl/blog/users/views.py changed, reloading.
INFO 2024-04-14 16:12:27,167 autoreload 668 Watching for file changes with StatReloader
INFO 2024-04-14 16:12:28,304 autoreload 266 /Users/bloomberg/awvl/blog/users/views.py changed, reloading.
INFO 2024-04-14 16:12:28,501 autoreload 668 Watching for file changes with StatReloader
INFO 2024-04-14 16:12:29,625 autoreload 668 Watching for file changes with StatReloader
INFO 2024-04-14 16:12:33,694 basehttp 212 "GET / HTTP/1.1" 200 11962
INFO 2024-04-14 16:12:35,073 basehttp 212 "GET / HTTP/1.1" 200 11962
INFO 2024-04-14 16:12:37,124 basehttp 212 "GET / HTTP/1.1" 200 11962
INFO 2024-04-14 16:12:37,256 basehttp 212 "GET /register/ HTTP/1.1" 200 3955
INFO 2024-04-14 16:12:51,016 autoreload 668 Watching for file changes with StatReloader
INFO 2024-04-14 16:13:18,095 basehttp 212 "POST /register/ HTTP/1.1" 302 0
INFO 2024-04-14 16:13:18,107 basehttp 212 "GET / HTTP/1.1" 200 11962
INFO 2024-04-14 16:13:23,241 autoreload 668 Watching for file changes with StatReloader
INFO 2024-04-14 16:13:25,161 basehttp 212 "GET /register/ HTTP/1.1" 200 3694
INFO 2024-04-14 16:33:43,292 autoreload 668 Watching for file changes with StatReloader
INFO 2024-04-14 16:33:50,931 basehttp 212 "GET /register/ HTTP/1.1" 200 3956
INFO 2024-04-14 16:35:47,796 autoreload 668 Watching for file changes with StatReloader
INFO 2024-04-14 16:35:53,958 basehttp 212 "GET /register/ HTTP/1.1" 200 3956
INFO 2024-04-14 16:36:15,789 autoreload 668 Watching for file changes with StatReloader
INFO 2024-04-14 16:36:35,297 basehttp 212 "POST /register/ HTTP/1.1" 302 0
INFO 2024-04-14 16:36:35,307 basehttp 212 "GET / HTTP/1.1" 200 11962
INFO 2024-04-14 16:36:51,194 autoreload 668 Watching for file changes with StatReloader
INFO 2024-04-14 16:36:57,793 basehttp 212 "GET /register/ HTTP/1.1" 200 3826
INFO 2024-04-14 16:37:14,937 basehttp 212 "POST /register/ HTTP/1.1" 302 0
INFO 2024-04-14 16:37:14,947 basehttp 212 "GET / HTTP/1.1" 200 11962
INFO 2024-04-14 16:37:25,050 autoreload 668 Watching for file changes with StatReloader
INFO 2024-04-14 16:37:26,907 basehttp 212 "GET /register/ HTTP/1.1" 200 3697
INFO 2024-04-14 16:38:18,067 autoreload 668 Watching for file changes with StatReloader
INFO 2024-04-14 16:38:23,710 autoreload 668 Watching for file changes with StatReloader
INFO 2024-04-14 16:38:31,456 basehttp 212 "GET /register/ HTTP/1.1" 200 3825
INFO 2024-04-14 16:38:41,462 basehttp 212 "POST /register/ HTTP/1.1" 302 0
INFO 2024-04-14 16:38:41,468 basehttp 212 "GET / HTTP/1.1" 200 11962
ERROR 2024-04-14 16:41:21,852 views 61 (1062, "Duplicate entry '13821713421' for key 'tb_users.username'")
WARNING 2024-04-14 16:41:21,852 log 241 Bad Request: /register/
WARNING 2024-04-14 16:41:21,852 basehttp 212 "POST /register/ HTTP/1.1" 400 12
INFO 2024-04-14 16:41:28,971 basehttp 212 "POST /register/ HTTP/1.1" 302 0
INFO 2024-04-14 16:41:28,981 basehttp 212 "GET / HTTP/1.1" 200 11962
INFO 2024-04-14 16:47:03,180 autoreload 668 Watching for file changes with StatReloader
INFO 2024-04-14 16:47:07,242 basehttp 212 "GET /register/ HTTP/1.1" 200 3825
INFO 2024-04-14 16:47:21,874 basehttp 212 "POST /register/ HTTP/1.1" 302 0
INFO 2024-04-14 16:47:21,885 basehttp 212 "GET / HTTP/1.1" 200 11962
INFO 2024-04-14 16:47:26,763 autoreload 668 Watching for file changes with StatReloader
INFO 2024-04-14 16:47:31,126 basehttp 212 "GET /register/ HTTP/1.1" 200 3723
INFO 2024-04-14 16:50:41,523 autoreload 668 Watching for file changes with StatReloader
INFO 2024-04-14 16:50:51,271 basehttp 212 "GET / HTTP/1.1" 200 11962
INFO 2024-04-14 16:50:52,825 basehttp 212 "GET / HTTP/1.1" 200 11962
WARNING 2024-04-14 16:50:54,502 log 241 Not Found: /re
WARNING 2024-04-14 16:50:54,502 basehttp 212 "GET /re HTTP/1.1" 404 2415
INFO 2024-04-14 16:50:58,128 basehttp 212 "GET /register/ HTTP/1.1" 200 3697
INFO 2024-04-14 16:52:40,120 autoreload 668 Watching for file changes with StatReloader
INFO 2024-04-14 16:52:42,648 basehttp 212 "GET /register/ HTTP/1.1" 200 3754
INFO 2024-04-14 16:52:55,233 basehttp 212 "POST /register/ HTTP/1.1" 302 0
INFO 2024-04-14 16:52:55,241 basehttp 212 "GET / HTTP/1.1" 200 11962
INFO 2024-04-14 16:53:13,584 basehttp 212 "GET /static/write_blog.html HTTP/1.1" 200 5739
INFO 2024-04-14 16:53:13,611 basehttp 212 "GET /static/ckeditor/ckeditor-init.js HTTP/1.1" 200 2039
INFO 2024-04-14 16:53:13,613 basehttp 212 "GET /static/js/write_blog.js HTTP/1.1" 200 521
INFO 2024-04-14 16:53:13,615 basehttp 212 "GET /static/ckeditor/ckeditor/ckeditor.js HTTP/1.1" 200 690627
INFO 2024-04-14 16:53:13,646 basehttp 212 "GET /static/ckeditor/ckeditor/config.js?t=I3I8 HTTP/1.1" 200 338
INFO 2024-04-14 16:53:13,650 basehttp 212 "GET /static/ckeditor/ckeditor/lang/zh-cn.js?t=I3I8 HTTP/1.1" 200 18818
INFO 2024-04-14 16:53:13,650 basehttp 212 "GET /static/ckeditor/ckeditor/skins/moono-lisa/editor.css?t=I3I8 HTTP/1.1" 200 46921
INFO 2024-04-14 16:53:13,655 basehttp 212 "GET /static/ckeditor/ckeditor/styles.js?t=I3I8 HTTP/1.1" 200 5583
INFO 2024-04-14 16:53:13,660 basehttp 212 "GET /static/ckeditor/ckeditor/plugins/scayt/skins/moono-lisa/scayt.css HTTP/1.1" 200 381
INFO 2024-04-14 16:53:13,661 basehttp 212 "GET /static/ckeditor/ckeditor/plugins/tableselection/styles/tableselection.css HTTP/1.1" 200 1082
INFO 2024-04-14 16:53:13,661 basehttp 212 "GET /static/ckeditor/ckeditor/plugins/scayt/dialogs/dialog.css HTTP/1.1" 200 419
INFO 2024-04-14 16:53:13,661 basehttp 212 "GET /static/ckeditor/ckeditor/plugins/copyformatting/styles/copyformatting.css HTTP/1.1" 200 1513
INFO 2024-04-14 16:53:13,662 basehttp 212 "GET /static/ckeditor/ckeditor/plugins/wsc/skins/moono-lisa/wsc.css HTTP/1.1" 200 1306
INFO 2024-04-14 16:53:13,679 basehttp 212 "GET /static/ckeditor/ckeditor/contents.css?t=I3I8 HTTP/1.1" 200 2954
INFO 2024-04-14 16:53:13,683 basehttp 212 "GET /static/ckeditor/ckeditor/skins/moono-lisa/icons_hidpi.png?t=95e5d83 HTTP/1.1" 200 40265
INFO 2024-04-14 16:53:15,688 basehttp 212 "GET /static/login.html HTTP/1.1" 200 3117
INFO 2024-04-14 16:58:42,421 autoreload 668 Watching for file changes with StatReloader
INFO 2024-04-14 16:58:45,664 basehttp 212 "GET /register/ HTTP/1.1" 200 3844
INFO 2024-04-14 16:58:53,250 autoreload 668 Watching for file changes with StatReloader
INFO 2024-04-14 16:58:55,419 basehttp 212 "GET /register/ HTTP/1.1" 200 3841
INFO 2024-04-14 16:59:41,455 autoreload 668 Watching for file changes with StatReloader
INFO 2024-04-14 16:59:43,891 basehttp 212 "GET /register/ HTTP/1.1" 200 3830
INFO 2024-04-14 17:00:19,177 autoreload 668 Watching for file changes with StatReloader
INFO 2024-04-14 17:00:21,936 basehttp 212 "GET /register/ HTTP/1.1" 200 3798
INFO 2024-04-14 17:00:48,557 autoreload 668 Watching for file changes with StatReloader
INFO 2024-04-14 17:15:20,591 autoreload 668 Watching for file changes with StatReloader
WARNING 2024-04-14 17:15:25,648 log 241 Not Found: /users/register/
WARNING 2024-04-14 17:15:25,648 basehttp 212 "GET /users/register/ HTTP/1.1" 404 2454
INFO 2024-04-14 17:15:30,555 basehttp 212 "GET /register/ HTTP/1.1" 200 3794
INFO 2024-04-14 17:15:42,065 basehttp 212 "POST /register/ HTTP/1.1" 302 0
INFO 2024-04-14 17:15:42,074 basehttp 212 "GET / HTTP/1.1" 200 11962
INFO 2024-04-14 17:15:48,142 basehttp 212 "GET / HTTP/1.1" 200 11962
WARNING 2024-04-14 17:15:48,365 log 241 Not Found: /favicon.ico
WARNING 2024-04-14 17:15:48,366 basehttp 212 "GET /favicon.ico HTTP/1.1" 404 2442
INFO 2024-04-14 17:15:50,564 basehttp 212 "GET /register/ HTTP/1.1" 200 3794
INFO 2024-04-14 17:15:57,368 autoreload 668 Watching for file changes with StatReloader
INFO 2024-04-14 17:15:58,762 basehttp 212 "GET /register/ HTTP/1.1" 200 3695
INFO 2024-04-14 17:22:06,560 autoreload 668 Watching for file changes with StatReloader
INFO 2024-04-14 17:22:07,994 basehttp 212 "GET /register/ HTTP/1.1" 200 3789
INFO 2024-04-14 17:23:20,911 autoreload 668 Watching for file changes with StatReloader
INFO 2024-04-14 17:23:22,348 basehttp 212 "GET /register/ HTTP/1.1" 200 3807
INFO 2024-04-14 17:23:43,460 autoreload 668 Watching for file changes with StatReloader
INFO 2024-04-14 17:23:45,657 basehttp 212 "GET /register/ HTTP/1.1" 200 3807
INFO 2024-04-14 17:26:25,792 autoreload 668 Watching for file changes with StatReloader
INFO 2024-04-14 17:26:28,726 basehttp 212 "GET /register/ HTTP/1.1" 200 3804
INFO 2024-04-14 17:26:38,250 basehttp 212 "POST /register/ HTTP/1.1" 302 0
INFO 2024-04-14 17:26:38,254 basehttp 212 "GET / HTTP/1.1" 200 11962
ERROR 2024-04-14 19:34:31,953 views 61 (1062, "Duplicate entry '13753903433' for key 'tb_users.username'")
WARNING 2024-04-14 19:34:31,954 log 241 Bad Request: /register/
WARNING 2024-04-14 19:34:31,954 basehttp 212 "POST /register/ HTTP/1.1" 400 12
INFO 2024-04-14 19:34:36,869 basehttp 212 "GET /register/ HTTP/1.1" 200 3804
INFO 2024-04-14 19:36:11,929 autoreload 266 /Users/bloomberg/awvl/blog/users/views.py changed, reloading.
INFO 2024-04-14 19:36:12,147 autoreload 668 Watching for file changes with StatReloader
INFO 2024-04-14 19:37:00,856 autoreload 266 /Users/bloomberg/awvl/blog/users/views.py changed, reloading.
INFO 2024-04-14 19:37:01,096 autoreload 668 Watching for file changes with StatReloader
INFO 2024-04-14 19:37:02,144 autoreload 668 Watching for file changes with StatReloader
INFO 2024-04-14 19:37:04,180 basehttp 212 "GET /register/ HTTP/1.1" 200 3804
ERROR 2024-04-14 19:37:12,546 views 61 (1062, "Duplicate entry '13753903433' for key 'tb_users.username'")
WARNING 2024-04-14 19:37:12,546 log 241 Bad Request: /register/
WARNING 2024-04-14 19:37:12,546 basehttp 212 "POST /register/ HTTP/1.1" 400 12
INFO 2024-04-14 19:37:21,499 basehttp 212 "POST /register/ HTTP/1.1" 200 33
INFO 2024-04-14 19:37:22,673 basehttp 212 "GET /register/ HTTP/1.1" 200 3804
INFO 2024-04-14 19:37:31,746 autoreload 266 /Users/bloomberg/awvl/blog/users/views.py changed, reloading.
INFO 2024-04-14 19:37:31,952 autoreload 668 Watching for file changes with StatReloader
INFO 2024-04-14 19:42:51,680 autoreload 668 Watching for file changes with StatReloader
INFO 2024-04-14 19:43:49,963 autoreload 668 Watching for file changes with StatReloader
INFO 2024-04-14 19:43:54,272 basehttp 212 "GET /register/ HTTP/1.1" 200 3916
INFO 2024-04-14 19:44:03,983 basehttp 212 "POST /register/ HTTP/1.1" 302 0
INFO 2024-04-14 19:44:03,985 basehttp 212 "GET / HTTP/1.1" 200 11962
ERROR 2024-04-14 19:44:07,027 views 61 (1062, "Duplicate entry '13753903411' for key 'tb_users.username'")
WARNING 2024-04-14 19:44:07,028 log 241 Bad Request: /register/
WARNING 2024-04-14 19:44:07,028 basehttp 212 "POST /register/ HTTP/1.1" 400 12
INFO 2024-04-14 19:44:08,161 basehttp 212 "GET /register/ HTTP/1.1" 200 3916
INFO 2024-04-14 19:44:17,277 basehttp 212 "POST /register/ HTTP/1.1" 302 0
INFO 2024-04-14 19:44:17,280 basehttp 212 "GET / HTTP/1.1" 200 11962
INFO 2024-04-14 19:48:44,179 autoreload 668 Watching for file changes with StatReloader
INFO 2024-04-14 19:48:47,364 basehttp 212 "GET /register/ HTTP/1.1" 200 3916
INFO 2024-04-14 19:49:41,190 autoreload 266 /Users/bloomberg/awvl/blog/blog/settings.py changed, reloading.
INFO 2024-04-14 19:49:41,413 autoreload 668 Watching for file changes with StatReloader
INFO 2024-04-14 19:49:44,155 basehttp 212 "GET /register/ HTTP/1.1" 200 3916
INFO 2024-04-14 19:49:59,248 basehttp 212 "POST /register/ HTTP/1.1" 302 0
INFO 2024-04-14 19:49:59,250 basehttp 212 "GET / HTTP/1.1" 200 11962
INFO 2024-04-14 19:50:08,153 autoreload 668 Watching for file changes with StatReloader
INFO 2024-04-14 19:54:14,835 autoreload 266 /Users/bloomberg/anaconda3/envs/awvl/lib/python3.11/site-packages/django_redis/client/herd.py changed, reloading.
INFO 2024-04-14 19:54:15,051 autoreload 668 Watching for file changes with StatReloader
INFO 2024-04-14 19:54:18,372 autoreload 668 Watching for file changes with StatReloader
INFO 2024-04-14 19:54:20,999 basehttp 212 "GET /register/ HTTP/1.1" 200 3916
INFO 2024-04-14 19:54:34,378 basehttp 212 "POST /register/ HTTP/1.1" 302 0
INFO 2024-04-14 19:54:34,380 basehttp 212 "GET / HTTP/1.1" 200 11962
INFO 2024-04-14 20:03:25,022 autoreload 668 Watching for file changes with StatReloader
INFO 2024-04-14 20:03:26,456 basehttp 212 "GET / HTTP/1.1" 200 11962
INFO 2024-04-14 20:03:28,764 basehttp 212 "GET / HTTP/1.1" 200 11962
INFO 2024-04-14 20:03:30,599 basehttp 212 "GET /register/ HTTP/1.1" 200 3916
INFO 2024-04-14 20:04:35,774 autoreload 668 Watching for file changes with StatReloader
INFO 2024-04-14 20:04:48,548 basehttp 212 "GET / HTTP/1.1" 200 11962
INFO 2024-04-14 20:04:54,881 basehttp 212 "GET / HTTP/1.1" 200 11962
INFO 2024-04-14 20:05:02,489 basehttp 212 "GET / HTTP/1.1" 200 11962
INFO 2024-04-14 20:05:06,462 basehttp 212 "GET / HTTP/1.1" 200 11962
WARNING 2024-04-14 20:05:07,137 log 241 Not Found: /re
WARNING 2024-04-14 20:05:07,138 basehttp 212 "GET //re HTTP/1.1" 404 2415
INFO 2024-04-14 20:05:11,099 basehttp 212 "GET / HTTP/1.1" 200 11962
INFO 2024-04-14 20:05:11,469 basehttp 212 "GET /register/ HTTP/1.1" 200 3916
INFO 2024-04-14 20:05:32,782 basehttp 212 "GET / HTTP/1.1" 200 11962
INFO 2024-04-14 20:05:39,125 autoreload 668 Watching for file changes with StatReloader
INFO 2024-04-14 20:10:12,228 autoreload 668 Watching for file changes with StatReloader
INFO 2024-04-14 20:10:13,978 basehttp 212 "GET /register/ HTTP/1.1" 200 3847
INFO 2024-04-14 20:10:25,144 basehttp 212 "POST /register/ HTTP/1.1" 302 0
INFO 2024-04-14 20:10:25,153 basehttp 212 "GET / HTTP/1.1" 200 11962
INFO 2024-04-14 20:11:14,200 autoreload 668 Watching for file changes with StatReloader
INFO 2024-04-14 20:11:15,964 basehttp 212 "GET /register/ HTTP/1.1" 200 3847
WARNING 2024-04-14 20:11:20,735 log 241 Bad Request: /register/
WARNING 2024-04-14 20:11:20,736 basehttp 212 "POST /register/ HTTP/1.1" 400 21
INFO 2024-04-14 20:11:42,794 autoreload 668 Watching for file changes with StatReloader
INFO 2024-04-14 20:11:46,475 basehttp 212 "GET /register/ HTTP/1.1" 200 3916
INFO 2024-04-14 20:12:57,386 autoreload 668 Watching for file changes with StatReloader
INFO 2024-04-14 20:13:08,832 basehttp 212 "GET /register/ HTTP/1.1" 200 3916
INFO 2024-04-14 20:13:38,661 autoreload 668 Watching for file changes with StatReloader
INFO 2024-04-14 20:13:41,696 basehttp 212 "GET /register/ HTTP/1.1" 200 3916
INFO 2024-04-14 20:14:28,045 autoreload 668 Watching for file changes with StatReloader
INFO 2024-04-14 20:14:30,213 basehttp 212 "GET /register/ HTTP/1.1" 200 3916
INFO 2024-04-14 20:14:56,267 autoreload 668 Watching for file changes with StatReloader
INFO 2024-04-14 20:15:02,185 autoreload 668 Watching for file changes with StatReloader
INFO 2024-04-14 20:15:07,601 basehttp 212 "GET /register/ HTTP/1.1" 200 3916
INFO 2024-04-14 20:15:34,681 autoreload 668 Watching for file changes with StatReloader
INFO 2024-04-14 20:15:39,074 autoreload 668 Watching for file changes with StatReloader
INFO 2024-04-14 20:15:40,409 basehttp 212 "GET /register/ HTTP/1.1" 200 3916
INFO 2024-04-14 20:16:00,040 autoreload 668 Watching for file changes with StatReloader
INFO 2024-04-14 20:16:03,869 basehttp 212 "GET /register/ HTTP/1.1" 200 3916
INFO 2024-04-14 20:17:15,233 autoreload 668 Watching for file changes with StatReloader
INFO 2024-04-14 20:17:18,564 basehttp 212 "GET /register/ HTTP/1.1" 200 3902
INFO 2024-04-14 20:17:28,412 basehttp 212 "POST /register/ HTTP/1.1" 302 0
INFO 2024-04-14 20:17:28,423 basehttp 212 "GET / HTTP/1.1" 200 11962
INFO 2024-04-15 06:38:52,646 autoreload 668 Watching for file changes with StatReloader
INFO 2024-04-15 06:38:55,514 basehttp 212 "GET /register/ HTTP/1.1" 200 3667
WARNING 2024-04-15 06:39:16,597 log 241 Forbidden (CSRF token missing.): /register/
WARNING 2024-04-15 06:39:16,598 basehttp 212 "POST /register/ HTTP/1.1" 403 2505
INFO 2024-04-15 06:40:25,732 basehttp 212 "GET /register/ HTTP/1.1" 200 3805
INFO 2024-04-15 06:41:22,403 autoreload 668 Watching for file changes with StatReloader
INFO 2024-04-15 06:41:25,708 basehttp 212 "GET /register/ HTTP/1.1" 200 3695
INFO 2024-04-15 06:43:18,483 autoreload 668 Watching for file changes with StatReloader
INFO 2024-04-15 06:43:20,829 basehttp 212 "GET /register/ HTTP/1.1" 200 3681
INFO 2024-04-15 06:43:31,957 autoreload 668 Watching for file changes with StatReloader
INFO 2024-04-15 06:43:33,994 basehttp 212 "GET /register/ HTTP/1.1" 200 3555
INFO 2024-04-15 06:44:40,924 autoreload 668 Watching for file changes with StatReloader
INFO 2024-04-15 06:44:44,071 basehttp 212 "GET /register/ HTTP/1.1" 200 3805
INFO 2024-04-15 06:45:02,855 autoreload 668 Watching for file changes with StatReloader
INFO 2024-04-15 06:45:04,509 basehttp 212 "GET /register/ HTTP/1.1" 200 3805
INFO 2024-04-15 06:45:32,763 autoreload 668 Watching for file changes with StatReloader
INFO 2024-04-15 06:45:35,098 basehttp 212 "GET /register/ HTTP/1.1" 200 3806
INFO 2024-04-15 06:45:44,350 autoreload 668 Watching for file changes with StatReloader
INFO 2024-04-15 06:45:46,490 basehttp 212 "GET /register/ HTTP/1.1" 200 3806
INFO 2024-04-15 06:45:52,445 basehttp 212 "POST /register/ HTTP/1.1" 302 0
INFO 2024-04-15 06:45:52,456 basehttp 212 "GET / HTTP/1.1" 200 11962
INFO 2024-04-15 06:52:05,649 autoreload 668 Watching for file changes with StatReloader
INFO 2024-04-15 06:52:07,907 basehttp 212 "GET /register/ HTTP/1.1" 200 3806
INFO 2024-04-15 06:52:07,929 basehttp 212 "GET /static/js/register1.js HTTP/1.1" 200 1843
INFO 2024-04-15 06:52:17,816 basehttp 212 "POST /register/ HTTP/1.1" 302 0
INFO 2024-04-15 06:52:17,816 basehttp 81 - Broken pipe from ('127.0.0.1', 56205)
ERROR 2024-04-15 06:52:18,144 views 61 (1062, "Duplicate entry '13734891234' for key 'tb_users.username'")
WARNING 2024-04-15 06:52:18,144 log 241 Bad Request: /register/
WARNING 2024-04-15 06:52:18,144 basehttp 212 "POST /register/ HTTP/1.1" 400 12
INFO 2024-04-15 06:52:22,924 basehttp 212 "POST /register/ HTTP/1.1" 302 0
INFO 2024-04-15 06:52:22,934 basehttp 212 "GET / HTTP/1.1" 200 11962
INFO 2024-04-15 06:57:32,576 autoreload 266 /Users/bloomberg/awvl/blog/users/views.py changed, reloading.
INFO 2024-04-15 06:57:32,790 autoreload 668 Watching for file changes with StatReloader
INFO 2024-04-15 07:00:18,980 autoreload 668 Watching for file changes with StatReloader
INFO 2024-04-15 07:00:25,597 basehttp 212 "GET /register/ HTTP/1.1" 200 3806
INFO 2024-04-15 07:00:25,637 basehttp 212 "GET /static/js/register1.js HTTP/1.1" 304 0
INFO 2024-04-15 07:00:37,286 basehttp 212 "GET /register/ HTTP/1.1" 200 3806
INFO 2024-04-15 07:00:37,303 basehttp 212 "GET /static/js/register1.js HTTP/1.1" 200 1843
WARNING 2024-04-15 07:00:37,370 log 241 Not Found: /favicon.ico
WARNING 2024-04-15 07:00:37,370 basehttp 212 "GET /favicon.ico HTTP/1.1" 404 2442
WARNING 2024-04-15 07:02:17,540 basehttp 212 "GET /static/js/axios.min.map HTTP/1.1" 404 1807
INFO 2024-04-15 07:02:55,532 autoreload 668 Watching for file changes with StatReloader
INFO 2024-04-15 07:03:04,911 basehttp 212 "GET /register/ HTTP/1.1" 200 3695
INFO 2024-04-15 07:03:04,921 basehttp 212 "GET /static/js/register1.js HTTP/1.1" 304 0
WARNING 2024-04-15 07:03:04,950 basehttp 212 "GET /static/js/axios.min.map HTTP/1.1" 404 1807
INFO 2024-04-15 07:03:20,532 basehttp 212 "POST /register/ HTTP/1.1" 302 0
INFO 2024-04-15 07:03:20,535 basehttp 212 "GET / HTTP/1.1" 200 11962
WARNING 2024-04-15 07:03:20,597 basehttp 212 "GET /static/js/axios.min.map HTTP/1.1" 404 1807
WARNING 2024-04-15 07:05:30,937 log 241 Forbidden (CSRF token from POST incorrect.): /register/
WARNING 2024-04-15 07:05:30,938 basehttp 212 "POST /register/ HTTP/1.1" 403 2517
INFO 2024-04-15 07:05:33,163 basehttp 212 "GET /register/ HTTP/1.1" 200 3695
INFO 2024-04-15 07:05:35,001 basehttp 212 "GET /register/ HTTP/1.1" 200 3695
INFO 2024-04-15 07:05:35,007 basehttp 212 "GET /static/js/register1.js HTTP/1.1" 304 0
INFO 2024-04-15 07:05:59,598 basehttp 212 "POST /register/ HTTP/1.1" 302 0
INFO 2024-04-15 07:05:59,601 basehttp 212 "GET / HTTP/1.1" 200 11962
INFO 2024-04-15 07:07:00,971 autoreload 668 Watching for file changes with StatReloader
INFO 2024-04-15 07:07:55,181 basehttp 212 "GET /static/login.html HTTP/1.1" 200 3117
INFO 2024-04-15 07:08:52,451 autoreload 668 Watching for file changes with StatReloader
ERROR 2024-04-15 07:08:56,965 log 241 Internal Server Error: /
Traceback (most recent call last):
  File "/Users/bloomberg/anaconda3/envs/awvl/lib/python3.11/site-packages/django/core/handlers/exception.py", line 55, in inner
    response = get_response(request)
               ^^^^^^^^^^^^^^^^^^^^^
  File "/Users/bloomberg/anaconda3/envs/awvl/lib/python3.11/site-packages/django/core/handlers/base.py", line 197, in _get_response
    response = wrapped_callback(request, *callback_args, **callback_kwargs)
               ^^^^^^^^^^^^^^^^^^^^^^^^^^^^^^^^^^^^^^^^^^^^^^^^^^^^^^^^^^^^
  File "/Users/bloomberg/anaconda3/envs/awvl/lib/python3.11/site-packages/django/views/generic/base.py", line 104, in view
    return self.dispatch(request, *args, **kwargs)
           ^^^^^^^^^^^^^^^^^^^^^^^^^^^^^^^^^^^^^^^
  File "/Users/bloomberg/anaconda3/envs/awvl/lib/python3.11/site-packages/django/views/generic/base.py", line 143, in dispatch
    return handler(request, *args, **kwargs)
           ^^^^^^^^^^^^^^^^^^^^^^^^^^^^^^^^^
  File "/Users/bloomberg/awvl/blog/home/views.py", line 7, in get
    return render(request, 'index.html')
           ^^^^^^^^^^^^^^^^^^^^^^^^^^^^^
  File "/Users/bloomberg/anaconda3/envs/awvl/lib/python3.11/site-packages/django/shortcuts.py", line 25, in render
    content = loader.render_to_string(template_name, context, request, using=using)
              ^^^^^^^^^^^^^^^^^^^^^^^^^^^^^^^^^^^^^^^^^^^^^^^^^^^^^^^^^^^^^^^^^^^^^
  File "/Users/bloomberg/anaconda3/envs/awvl/lib/python3.11/site-packages/django/template/loader.py", line 62, in render_to_string
    return template.render(context, request)
           ^^^^^^^^^^^^^^^^^^^^^^^^^^^^^^^^^
  File "/Users/bloomberg/anaconda3/envs/awvl/lib/python3.11/site-packages/django/template/backends/django.py", line 61, in render
    return self.template.render(context)
           ^^^^^^^^^^^^^^^^^^^^^^^^^^^^^
  File "/Users/bloomberg/anaconda3/envs/awvl/lib/python3.11/site-packages/django/template/base.py", line 171, in render
    return self._render(context)
           ^^^^^^^^^^^^^^^^^^^^^
  File "/Users/bloomberg/anaconda3/envs/awvl/lib/python3.11/site-packages/django/template/base.py", line 163, in _render
    return self.nodelist.render(context)
           ^^^^^^^^^^^^^^^^^^^^^^^^^^^^^
  File "/Users/bloomberg/anaconda3/envs/awvl/lib/python3.11/site-packages/django/template/base.py", line 1000, in render
    return SafeString("".join([node.render_annotated(context) for node in self]))
                              ^^^^^^^^^^^^^^^^^^^^^^^^^^^^^^^^^^^^^^^^^^^^^^^^^
  File "/Users/bloomberg/anaconda3/envs/awvl/lib/python3.11/site-packages/django/template/base.py", line 1000, in <listcomp>
    return SafeString("".join([node.render_annotated(context) for node in self]))
                               ^^^^^^^^^^^^^^^^^^^^^^^^^^^^^^
  File "/Users/bloomberg/anaconda3/envs/awvl/lib/python3.11/site-packages/django/template/base.py", line 961, in render_annotated
    return self.render(context)
           ^^^^^^^^^^^^^^^^^^^^
  File "/Users/bloomberg/anaconda3/envs/awvl/lib/python3.11/site-packages/django/template/defaulttags.py", line 479, in render
    url = reverse(view_name, args=args, kwargs=kwargs, current_app=current_app)
          ^^^^^^^^^^^^^^^^^^^^^^^^^^^^^^^^^^^^^^^^^^^^^^^^^^^^^^^^^^^^^^^^^^^^^
  File "/Users/bloomberg/anaconda3/envs/awvl/lib/python3.11/site-packages/django/urls/base.py", line 88, in reverse
    return resolver._reverse_with_prefix(view, prefix, *args, **kwargs)
           ^^^^^^^^^^^^^^^^^^^^^^^^^^^^^^^^^^^^^^^^^^^^^^^^^^^^^^^^^^^^
  File "/Users/bloomberg/anaconda3/envs/awvl/lib/python3.11/site-packages/django/urls/resolvers.py", line 851, in _reverse_with_prefix
    raise NoReverseMatch(msg)
django.urls.exceptions.NoReverseMatch: Reverse for 'writeblog' not found. 'writeblog' is not a valid view function or pattern name.
ERROR 2024-04-15 07:08:56,967 basehttp 212 "GET / HTTP/1.1" 500 134499
INFO 2024-04-15 07:08:59,884 basehttp 212 "GET /register/ HTTP/1.1" 200 3695
INFO 2024-04-15 07:08:59,894 basehttp 212 "GET /static/js/register1.js HTTP/1.1" 304 0
ERROR 2024-04-15 07:09:02,452 log 241 Internal Server Error: /
Traceback (most recent call last):
  File "/Users/bloomberg/anaconda3/envs/awvl/lib/python3.11/site-packages/django/core/handlers/exception.py", line 55, in inner
    response = get_response(request)
               ^^^^^^^^^^^^^^^^^^^^^
  File "/Users/bloomberg/anaconda3/envs/awvl/lib/python3.11/site-packages/django/core/handlers/base.py", line 197, in _get_response
    response = wrapped_callback(request, *callback_args, **callback_kwargs)
               ^^^^^^^^^^^^^^^^^^^^^^^^^^^^^^^^^^^^^^^^^^^^^^^^^^^^^^^^^^^^
  File "/Users/bloomberg/anaconda3/envs/awvl/lib/python3.11/site-packages/django/views/generic/base.py", line 104, in view
    return self.dispatch(request, *args, **kwargs)
           ^^^^^^^^^^^^^^^^^^^^^^^^^^^^^^^^^^^^^^^
  File "/Users/bloomberg/anaconda3/envs/awvl/lib/python3.11/site-packages/django/views/generic/base.py", line 143, in dispatch
    return handler(request, *args, **kwargs)
           ^^^^^^^^^^^^^^^^^^^^^^^^^^^^^^^^^
  File "/Users/bloomberg/awvl/blog/home/views.py", line 7, in get
    return render(request, 'index.html')
           ^^^^^^^^^^^^^^^^^^^^^^^^^^^^^
  File "/Users/bloomberg/anaconda3/envs/awvl/lib/python3.11/site-packages/django/shortcuts.py", line 25, in render
    content = loader.render_to_string(template_name, context, request, using=using)
              ^^^^^^^^^^^^^^^^^^^^^^^^^^^^^^^^^^^^^^^^^^^^^^^^^^^^^^^^^^^^^^^^^^^^^
  File "/Users/bloomberg/anaconda3/envs/awvl/lib/python3.11/site-packages/django/template/loader.py", line 62, in render_to_string
    return template.render(context, request)
           ^^^^^^^^^^^^^^^^^^^^^^^^^^^^^^^^^
  File "/Users/bloomberg/anaconda3/envs/awvl/lib/python3.11/site-packages/django/template/backends/django.py", line 61, in render
    return self.template.render(context)
           ^^^^^^^^^^^^^^^^^^^^^^^^^^^^^
  File "/Users/bloomberg/anaconda3/envs/awvl/lib/python3.11/site-packages/django/template/base.py", line 171, in render
    return self._render(context)
           ^^^^^^^^^^^^^^^^^^^^^
  File "/Users/bloomberg/anaconda3/envs/awvl/lib/python3.11/site-packages/django/template/base.py", line 163, in _render
    return self.nodelist.render(context)
           ^^^^^^^^^^^^^^^^^^^^^^^^^^^^^
  File "/Users/bloomberg/anaconda3/envs/awvl/lib/python3.11/site-packages/django/template/base.py", line 1000, in render
    return SafeString("".join([node.render_annotated(context) for node in self]))
                              ^^^^^^^^^^^^^^^^^^^^^^^^^^^^^^^^^^^^^^^^^^^^^^^^^
  File "/Users/bloomberg/anaconda3/envs/awvl/lib/python3.11/site-packages/django/template/base.py", line 1000, in <listcomp>
    return SafeString("".join([node.render_annotated(context) for node in self]))
                               ^^^^^^^^^^^^^^^^^^^^^^^^^^^^^^
  File "/Users/bloomberg/anaconda3/envs/awvl/lib/python3.11/site-packages/django/template/base.py", line 961, in render_annotated
    return self.render(context)
           ^^^^^^^^^^^^^^^^^^^^
  File "/Users/bloomberg/anaconda3/envs/awvl/lib/python3.11/site-packages/django/template/defaulttags.py", line 479, in render
    url = reverse(view_name, args=args, kwargs=kwargs, current_app=current_app)
          ^^^^^^^^^^^^^^^^^^^^^^^^^^^^^^^^^^^^^^^^^^^^^^^^^^^^^^^^^^^^^^^^^^^^^
  File "/Users/bloomberg/anaconda3/envs/awvl/lib/python3.11/site-packages/django/urls/base.py", line 88, in reverse
    return resolver._reverse_with_prefix(view, prefix, *args, **kwargs)
           ^^^^^^^^^^^^^^^^^^^^^^^^^^^^^^^^^^^^^^^^^^^^^^^^^^^^^^^^^^^^
  File "/Users/bloomberg/anaconda3/envs/awvl/lib/python3.11/site-packages/django/urls/resolvers.py", line 851, in _reverse_with_prefix
    raise NoReverseMatch(msg)
django.urls.exceptions.NoReverseMatch: Reverse for 'writeblog' not found. 'writeblog' is not a valid view function or pattern name.
ERROR 2024-04-15 07:09:02,453 basehttp 212 "GET / HTTP/1.1" 500 134499
INFO 2024-04-15 07:09:06,139 basehttp 212 "GET /register/ HTTP/1.1" 200 3695
INFO 2024-04-15 07:11:44,455 basehttp 212 "POST /register/ HTTP/1.1" 302 0
INFO 2024-04-15 07:11:44,459 basehttp 212 "GET / HTTP/1.1" 200 11962
INFO 2024-04-15 07:13:01,318 autoreload 668 Watching for file changes with StatReloader
INFO 2024-04-15 07:13:21,081 basehttp 212 "GET / HTTP/1.1" 200 11962
INFO 2024-04-15 07:13:23,892 basehttp 212 "GET /register/ HTTP/1.1" 200 3695
INFO 2024-04-15 07:13:23,968 basehttp 212 "GET /static/js/register1.js HTTP/1.1" 304 0
INFO 2024-04-15 07:13:34,065 basehttp 212 "POST /register/ HTTP/1.1" 302 0
INFO 2024-04-15 07:13:34,074 basehttp 212 "GET / HTTP/1.1" 200 11962
INFO 2024-04-15 07:32:35,279 autoreload 266 /Users/bloomberg/awvl/blog/users/views.py changed, reloading.
INFO 2024-04-15 07:32:35,512 autoreload 668 Watching for file changes with StatReloader
INFO 2024-04-15 07:33:20,259 autoreload 266 /Users/bloomberg/awvl/blog/users/views.py changed, reloading.
INFO 2024-04-15 07:33:20,459 autoreload 668 Watching for file changes with StatReloader
INFO 2024-04-15 07:33:44,838 autoreload 266 /Users/bloomberg/awvl/blog/users/urls.py changed, reloading.
INFO 2024-04-15 07:33:45,061 autoreload 668 Watching for file changes with StatReloader
INFO 2024-04-15 07:33:53,291 autoreload 266 /Users/bloomberg/awvl/blog/users/urls.py changed, reloading.
INFO 2024-04-15 07:33:53,524 autoreload 668 Watching for file changes with StatReloader
INFO 2024-04-15 07:34:08,820 autoreload 266 /Users/bloomberg/awvl/blog/users/urls.py changed, reloading.
INFO 2024-04-15 07:34:09,031 autoreload 668 Watching for file changes with StatReloader
INFO 2024-04-15 07:34:17,248 autoreload 266 /Users/bloomberg/awvl/blog/users/urls.py changed, reloading.
INFO 2024-04-15 07:34:17,450 autoreload 668 Watching for file changes with StatReloader
INFO 2024-04-15 07:35:04,895 autoreload 668 Watching for file changes with StatReloader
INFO 2024-04-15 07:35:17,006 basehttp 212 "GET /login HTTP/1.1" 301 0
INFO 2024-04-15 07:35:17,008 basehttp 212 "GET /login/ HTTP/1.1" 200 3084
WARNING 2024-04-15 07:35:17,087 log 241 Not Found: /favicon.ico
WARNING 2024-04-15 07:35:17,087 basehttp 212 "GET /favicon.ico HTTP/1.1" 404 2609
INFO 2024-04-15 07:39:01,402 autoreload 266 /Users/bloomberg/awvl/blog/users/views.py changed, reloading.
INFO 2024-04-15 07:39:01,675 autoreload 668 Watching for file changes with StatReloader
INFO 2024-04-15 07:40:40,262 autoreload 266 /Users/bloomberg/awvl/blog/users/views.py changed, reloading.
INFO 2024-04-15 07:40:40,479 autoreload 668 Watching for file changes with StatReloader
INFO 2024-04-15 07:40:44,654 autoreload 266 /Users/bloomberg/awvl/blog/users/views.py changed, reloading.
INFO 2024-04-15 07:40:44,857 autoreload 668 Watching for file changes with StatReloader
INFO 2024-04-15 07:42:30,499 autoreload 266 /Users/bloomberg/awvl/blog/users/views.py changed, reloading.
INFO 2024-04-15 07:42:30,697 autoreload 668 Watching for file changes with StatReloader
INFO 2024-04-15 07:42:40,925 autoreload 266 /Users/bloomberg/awvl/blog/users/models.py changed, reloading.
INFO 2024-04-15 07:42:41,145 autoreload 668 Watching for file changes with StatReloader
INFO 2024-04-15 07:42:42,275 autoreload 266 /Users/bloomberg/awvl/blog/users/models.py changed, reloading.
INFO 2024-04-15 07:42:42,481 autoreload 668 Watching for file changes with StatReloader
INFO 2024-04-15 07:43:18,049 autoreload 266 /Users/bloomberg/awvl/blog/users/views.py changed, reloading.
INFO 2024-04-15 07:43:18,263 autoreload 668 Watching for file changes with StatReloader
INFO 2024-04-15 07:43:19,404 autoreload 266 /Users/bloomberg/awvl/blog/users/views.py changed, reloading.
INFO 2024-04-15 07:43:19,648 autoreload 668 Watching for file changes with StatReloader
INFO 2024-04-15 07:45:49,900 autoreload 266 /Users/bloomberg/awvl/blog/users/views.py changed, reloading.
INFO 2024-04-15 07:45:50,114 autoreload 668 Watching for file changes with StatReloader
INFO 2024-04-15 07:46:32,959 basehttp 212 "GET /register/ HTTP/1.1" 200 3695
INFO 2024-04-15 07:46:32,975 basehttp 212 "GET /static/js/register1.js HTTP/1.1" 304 0
INFO 2024-04-15 07:46:40,125 basehttp 212 "POST /register/ HTTP/1.1" 302 0
INFO 2024-04-15 07:46:40,128 basehttp 212 "GET / HTTP/1.1" 200 11952
WARNING 2024-04-15 07:46:49,547 log 241 Not Found: /login.html
WARNING 2024-04-15 07:46:49,548 basehttp 212 "GET /login.html HTTP/1.1" 404 2606
ERROR 2024-04-15 07:47:06,900 log 241 Internal Server Error: /login/
Traceback (most recent call last):
  File "/Users/bloomberg/anaconda3/envs/awvl/lib/python3.11/site-packages/django/template/defaulttags.py", line 1034, in find_library
    return parser.libraries[name]
           ~~~~~~~~~~~~~~~~^^^^^^
KeyError: 'staticfiles'

During handling of the above exception, another exception occurred:

Traceback (most recent call last):
  File "/Users/bloomberg/anaconda3/envs/awvl/lib/python3.11/site-packages/django/core/handlers/exception.py", line 55, in inner
    response = get_response(request)
               ^^^^^^^^^^^^^^^^^^^^^
  File "/Users/bloomberg/anaconda3/envs/awvl/lib/python3.11/site-packages/django/core/handlers/base.py", line 197, in _get_response
    response = wrapped_callback(request, *callback_args, **callback_kwargs)
               ^^^^^^^^^^^^^^^^^^^^^^^^^^^^^^^^^^^^^^^^^^^^^^^^^^^^^^^^^^^^
  File "/Users/bloomberg/anaconda3/envs/awvl/lib/python3.11/site-packages/django/views/generic/base.py", line 104, in view
    return self.dispatch(request, *args, **kwargs)
           ^^^^^^^^^^^^^^^^^^^^^^^^^^^^^^^^^^^^^^^
  File "/Users/bloomberg/anaconda3/envs/awvl/lib/python3.11/site-packages/django/views/generic/base.py", line 143, in dispatch
    return handler(request, *args, **kwargs)
           ^^^^^^^^^^^^^^^^^^^^^^^^^^^^^^^^^
  File "/Users/bloomberg/awvl/blog/users/views.py", line 92, in get
    return render(request,'login.html')
           ^^^^^^^^^^^^^^^^^^^^^^^^^^^^
  File "/Users/bloomberg/anaconda3/envs/awvl/lib/python3.11/site-packages/django/shortcuts.py", line 25, in render
    content = loader.render_to_string(template_name, context, request, using=using)
              ^^^^^^^^^^^^^^^^^^^^^^^^^^^^^^^^^^^^^^^^^^^^^^^^^^^^^^^^^^^^^^^^^^^^^
  File "/Users/bloomberg/anaconda3/envs/awvl/lib/python3.11/site-packages/django/template/loader.py", line 61, in render_to_string
    template = get_template(template_name, using=using)
               ^^^^^^^^^^^^^^^^^^^^^^^^^^^^^^^^^^^^^^^^
  File "/Users/bloomberg/anaconda3/envs/awvl/lib/python3.11/site-packages/django/template/loader.py", line 15, in get_template
    return engine.get_template(template_name)
           ^^^^^^^^^^^^^^^^^^^^^^^^^^^^^^^^^^
  File "/Users/bloomberg/anaconda3/envs/awvl/lib/python3.11/site-packages/django/template/backends/django.py", line 33, in get_template
    return Template(self.engine.get_template(template_name), self)
                    ^^^^^^^^^^^^^^^^^^^^^^^^^^^^^^^^^^^^^^^
  File "/Users/bloomberg/anaconda3/envs/awvl/lib/python3.11/site-packages/django/template/engine.py", line 177, in get_template
    template, origin = self.find_template(template_name)
                       ^^^^^^^^^^^^^^^^^^^^^^^^^^^^^^^^^
  File "/Users/bloomberg/anaconda3/envs/awvl/lib/python3.11/site-packages/django/template/engine.py", line 159, in find_template
    template = loader.get_template(name, skip=skip)
               ^^^^^^^^^^^^^^^^^^^^^^^^^^^^^^^^^^^^
  File "/Users/bloomberg/anaconda3/envs/awvl/lib/python3.11/site-packages/django/template/loaders/cached.py", line 57, in get_template
    template = super().get_template(template_name, skip)
               ^^^^^^^^^^^^^^^^^^^^^^^^^^^^^^^^^^^^^^^^^
  File "/Users/bloomberg/anaconda3/envs/awvl/lib/python3.11/site-packages/django/template/loaders/base.py", line 28, in get_template
    return Template(
           ^^^^^^^^^
  File "/Users/bloomberg/anaconda3/envs/awvl/lib/python3.11/site-packages/django/template/base.py", line 154, in __init__
    self.nodelist = self.compile_nodelist()
                    ^^^^^^^^^^^^^^^^^^^^^^^
  File "/Users/bloomberg/anaconda3/envs/awvl/lib/python3.11/site-packages/django/template/base.py", line 196, in compile_nodelist
    return parser.parse()
           ^^^^^^^^^^^^^^
  File "/Users/bloomberg/anaconda3/envs/awvl/lib/python3.11/site-packages/django/template/base.py", line 510, in parse
    raise self.error(token, e)
  File "/Users/bloomberg/anaconda3/envs/awvl/lib/python3.11/site-packages/django/template/base.py", line 508, in parse
    compiled_result = compile_func(self, token)
                      ^^^^^^^^^^^^^^^^^^^^^^^^^
  File "/Users/bloomberg/anaconda3/envs/awvl/lib/python3.11/site-packages/django/template/defaulttags.py", line 1096, in load
    lib = find_library(parser, name)
          ^^^^^^^^^^^^^^^^^^^^^^^^^^
  File "/Users/bloomberg/anaconda3/envs/awvl/lib/python3.11/site-packages/django/template/defaulttags.py", line 1036, in find_library
    raise TemplateSyntaxError(
django.template.exceptions.TemplateSyntaxError: 'staticfiles' is not a registered tag library. Must be one of:
admin_list
admin_modify
admin_urls
cache
i18n
l10n
log
static
tz
ERROR 2024-04-15 07:47:06,903 basehttp 212 "GET /login/ HTTP/1.1" 500 169937
INFO 2024-04-15 07:48:19,798 autoreload 668 Watching for file changes with StatReloader
ERROR 2024-04-15 07:48:30,594 log 241 Internal Server Error: /login/
Traceback (most recent call last):
  File "/Users/bloomberg/anaconda3/envs/awvl/lib/python3.11/site-packages/django/core/handlers/exception.py", line 55, in inner
    response = get_response(request)
               ^^^^^^^^^^^^^^^^^^^^^
  File "/Users/bloomberg/anaconda3/envs/awvl/lib/python3.11/site-packages/django/core/handlers/base.py", line 197, in _get_response
    response = wrapped_callback(request, *callback_args, **callback_kwargs)
               ^^^^^^^^^^^^^^^^^^^^^^^^^^^^^^^^^^^^^^^^^^^^^^^^^^^^^^^^^^^^
  File "/Users/bloomberg/anaconda3/envs/awvl/lib/python3.11/site-packages/django/views/generic/base.py", line 104, in view
    return self.dispatch(request, *args, **kwargs)
           ^^^^^^^^^^^^^^^^^^^^^^^^^^^^^^^^^^^^^^^
  File "/Users/bloomberg/anaconda3/envs/awvl/lib/python3.11/site-packages/django/views/generic/base.py", line 143, in dispatch
    return handler(request, *args, **kwargs)
           ^^^^^^^^^^^^^^^^^^^^^^^^^^^^^^^^^
  File "/Users/bloomberg/awvl/blog/users/views.py", line 92, in get
    return render(request,'login.html')
           ^^^^^^^^^^^^^^^^^^^^^^^^^^^^
  File "/Users/bloomberg/anaconda3/envs/awvl/lib/python3.11/site-packages/django/shortcuts.py", line 25, in render
    content = loader.render_to_string(template_name, context, request, using=using)
              ^^^^^^^^^^^^^^^^^^^^^^^^^^^^^^^^^^^^^^^^^^^^^^^^^^^^^^^^^^^^^^^^^^^^^
  File "/Users/bloomberg/anaconda3/envs/awvl/lib/python3.11/site-packages/django/template/loader.py", line 62, in render_to_string
    return template.render(context, request)
           ^^^^^^^^^^^^^^^^^^^^^^^^^^^^^^^^^
  File "/Users/bloomberg/anaconda3/envs/awvl/lib/python3.11/site-packages/django/template/backends/django.py", line 61, in render
    return self.template.render(context)
           ^^^^^^^^^^^^^^^^^^^^^^^^^^^^^
  File "/Users/bloomberg/anaconda3/envs/awvl/lib/python3.11/site-packages/django/template/base.py", line 171, in render
    return self._render(context)
           ^^^^^^^^^^^^^^^^^^^^^
  File "/Users/bloomberg/anaconda3/envs/awvl/lib/python3.11/site-packages/django/template/base.py", line 163, in _render
    return self.nodelist.render(context)
           ^^^^^^^^^^^^^^^^^^^^^^^^^^^^^
  File "/Users/bloomberg/anaconda3/envs/awvl/lib/python3.11/site-packages/django/template/base.py", line 1000, in render
    return SafeString("".join([node.render_annotated(context) for node in self]))
                              ^^^^^^^^^^^^^^^^^^^^^^^^^^^^^^^^^^^^^^^^^^^^^^^^^
  File "/Users/bloomberg/anaconda3/envs/awvl/lib/python3.11/site-packages/django/template/base.py", line 1000, in <listcomp>
    return SafeString("".join([node.render_annotated(context) for node in self]))
                               ^^^^^^^^^^^^^^^^^^^^^^^^^^^^^^
  File "/Users/bloomberg/anaconda3/envs/awvl/lib/python3.11/site-packages/django/template/base.py", line 961, in render_annotated
    return self.render(context)
           ^^^^^^^^^^^^^^^^^^^^
  File "/Users/bloomberg/anaconda3/envs/awvl/lib/python3.11/site-packages/django/template/defaulttags.py", line 479, in render
    url = reverse(view_name, args=args, kwargs=kwargs, current_app=current_app)
          ^^^^^^^^^^^^^^^^^^^^^^^^^^^^^^^^^^^^^^^^^^^^^^^^^^^^^^^^^^^^^^^^^^^^^
  File "/Users/bloomberg/anaconda3/envs/awvl/lib/python3.11/site-packages/django/urls/base.py", line 88, in reverse
    return resolver._reverse_with_prefix(view, prefix, *args, **kwargs)
           ^^^^^^^^^^^^^^^^^^^^^^^^^^^^^^^^^^^^^^^^^^^^^^^^^^^^^^^^^^^^
  File "/Users/bloomberg/anaconda3/envs/awvl/lib/python3.11/site-packages/django/urls/resolvers.py", line 851, in _reverse_with_prefix
    raise NoReverseMatch(msg)
django.urls.exceptions.NoReverseMatch: Reverse for 'forgetpassword' not found. 'forgetpassword' is not a valid view function or pattern name.
ERROR 2024-04-15 07:48:30,596 basehttp 212 "GET /login/ HTTP/1.1" 500 134371
INFO 2024-04-15 07:49:02,481 autoreload 668 Watching for file changes with StatReloader
INFO 2024-04-15 07:49:04,568 basehttp 212 "GET /login/ HTTP/1.1" 200 3201
INFO 2024-04-15 07:50:57,984 autoreload 668 Watching for file changes with StatReloader
INFO 2024-04-15 07:51:00,061 basehttp 212 "GET /login/ HTTP/1.1" 200 3202
INFO 2024-04-15 07:51:00,071 basehttp 212 "GET /static/js/login1.js HTTP/1.1" 200 677
INFO 2024-04-15 07:51:05,770 basehttp 212 "POST /login/ HTTP/1.1" 302 0
INFO 2024-04-15 07:51:05,774 basehttp 212 "GET / HTTP/1.1" 200 11952
INFO 2024-04-15 07:52:23,788 autoreload 668 Watching for file changes with StatReloader
INFO 2024-04-15 07:52:27,614 basehttp 212 "GET / HTTP/1.1" 200 11953
INFO 2024-04-15 07:52:27,627 basehttp 212 "GET /static/js/index1.js HTTP/1.1" 200 530
WARNING 2024-04-15 07:52:37,421 basehttp 212 "GET /static/js/axios.min.map HTTP/1.1" 404 1807
INFO 2024-04-15 07:53:15,916 basehttp 212 "GET /login/ HTTP/1.1" 200 3202
WARNING 2024-04-15 07:53:15,954 basehttp 212 "GET /static/js/axios.min.map HTTP/1.1" 404 1807
INFO 2024-04-15 07:53:21,048 basehttp 212 "POST /login/ HTTP/1.1" 302 0
INFO 2024-04-15 07:53:21,052 basehttp 212 "GET / HTTP/1.1" 200 11953
WARNING 2024-04-15 07:53:21,120 basehttp 212 "GET /static/js/axios.min.map HTTP/1.1" 404 1807
INFO 2024-04-15 07:54:57,897 basehttp 212 "GET / HTTP/1.1" 200 11953
WARNING 2024-04-15 07:54:57,948 basehttp 212 "GET /static/js/axios.min.map HTTP/1.1" 404 1807
INFO 2024-04-15 07:57:33,694 basehttp 212 "GET / HTTP/1.1" 200 11953
WARNING 2024-04-15 07:57:33,747 basehttp 212 "GET /static/js/axios.min.map HTTP/1.1" 404 1807
INFO 2024-04-15 07:57:42,696 basehttp 212 "GET / HTTP/1.1" 200 11953
INFO 2024-04-15 07:59:34,253 autoreload 668 Watching for file changes with StatReloader
ERROR 2024-04-15 07:59:36,897 log 241 Internal Server Error: /
Traceback (most recent call last):
  File "/Users/bloomberg/anaconda3/envs/awvl/lib/python3.11/site-packages/django/core/handlers/exception.py", line 55, in inner
    response = get_response(request)
               ^^^^^^^^^^^^^^^^^^^^^
  File "/Users/bloomberg/anaconda3/envs/awvl/lib/python3.11/site-packages/django/core/handlers/base.py", line 197, in _get_response
    response = wrapped_callback(request, *callback_args, **callback_kwargs)
               ^^^^^^^^^^^^^^^^^^^^^^^^^^^^^^^^^^^^^^^^^^^^^^^^^^^^^^^^^^^^
  File "/Users/bloomberg/anaconda3/envs/awvl/lib/python3.11/site-packages/django/views/generic/base.py", line 104, in view
    return self.dispatch(request, *args, **kwargs)
           ^^^^^^^^^^^^^^^^^^^^^^^^^^^^^^^^^^^^^^^
  File "/Users/bloomberg/anaconda3/envs/awvl/lib/python3.11/site-packages/django/views/generic/base.py", line 143, in dispatch
    return handler(request, *args, **kwargs)
           ^^^^^^^^^^^^^^^^^^^^^^^^^^^^^^^^^
  File "/Users/bloomberg/awvl/blog/home/views.py", line 7, in get
    return render(request, 'index.html')
           ^^^^^^^^^^^^^^^^^^^^^^^^^^^^^
  File "/Users/bloomberg/anaconda3/envs/awvl/lib/python3.11/site-packages/django/shortcuts.py", line 25, in render
    content = loader.render_to_string(template_name, context, request, using=using)
              ^^^^^^^^^^^^^^^^^^^^^^^^^^^^^^^^^^^^^^^^^^^^^^^^^^^^^^^^^^^^^^^^^^^^^
  File "/Users/bloomberg/anaconda3/envs/awvl/lib/python3.11/site-packages/django/template/loader.py", line 62, in render_to_string
    return template.render(context, request)
           ^^^^^^^^^^^^^^^^^^^^^^^^^^^^^^^^^
  File "/Users/bloomberg/anaconda3/envs/awvl/lib/python3.11/site-packages/django/template/backends/django.py", line 61, in render
    return self.template.render(context)
           ^^^^^^^^^^^^^^^^^^^^^^^^^^^^^
  File "/Users/bloomberg/anaconda3/envs/awvl/lib/python3.11/site-packages/django/template/base.py", line 171, in render
    return self._render(context)
           ^^^^^^^^^^^^^^^^^^^^^
  File "/Users/bloomberg/anaconda3/envs/awvl/lib/python3.11/site-packages/django/template/base.py", line 163, in _render
    return self.nodelist.render(context)
           ^^^^^^^^^^^^^^^^^^^^^^^^^^^^^
  File "/Users/bloomberg/anaconda3/envs/awvl/lib/python3.11/site-packages/django/template/base.py", line 1000, in render
    return SafeString("".join([node.render_annotated(context) for node in self]))
                              ^^^^^^^^^^^^^^^^^^^^^^^^^^^^^^^^^^^^^^^^^^^^^^^^^
  File "/Users/bloomberg/anaconda3/envs/awvl/lib/python3.11/site-packages/django/template/base.py", line 1000, in <listcomp>
    return SafeString("".join([node.render_annotated(context) for node in self]))
                               ^^^^^^^^^^^^^^^^^^^^^^^^^^^^^^
  File "/Users/bloomberg/anaconda3/envs/awvl/lib/python3.11/site-packages/django/template/base.py", line 961, in render_annotated
    return self.render(context)
           ^^^^^^^^^^^^^^^^^^^^
  File "/Users/bloomberg/anaconda3/envs/awvl/lib/python3.11/site-packages/django/template/defaulttags.py", line 479, in render
    url = reverse(view_name, args=args, kwargs=kwargs, current_app=current_app)
          ^^^^^^^^^^^^^^^^^^^^^^^^^^^^^^^^^^^^^^^^^^^^^^^^^^^^^^^^^^^^^^^^^^^^^
  File "/Users/bloomberg/anaconda3/envs/awvl/lib/python3.11/site-packages/django/urls/base.py", line 88, in reverse
    return resolver._reverse_with_prefix(view, prefix, *args, **kwargs)
           ^^^^^^^^^^^^^^^^^^^^^^^^^^^^^^^^^^^^^^^^^^^^^^^^^^^^^^^^^^^^
  File "/Users/bloomberg/anaconda3/envs/awvl/lib/python3.11/site-packages/django/urls/resolvers.py", line 851, in _reverse_with_prefix
    raise NoReverseMatch(msg)
django.urls.exceptions.NoReverseMatch: Reverse for 'writeblog' not found. 'writeblog' is not a valid view function or pattern name.
ERROR 2024-04-15 07:59:36,899 basehttp 212 "GET / HTTP/1.1" 500 133481
INFO 2024-04-15 07:59:57,115 autoreload 668 Watching for file changes with StatReloader
ERROR 2024-04-15 07:59:58,675 log 241 Internal Server Error: /
Traceback (most recent call last):
  File "/Users/bloomberg/anaconda3/envs/awvl/lib/python3.11/site-packages/django/core/handlers/exception.py", line 55, in inner
    response = get_response(request)
               ^^^^^^^^^^^^^^^^^^^^^
  File "/Users/bloomberg/anaconda3/envs/awvl/lib/python3.11/site-packages/django/core/handlers/base.py", line 197, in _get_response
    response = wrapped_callback(request, *callback_args, **callback_kwargs)
               ^^^^^^^^^^^^^^^^^^^^^^^^^^^^^^^^^^^^^^^^^^^^^^^^^^^^^^^^^^^^
  File "/Users/bloomberg/anaconda3/envs/awvl/lib/python3.11/site-packages/django/views/generic/base.py", line 104, in view
    return self.dispatch(request, *args, **kwargs)
           ^^^^^^^^^^^^^^^^^^^^^^^^^^^^^^^^^^^^^^^
  File "/Users/bloomberg/anaconda3/envs/awvl/lib/python3.11/site-packages/django/views/generic/base.py", line 143, in dispatch
    return handler(request, *args, **kwargs)
           ^^^^^^^^^^^^^^^^^^^^^^^^^^^^^^^^^
  File "/Users/bloomberg/awvl/blog/home/views.py", line 7, in get
    return render(request, 'index.html')
           ^^^^^^^^^^^^^^^^^^^^^^^^^^^^^
  File "/Users/bloomberg/anaconda3/envs/awvl/lib/python3.11/site-packages/django/shortcuts.py", line 25, in render
    content = loader.render_to_string(template_name, context, request, using=using)
              ^^^^^^^^^^^^^^^^^^^^^^^^^^^^^^^^^^^^^^^^^^^^^^^^^^^^^^^^^^^^^^^^^^^^^
  File "/Users/bloomberg/anaconda3/envs/awvl/lib/python3.11/site-packages/django/template/loader.py", line 62, in render_to_string
    return template.render(context, request)
           ^^^^^^^^^^^^^^^^^^^^^^^^^^^^^^^^^
  File "/Users/bloomberg/anaconda3/envs/awvl/lib/python3.11/site-packages/django/template/backends/django.py", line 61, in render
    return self.template.render(context)
           ^^^^^^^^^^^^^^^^^^^^^^^^^^^^^
  File "/Users/bloomberg/anaconda3/envs/awvl/lib/python3.11/site-packages/django/template/base.py", line 171, in render
    return self._render(context)
           ^^^^^^^^^^^^^^^^^^^^^
  File "/Users/bloomberg/anaconda3/envs/awvl/lib/python3.11/site-packages/django/template/base.py", line 163, in _render
    return self.nodelist.render(context)
           ^^^^^^^^^^^^^^^^^^^^^^^^^^^^^
  File "/Users/bloomberg/anaconda3/envs/awvl/lib/python3.11/site-packages/django/template/base.py", line 1000, in render
    return SafeString("".join([node.render_annotated(context) for node in self]))
                              ^^^^^^^^^^^^^^^^^^^^^^^^^^^^^^^^^^^^^^^^^^^^^^^^^
  File "/Users/bloomberg/anaconda3/envs/awvl/lib/python3.11/site-packages/django/template/base.py", line 1000, in <listcomp>
    return SafeString("".join([node.render_annotated(context) for node in self]))
                               ^^^^^^^^^^^^^^^^^^^^^^^^^^^^^^
  File "/Users/bloomberg/anaconda3/envs/awvl/lib/python3.11/site-packages/django/template/base.py", line 961, in render_annotated
    return self.render(context)
           ^^^^^^^^^^^^^^^^^^^^
  File "/Users/bloomberg/anaconda3/envs/awvl/lib/python3.11/site-packages/django/template/defaulttags.py", line 479, in render
    url = reverse(view_name, args=args, kwargs=kwargs, current_app=current_app)
          ^^^^^^^^^^^^^^^^^^^^^^^^^^^^^^^^^^^^^^^^^^^^^^^^^^^^^^^^^^^^^^^^^^^^^
  File "/Users/bloomberg/anaconda3/envs/awvl/lib/python3.11/site-packages/django/urls/base.py", line 88, in reverse
    return resolver._reverse_with_prefix(view, prefix, *args, **kwargs)
           ^^^^^^^^^^^^^^^^^^^^^^^^^^^^^^^^^^^^^^^^^^^^^^^^^^^^^^^^^^^^
  File "/Users/bloomberg/anaconda3/envs/awvl/lib/python3.11/site-packages/django/urls/resolvers.py", line 851, in _reverse_with_prefix
    raise NoReverseMatch(msg)
django.urls.exceptions.NoReverseMatch: Reverse for 'center' not found. 'center' is not a valid view function or pattern name.
ERROR 2024-04-15 07:59:58,678 basehttp 212 "GET / HTTP/1.1" 500 133430
INFO 2024-04-15 08:00:14,091 autoreload 668 Watching for file changes with StatReloader
ERROR 2024-04-15 08:00:16,145 log 241 Internal Server Error: /
Traceback (most recent call last):
  File "/Users/bloomberg/anaconda3/envs/awvl/lib/python3.11/site-packages/django/core/handlers/exception.py", line 55, in inner
    response = get_response(request)
               ^^^^^^^^^^^^^^^^^^^^^
  File "/Users/bloomberg/anaconda3/envs/awvl/lib/python3.11/site-packages/django/core/handlers/base.py", line 197, in _get_response
    response = wrapped_callback(request, *callback_args, **callback_kwargs)
               ^^^^^^^^^^^^^^^^^^^^^^^^^^^^^^^^^^^^^^^^^^^^^^^^^^^^^^^^^^^^
  File "/Users/bloomberg/anaconda3/envs/awvl/lib/python3.11/site-packages/django/views/generic/base.py", line 104, in view
    return self.dispatch(request, *args, **kwargs)
           ^^^^^^^^^^^^^^^^^^^^^^^^^^^^^^^^^^^^^^^
  File "/Users/bloomberg/anaconda3/envs/awvl/lib/python3.11/site-packages/django/views/generic/base.py", line 143, in dispatch
    return handler(request, *args, **kwargs)
           ^^^^^^^^^^^^^^^^^^^^^^^^^^^^^^^^^
  File "/Users/bloomberg/awvl/blog/home/views.py", line 7, in get
    return render(request, 'index.html')
           ^^^^^^^^^^^^^^^^^^^^^^^^^^^^^
  File "/Users/bloomberg/anaconda3/envs/awvl/lib/python3.11/site-packages/django/shortcuts.py", line 25, in render
    content = loader.render_to_string(template_name, context, request, using=using)
              ^^^^^^^^^^^^^^^^^^^^^^^^^^^^^^^^^^^^^^^^^^^^^^^^^^^^^^^^^^^^^^^^^^^^^
  File "/Users/bloomberg/anaconda3/envs/awvl/lib/python3.11/site-packages/django/template/loader.py", line 62, in render_to_string
    return template.render(context, request)
           ^^^^^^^^^^^^^^^^^^^^^^^^^^^^^^^^^
  File "/Users/bloomberg/anaconda3/envs/awvl/lib/python3.11/site-packages/django/template/backends/django.py", line 61, in render
    return self.template.render(context)
           ^^^^^^^^^^^^^^^^^^^^^^^^^^^^^
  File "/Users/bloomberg/anaconda3/envs/awvl/lib/python3.11/site-packages/django/template/base.py", line 171, in render
    return self._render(context)
           ^^^^^^^^^^^^^^^^^^^^^
  File "/Users/bloomberg/anaconda3/envs/awvl/lib/python3.11/site-packages/django/template/base.py", line 163, in _render
    return self.nodelist.render(context)
           ^^^^^^^^^^^^^^^^^^^^^^^^^^^^^
  File "/Users/bloomberg/anaconda3/envs/awvl/lib/python3.11/site-packages/django/template/base.py", line 1000, in render
    return SafeString("".join([node.render_annotated(context) for node in self]))
                              ^^^^^^^^^^^^^^^^^^^^^^^^^^^^^^^^^^^^^^^^^^^^^^^^^
  File "/Users/bloomberg/anaconda3/envs/awvl/lib/python3.11/site-packages/django/template/base.py", line 1000, in <listcomp>
    return SafeString("".join([node.render_annotated(context) for node in self]))
                               ^^^^^^^^^^^^^^^^^^^^^^^^^^^^^^
  File "/Users/bloomberg/anaconda3/envs/awvl/lib/python3.11/site-packages/django/template/base.py", line 961, in render_annotated
    return self.render(context)
           ^^^^^^^^^^^^^^^^^^^^
  File "/Users/bloomberg/anaconda3/envs/awvl/lib/python3.11/site-packages/django/template/defaulttags.py", line 479, in render
    url = reverse(view_name, args=args, kwargs=kwargs, current_app=current_app)
          ^^^^^^^^^^^^^^^^^^^^^^^^^^^^^^^^^^^^^^^^^^^^^^^^^^^^^^^^^^^^^^^^^^^^^
  File "/Users/bloomberg/anaconda3/envs/awvl/lib/python3.11/site-packages/django/urls/base.py", line 88, in reverse
    return resolver._reverse_with_prefix(view, prefix, *args, **kwargs)
           ^^^^^^^^^^^^^^^^^^^^^^^^^^^^^^^^^^^^^^^^^^^^^^^^^^^^^^^^^^^^
  File "/Users/bloomberg/anaconda3/envs/awvl/lib/python3.11/site-packages/django/urls/resolvers.py", line 851, in _reverse_with_prefix
    raise NoReverseMatch(msg)
django.urls.exceptions.NoReverseMatch: Reverse for 'index' not found. 'index' is not a valid view function or pattern name.
ERROR 2024-04-15 08:00:16,147 basehttp 212 "GET / HTTP/1.1" 500 133399
INFO 2024-04-15 08:00:34,010 autoreload 668 Watching for file changes with StatReloader
INFO 2024-04-15 08:00:36,440 autoreload 668 Watching for file changes with StatReloader
INFO 2024-04-15 08:00:37,820 basehttp 212 "GET / HTTP/1.1" 200 3685
INFO 2024-04-15 08:00:51,129 basehttp 212 "GET / HTTP/1.1" 200 3676
INFO 2024-04-15 08:00:55,187 basehttp 212 "GET /register/ HTTP/1.1" 200 3695
INFO 2024-04-15 08:00:55,198 basehttp 212 "GET /static/js/register1.js HTTP/1.1" 304 0
INFO 2024-04-15 08:04:34,593 basehttp 212 "GET / HTTP/1.1" 200 3676
INFO 2024-04-15 08:04:35,881 basehttp 212 "GET / HTTP/1.1" 200 3676
INFO 2024-04-15 08:04:38,671 autoreload 668 Watching for file changes with StatReloader
INFO 2024-04-15 08:04:41,038 basehttp 212 "GET /register/ HTTP/1.1" 200 3695
INFO 2024-04-15 08:04:50,251 basehttp 212 "POST /register/ HTTP/1.1" 302 0
INFO 2024-04-15 08:04:50,255 basehttp 212 "GET / HTTP/1.1" 200 3676
INFO 2024-04-15 08:05:00,652 basehttp 212 "GET /login/ HTTP/1.1" 200 3202
WARNING 2024-04-15 08:05:14,693 log 241 Bad Request: /login/
WARNING 2024-04-15 08:05:14,693 basehttp 212 "POST /login/ HTTP/1.1" 400 24
INFO 2024-04-15 08:05:25,540 basehttp 212 "POST /login/ HTTP/1.1" 302 0
INFO 2024-04-15 08:05:25,544 basehttp 212 "GET / HTTP/1.1" 200 3676
INFO 2024-04-15 08:06:14,239 autoreload 266 /Users/bloomberg/awvl/blog/users/views.py changed, reloading.
INFO 2024-04-15 08:06:14,454 autoreload 668 Watching for file changes with StatReloader
INFO 2024-04-15 08:07:11,400 autoreload 266 /Users/bloomberg/awvl/blog/users/urls.py changed, reloading.
INFO 2024-04-15 08:07:11,588 autoreload 668 Watching for file changes with StatReloader
INFO 2024-04-15 08:07:21,836 autoreload 266 /Users/bloomberg/awvl/blog/users/urls.py changed, reloading.
INFO 2024-04-15 08:07:22,057 autoreload 668 Watching for file changes with StatReloader
INFO 2024-04-15 08:08:28,180 autoreload 668 Watching for file changes with StatReloader
INFO 2024-04-15 08:08:31,442 basehttp 212 "GET / HTTP/1.1" 200 3674
WARNING 2024-04-15 08:08:40,864 basehttp 212 "GET /static/js/axios.min.map HTTP/1.1" 404 1807
INFO 2024-04-15 08:08:56,149 basehttp 212 "GET /logout/ HTTP/1.1" 302 0
INFO 2024-04-15 08:08:56,154 basehttp 212 "GET / HTTP/1.1" 200 3674
WARNING 2024-04-15 08:08:56,200 basehttp 212 "GET /static/js/axios.min.map HTTP/1.1" 404 1807
INFO 2024-04-15 08:09:01,660 basehttp 212 "GET /logout/ HTTP/1.1" 302 0
INFO 2024-04-15 08:09:01,663 basehttp 212 "GET / HTTP/1.1" 200 3674
WARNING 2024-04-15 08:09:01,708 basehttp 212 "GET /static/js/axios.min.map HTTP/1.1" 404 1807
INFO 2024-04-15 08:09:04,417 basehttp 212 "GET / HTTP/1.1" 200 3674
WARNING 2024-04-15 08:09:04,465 basehttp 212 "GET /static/js/axios.min.map HTTP/1.1" 404 1807
INFO 2024-04-15 08:09:53,168 autoreload 668 Watching for file changes with StatReloader
INFO 2024-04-15 08:09:56,676 basehttp 212 "GET / HTTP/1.1" 200 3674
WARNING 2024-04-15 08:09:56,725 basehttp 212 "GET /static/js/axios.min.map HTTP/1.1" 404 1807
INFO 2024-04-15 08:10:03,026 basehttp 212 "GET /login/ HTTP/1.1" 200 3202
WARNING 2024-04-15 08:10:03,075 basehttp 212 "GET /static/js/axios.min.map HTTP/1.1" 404 1807
INFO 2024-04-15 08:10:11,096 basehttp 212 "POST /login/ HTTP/1.1" 302 0
INFO 2024-04-15 08:10:11,099 basehttp 212 "GET / HTTP/1.1" 200 3674
WARNING 2024-04-15 08:10:11,147 basehttp 212 "GET /static/js/axios.min.map HTTP/1.1" 404 1807
INFO 2024-04-15 08:10:17,541 basehttp 212 "GET /logout/ HTTP/1.1" 302 0
INFO 2024-04-15 08:10:17,546 basehttp 212 "GET / HTTP/1.1" 200 3674
WARNING 2024-04-15 08:10:17,588 basehttp 212 "GET /static/js/axios.min.map HTTP/1.1" 404 1807
INFO 2024-04-15 08:12:42,666 autoreload 668 Watching for file changes with StatReloader
INFO 2024-04-15 08:12:47,835 basehttp 212 "GET / HTTP/1.1" 200 3674
INFO 2024-04-15 08:12:47,893 basehttp 212 "GET /static/js/index1.js HTTP/1.1" 200 529
INFO 2024-04-15 08:12:51,747 basehttp 212 "GET /logout/ HTTP/1.1" 302 0
INFO 2024-04-15 08:12:51,756 basehttp 212 "GET / HTTP/1.1" 200 3674
INFO 2024-04-15 08:13:00,528 basehttp 212 "GET / HTTP/1.1" 200 3674
WARNING 2024-04-15 08:13:00,606 log 241 Not Found: /favicon.ico
WARNING 2024-04-15 08:13:00,607 basehttp 212 "GET /favicon.ico HTTP/1.1" 404 2778
INFO 2024-04-15 08:13:02,939 basehttp 212 "GET /logout/ HTTP/1.1" 302 0
INFO 2024-04-15 08:13:02,943 basehttp 212 "GET / HTTP/1.1" 200 3674
WARNING 2024-04-15 08:13:06,286 basehttp 212 "GET /static/js/axios.min.map HTTP/1.1" 404 1807
INFO 2024-04-15 08:13:17,726 basehttp 212 "GET /register/ HTTP/1.1" 200 3695
INFO 2024-04-15 08:13:17,737 basehttp 212 "GET /static/js/register1.js HTTP/1.1" 304 0
WARNING 2024-04-15 08:13:17,768 basehttp 212 "GET /static/js/axios.min.map HTTP/1.1" 404 1807
INFO 2024-04-15 08:13:21,393 basehttp 212 "GET / HTTP/1.1" 200 3674
WARNING 2024-04-15 08:13:21,440 basehttp 212 "GET /static/js/axios.min.map HTTP/1.1" 404 1807
INFO 2024-04-15 08:16:19,614 basehttp 212 "GET / HTTP/1.1" 200 3674
WARNING 2024-04-15 08:16:19,662 basehttp 212 "GET /static/js/axios.min.map HTTP/1.1" 404 1807
INFO 2024-04-15 08:16:22,923 basehttp 212 "GET /register/ HTTP/1.1" 200 3695
WARNING 2024-04-15 08:16:22,969 basehttp 212 "GET /static/js/axios.min.map HTTP/1.1" 404 1807
WARNING 2024-04-15 08:16:24,483 log 241 Not Found: /register/login.html
WARNING 2024-04-15 08:16:24,483 basehttp 212 "GET /register/login.html HTTP/1.1" 404 2802
WARNING 2024-04-15 08:16:49,228 basehttp 212 "GET /static/js/axios.min.map HTTP/1.1" 404 1807
WARNING 2024-04-15 08:16:49,236 basehttp 212 "GET /static/js/axios.min.map HTTP/1.1" 404 1807
WARNING 2024-04-15 08:16:49,250 basehttp 212 "GET /static/js/axios.min.map HTTP/1.1" 404 1807
INFO 2024-04-15 08:17:49,238 basehttp 212 "GET / HTTP/1.1" 200 3674
WARNING 2024-04-15 08:17:49,288 basehttp 212 "GET /static/js/axios.min.map HTTP/1.1" 404 1807
INFO 2024-04-15 08:19:17,708 autoreload 668 Watching for file changes with StatReloader
INFO 2024-04-15 08:19:24,269 basehttp 212 "GET / HTTP/1.1" 200 3674
INFO 2024-04-15 08:19:24,317 basehttp 212 "GET /static/js/index1.js HTTP/1.1" 304 0
INFO 2024-04-15 08:19:28,999 basehttp 212 "GET / HTTP/1.1" 200 3674
WARNING 2024-04-15 08:19:29,055 basehttp 212 "GET /static/js/axios.min.map HTTP/1.1" 404 1807
INFO 2024-04-15 08:19:35,641 basehttp 212 "GET /login/ HTTP/1.1" 200 3202
INFO 2024-04-15 08:19:35,661 basehttp 212 "GET /static/js/login1.js HTTP/1.1" 200 677
INFO 2024-04-15 08:19:43,768 basehttp 212 "POST /login/ HTTP/1.1" 302 0
INFO 2024-04-15 08:19:43,779 basehttp 212 "GET / HTTP/1.1" 200 3674
INFO 2024-04-15 08:19:45,369 basehttp 212 "GET /logout/ HTTP/1.1" 302 0
INFO 2024-04-15 08:19:45,378 basehttp 212 "GET / HTTP/1.1" 200 3674
INFO 2024-04-15 08:19:46,776 basehttp 212 "GET /login/ HTTP/1.1" 200 3202
INFO 2024-04-15 08:20:06,631 autoreload 668 Watching for file changes with StatReloader
INFO 2024-04-20 06:10:24,875 autoreload 668 Watching for file changes with StatReloader
INFO 2024-04-20 06:11:45,265 basehttp 212 "GET / HTTP/1.1" 200 3674
INFO 2024-04-20 06:11:45,336 basehttp 212 "GET /static/js/index1.js HTTP/1.1" 200 529
INFO 2024-04-20 06:11:45,336 basehttp 212 "GET /static/js/host.js HTTP/1.1" 200 35
INFO 2024-04-20 06:11:47,852 basehttp 212 "GET /login/ HTTP/1.1" 200 3202
INFO 2024-04-20 06:12:03,099 basehttp 212 "POST /login/ HTTP/1.1" 302 0
INFO 2024-04-20 06:12:03,107 basehttp 212 "GET / HTTP/1.1" 200 3674
INFO 2024-04-20 06:12:05,281 basehttp 212 "GET /logout/ HTTP/1.1" 302 0
INFO 2024-04-20 06:12:05,291 basehttp 212 "GET / HTTP/1.1" 200 3674
INFO 2024-04-20 06:12:06,462 basehttp 212 "GET /login/ HTTP/1.1" 200 3202
WARNING 2024-04-20 06:12:08,079 log 241 Not Found: /login/index.html
WARNING 2024-04-20 06:12:08,079 basehttp 212 "GET /login/index.html HTTP/1.1" 404 2793
INFO 2024-04-20 06:12:13,327 basehttp 212 "GET / HTTP/1.1" 200 3674
INFO 2024-04-20 06:12:16,138 basehttp 212 "GET / HTTP/1.1" 200 3674
INFO 2024-04-20 06:12:16,964 basehttp 212 "GET / HTTP/1.1" 200 3674
INFO 2024-04-20 06:12:20,465 basehttp 212 "GET /register/ HTTP/1.1" 200 3695
INFO 2024-04-20 06:12:20,513 basehttp 212 "GET /static/js/register1.js HTTP/1.1" 304 0
INFO 2024-04-20 06:12:29,859 basehttp 212 "POST /register/ HTTP/1.1" 302 0
INFO 2024-04-20 06:12:29,870 basehttp 212 "GET / HTTP/1.1" 200 3674
INFO 2024-04-20 06:12:36,125 basehttp 212 "GET /logout/ HTTP/1.1" 302 0
INFO 2024-04-20 06:12:36,133 basehttp 212 "GET / HTTP/1.1" 200 3674
INFO 2024-04-20 06:13:14,926 autoreload 668 Watching for file changes with StatReloader
INFO 2024-04-20 06:13:17,001 basehttp 212 "GET / HTTP/1.1" 200 3812
INFO 2024-04-20 06:13:18,904 basehttp 212 "GET / HTTP/1.1" 200 3812
INFO 2024-04-20 06:13:28,268 basehttp 212 "GET / HTTP/1.1" 200 3812
INFO 2024-04-20 06:13:39,142 basehttp 212 "GET / HTTP/1.1" 200 3812
WARNING 2024-04-20 06:13:39,239 log 241 Not Found: /favicon.ico
WARNING 2024-04-20 06:13:39,239 basehttp 212 "GET /favicon.ico HTTP/1.1" 404 2778
INFO 2024-04-20 06:13:41,762 basehttp 212 "GET /register/ HTTP/1.1" 200 3695
INFO 2024-04-20 06:13:41,774 basehttp 212 "GET /static/js/register1.js HTTP/1.1" 304 0
WARNING 2024-04-20 06:13:42,638 log 241 Not Found: /register/login.html
WARNING 2024-04-20 06:13:42,639 basehttp 212 "GET /register/login.html HTTP/1.1" 404 2802
INFO 2024-04-20 06:14:10,288 basehttp 212 "GET / HTTP/1.1" 200 3812
INFO 2024-04-20 06:14:14,195 basehttp 212 "GET /login/ HTTP/1.1" 200 3202
INFO 2024-04-20 06:16:57,497 autoreload 668 Watching for file changes with StatReloader
INFO 2024-04-20 06:17:03,065 basehttp 212 "GET / HTTP/1.1" 200 4746
INFO 2024-04-20 06:18:07,210 autoreload 668 Watching for file changes with StatReloader
INFO 2024-04-20 06:18:09,493 basehttp 212 "GET / HTTP/1.1" 200 3973
INFO 2024-04-20 06:18:10,374 basehttp 212 "GET /register/ HTTP/1.1" 200 3695
INFO 2024-04-20 07:12:00,834 autoreload 266 /Users/bloomberg/awvl/blog/users/views.py changed, reloading.
INFO 2024-04-20 07:12:01,129 autoreload 668 Watching for file changes with StatReloader
INFO 2024-04-20 07:12:06,337 autoreload 266 /Users/bloomberg/awvl/blog/users/views.py changed, reloading.
INFO 2024-04-20 07:12:06,538 autoreload 668 Watching for file changes with StatReloader
INFO 2024-04-20 07:13:28,899 autoreload 266 /Users/bloomberg/awvl/blog/users/views.py changed, reloading.
INFO 2024-04-20 07:13:29,229 autoreload 668 Watching for file changes with StatReloader
INFO 2024-04-20 07:13:51,659 autoreload 266 /Users/bloomberg/awvl/blog/users/views.py changed, reloading.
INFO 2024-04-20 07:13:51,906 autoreload 668 Watching for file changes with StatReloader
INFO 2024-04-20 07:13:59,152 autoreload 266 /Users/bloomberg/awvl/blog/users/urls.py changed, reloading.
INFO 2024-04-20 07:13:59,363 autoreload 668 Watching for file changes with StatReloader
INFO 2024-04-20 07:14:09,594 autoreload 266 /Users/bloomberg/awvl/blog/users/urls.py changed, reloading.
INFO 2024-04-20 07:14:09,813 autoreload 668 Watching for file changes with StatReloader
INFO 2024-04-20 07:14:25,137 autoreload 266 /Users/bloomberg/awvl/blog/users/urls.py changed, reloading.
INFO 2024-04-20 07:14:25,404 autoreload 668 Watching for file changes with StatReloader
INFO 2024-04-20 07:14:57,693 basehttp 212 "GET / HTTP/1.1" 200 3973
INFO 2024-04-20 07:15:00,626 basehttp 212 "GET / HTTP/1.1" 200 3973
INFO 2024-04-20 07:15:10,337 basehttp 212 "GET /forgetpassword HTTP/1.1" 301 0
INFO 2024-04-20 07:15:10,342 basehttp 212 "GET /forgetpassword/ HTTP/1.1" 200 4399
WARNING 2024-04-20 07:15:10,409 log 241 Not Found: /forgetpassword/img/image_code.png
WARNING 2024-04-20 07:15:10,411 basehttp 212 "GET /forgetpassword/img/image_code.png HTTP/1.1" 404 3029
INFO 2024-04-20 07:15:10,411 basehttp 212 "GET /static/js/forget_password.js HTTP/1.1" 200 3335
WARNING 2024-04-20 07:15:10,423 log 241 Not Found: /forgetpassword/img/image_code.png
WARNING 2024-04-20 07:15:10,423 basehttp 212 "GET /forgetpassword/img/image_code.png HTTP/1.1" 404 3029
INFO 2024-04-20 07:16:12,577 autoreload 668 Watching for file changes with StatReloader
INFO 2024-04-20 07:16:16,874 basehttp 212 "GET /forgetpassword/ HTTP/1.1" 200 5324
WARNING 2024-04-20 07:16:16,903 log 241 Not Found: /imagecode/
WARNING 2024-04-20 07:16:16,903 basehttp 212 "GET /imagecode/?uuid=063d393e-a6c0-4b36-9cf5-8e1233c4757f HTTP/1.1" 404 3002
INFO 2024-04-20 07:18:44,763 autoreload 668 Watching for file changes with StatReloader
INFO 2024-04-20 07:18:47,801 basehttp 212 "GET /forgetpassword/ HTTP/1.1" 200 3701
INFO 2024-04-20 07:18:47,821 basehttp 212 "GET /static/js/forget_password1.js HTTP/1.1" 200 1803
INFO 2024-04-20 07:19:23,662 basehttp 212 "GET /login/ HTTP/1.1" 200 3202
ERROR 2024-04-20 07:19:59,422 log 241 Internal Server Error: /login/
Traceback (most recent call last):
  File "/Users/bloomberg/anaconda3/envs/awvl/lib/python3.11/site-packages/django/core/handlers/exception.py", line 55, in inner
    response = get_response(request)
               ^^^^^^^^^^^^^^^^^^^^^
  File "/Users/bloomberg/anaconda3/envs/awvl/lib/python3.11/site-packages/django/core/handlers/base.py", line 197, in _get_response
    response = wrapped_callback(request, *callback_args, **callback_kwargs)
               ^^^^^^^^^^^^^^^^^^^^^^^^^^^^^^^^^^^^^^^^^^^^^^^^^^^^^^^^^^^^
  File "/Users/bloomberg/anaconda3/envs/awvl/lib/python3.11/site-packages/django/views/generic/base.py", line 104, in view
    return self.dispatch(request, *args, **kwargs)
           ^^^^^^^^^^^^^^^^^^^^^^^^^^^^^^^^^^^^^^^
  File "/Users/bloomberg/anaconda3/envs/awvl/lib/python3.11/site-packages/django/views/generic/base.py", line 143, in dispatch
    return handler(request, *args, **kwargs)
           ^^^^^^^^^^^^^^^^^^^^^^^^^^^^^^^^^
  File "/Users/bloomberg/awvl/blog/users/views.py", line 92, in get
    return render(request,'login.html')
           ^^^^^^^^^^^^^^^^^^^^^^^^^^^^
  File "/Users/bloomberg/anaconda3/envs/awvl/lib/python3.11/site-packages/django/shortcuts.py", line 25, in render
    content = loader.render_to_string(template_name, context, request, using=using)
              ^^^^^^^^^^^^^^^^^^^^^^^^^^^^^^^^^^^^^^^^^^^^^^^^^^^^^^^^^^^^^^^^^^^^^
  File "/Users/bloomberg/anaconda3/envs/awvl/lib/python3.11/site-packages/django/template/loader.py", line 62, in render_to_string
    return template.render(context, request)
           ^^^^^^^^^^^^^^^^^^^^^^^^^^^^^^^^^
  File "/Users/bloomberg/anaconda3/envs/awvl/lib/python3.11/site-packages/django/template/backends/django.py", line 61, in render
    return self.template.render(context)
           ^^^^^^^^^^^^^^^^^^^^^^^^^^^^^
  File "/Users/bloomberg/anaconda3/envs/awvl/lib/python3.11/site-packages/django/template/base.py", line 171, in render
    return self._render(context)
           ^^^^^^^^^^^^^^^^^^^^^
  File "/Users/bloomberg/anaconda3/envs/awvl/lib/python3.11/site-packages/django/template/base.py", line 163, in _render
    return self.nodelist.render(context)
           ^^^^^^^^^^^^^^^^^^^^^^^^^^^^^
  File "/Users/bloomberg/anaconda3/envs/awvl/lib/python3.11/site-packages/django/template/base.py", line 1000, in render
    return SafeString("".join([node.render_annotated(context) for node in self]))
                              ^^^^^^^^^^^^^^^^^^^^^^^^^^^^^^^^^^^^^^^^^^^^^^^^^
  File "/Users/bloomberg/anaconda3/envs/awvl/lib/python3.11/site-packages/django/template/base.py", line 1000, in <listcomp>
    return SafeString("".join([node.render_annotated(context) for node in self]))
                               ^^^^^^^^^^^^^^^^^^^^^^^^^^^^^^
  File "/Users/bloomberg/anaconda3/envs/awvl/lib/python3.11/site-packages/django/template/base.py", line 961, in render_annotated
    return self.render(context)
           ^^^^^^^^^^^^^^^^^^^^
  File "/Users/bloomberg/anaconda3/envs/awvl/lib/python3.11/site-packages/django/template/defaulttags.py", line 479, in render
    url = reverse(view_name, args=args, kwargs=kwargs, current_app=current_app)
          ^^^^^^^^^^^^^^^^^^^^^^^^^^^^^^^^^^^^^^^^^^^^^^^^^^^^^^^^^^^^^^^^^^^^^
  File "/Users/bloomberg/anaconda3/envs/awvl/lib/python3.11/site-packages/django/urls/base.py", line 88, in reverse
    return resolver._reverse_with_prefix(view, prefix, *args, **kwargs)
           ^^^^^^^^^^^^^^^^^^^^^^^^^^^^^^^^^^^^^^^^^^^^^^^^^^^^^^^^^^^^
  File "/Users/bloomberg/anaconda3/envs/awvl/lib/python3.11/site-packages/django/urls/resolvers.py", line 851, in _reverse_with_prefix
    raise NoReverseMatch(msg)
django.urls.exceptions.NoReverseMatch: Reverse for 'gorgetpassword' not found. 'gorgetpassword' is not a valid view function or pattern name.
ERROR 2024-04-20 07:19:59,425 basehttp 212 "GET /login/ HTTP/1.1" 500 133684
INFO 2024-04-20 07:20:09,875 autoreload 668 Watching for file changes with StatReloader
INFO 2024-04-20 07:20:12,308 basehttp 212 "GET /login/ HTTP/1.1" 200 3199
INFO 2024-04-20 07:20:13,327 basehttp 212 "GET /forgetpassword/ HTTP/1.1" 200 3701
INFO 2024-04-20 07:20:13,342 basehttp 212 "GET /static/js/forget_password1.js HTTP/1.1" 304 0
INFO 2024-04-20 07:21:33,331 autoreload 266 /Users/bloomberg/awvl/blog/users/views.py changed, reloading.
INFO 2024-04-20 07:21:33,550 autoreload 668 Watching for file changes with StatReloader
INFO 2024-04-20 07:21:52,922 autoreload 266 /Users/bloomberg/awvl/blog/users/views.py changed, reloading.
INFO 2024-04-20 07:21:53,132 autoreload 668 Watching for file changes with StatReloader
INFO 2024-04-20 07:22:04,428 autoreload 266 /Users/bloomberg/awvl/blog/users/views.py changed, reloading.
INFO 2024-04-20 07:22:04,667 autoreload 668 Watching for file changes with StatReloader
INFO 2024-04-20 07:22:14,920 autoreload 266 /Users/bloomberg/awvl/blog/users/views.py changed, reloading.
INFO 2024-04-20 07:22:15,132 autoreload 668 Watching for file changes with StatReloader
INFO 2024-04-20 07:22:25,358 autoreload 266 /Users/bloomberg/awvl/blog/users/views.py changed, reloading.
INFO 2024-04-20 07:22:25,570 autoreload 668 Watching for file changes with StatReloader
INFO 2024-04-20 07:22:29,760 autoreload 266 /Users/bloomberg/awvl/blog/users/views.py changed, reloading.
INFO 2024-04-20 07:22:29,973 autoreload 668 Watching for file changes with StatReloader
INFO 2024-04-20 07:22:33,162 autoreload 266 /Users/bloomberg/awvl/blog/users/views.py changed, reloading.
INFO 2024-04-20 07:22:33,378 autoreload 668 Watching for file changes with StatReloader
INFO 2024-04-20 07:22:40,603 autoreload 266 /Users/bloomberg/awvl/blog/users/views.py changed, reloading.
INFO 2024-04-20 07:22:40,822 autoreload 668 Watching for file changes with StatReloader
INFO 2024-04-20 07:22:52,063 autoreload 266 /Users/bloomberg/awvl/blog/users/views.py changed, reloading.
INFO 2024-04-20 07:22:52,285 autoreload 668 Watching for file changes with StatReloader
INFO 2024-04-20 07:22:54,459 autoreload 266 /Users/bloomberg/awvl/blog/users/views.py changed, reloading.
INFO 2024-04-20 07:22:54,734 autoreload 668 Watching for file changes with StatReloader
INFO 2024-04-20 07:23:21,184 autoreload 266 /Users/bloomberg/awvl/blog/users/views.py changed, reloading.
INFO 2024-04-20 07:23:21,455 autoreload 668 Watching for file changes with StatReloader
INFO 2024-04-20 07:23:31,670 autoreload 266 /Users/bloomberg/awvl/blog/users/views.py changed, reloading.
INFO 2024-04-20 07:23:31,882 autoreload 668 Watching for file changes with StatReloader
INFO 2024-04-20 07:23:57,330 autoreload 266 /Users/bloomberg/awvl/blog/users/views.py changed, reloading.
INFO 2024-04-20 07:23:57,545 autoreload 668 Watching for file changes with StatReloader
INFO 2024-04-20 07:24:31,120 autoreload 266 /Users/bloomberg/awvl/blog/users/views.py changed, reloading.
INFO 2024-04-20 07:24:31,392 autoreload 668 Watching for file changes with StatReloader
INFO 2024-04-20 07:24:55,848 autoreload 668 Watching for file changes with StatReloader
INFO 2024-04-20 07:25:14,208 basehttp 212 "GET /forgetpassword/ HTTP/1.1" 200 3701
INFO 2024-04-20 07:25:14,223 basehttp 212 "GET /static/js/forget_password1.js HTTP/1.1" 304 0
INFO 2024-04-20 07:25:15,646 basehttp 212 "GET /forgetpassword/ HTTP/1.1" 200 3701
WARNING 2024-04-20 07:25:27,738 base 146 Method Not Allowed (POST): /forgetpassword/
WARNING 2024-04-20 07:25:27,739 log 241 Method Not Allowed: /forgetpassword/
WARNING 2024-04-20 07:25:27,740 basehttp 212 "POST /forgetpassword/ HTTP/1.1" 405 0
INFO 2024-04-20 07:26:06,476 basehttp 212 "GET /forgetpassword/ HTTP/1.1" 200 3701
INFO 2024-04-20 07:26:06,495 basehttp 212 "GET /static/js/forget_password1.js HTTP/1.1" 304 0
INFO 2024-04-20 07:26:18,645 basehttp 212 "GET /login/ HTTP/1.1" 200 3199
INFO 2024-04-20 07:26:25,037 basehttp 212 "POST /login/ HTTP/1.1" 302 0
INFO 2024-04-20 07:26:25,050 basehttp 212 "GET / HTTP/1.1" 200 3973
INFO 2024-04-20 07:26:26,997 basehttp 212 "GET /logout/ HTTP/1.1" 302 0
INFO 2024-04-20 07:26:27,007 basehttp 212 "GET / HTTP/1.1" 200 3973
INFO 2024-04-20 07:26:28,110 basehttp 212 "GET /login/ HTTP/1.1" 200 3199
INFO 2024-04-20 07:26:29,414 basehttp 212 "GET /register/ HTTP/1.1" 200 3695
INFO 2024-04-20 07:26:30,949 basehttp 212 "GET /forgetpassword/ HTTP/1.1" 200 3701
WARNING 2024-04-20 07:26:39,898 base 146 Method Not Allowed (POST): /forgetpassword/
WARNING 2024-04-20 07:26:39,899 log 241 Method Not Allowed: /forgetpassword/
WARNING 2024-04-20 07:26:39,899 basehttp 212 "POST /forgetpassword/ HTTP/1.1" 405 0
WARNING 2024-04-20 07:27:40,177 base 146 Method Not Allowed (POST): /forgetpassword/
WARNING 2024-04-20 07:27:40,177 log 241 Method Not Allowed: /forgetpassword/
WARNING 2024-04-20 07:27:40,178 basehttp 212 "POST /forgetpassword/ HTTP/1.1" 405 0
WARNING 2024-04-20 07:30:17,242 base 146 Method Not Allowed (POST): /forgetpassword/
WARNING 2024-04-20 07:30:17,244 log 241 Method Not Allowed: /forgetpassword/
WARNING 2024-04-20 07:30:17,244 basehttp 212 "POST /forgetpassword/ HTTP/1.1" 405 0
INFO 2024-04-20 07:30:19,049 basehttp 212 "GET /forgetpassword/ HTTP/1.1" 200 3701
INFO 2024-04-20 07:30:19,074 basehttp 212 "GET /static/js/forget_password1.js HTTP/1.1" 304 0
WARNING 2024-04-20 07:30:28,744 base 146 Method Not Allowed (POST): /forgetpassword/
WARNING 2024-04-20 07:30:28,745 log 241 Method Not Allowed: /forgetpassword/
WARNING 2024-04-20 07:30:28,746 basehttp 212 "POST /forgetpassword/ HTTP/1.1" 405 0
INFO 2024-04-20 07:30:58,434 autoreload 266 /Users/bloomberg/awvl/blog/users/views.py changed, reloading.
INFO 2024-04-20 07:30:58,771 autoreload 668 Watching for file changes with StatReloader
INFO 2024-04-20 07:30:59,758 autoreload 668 Watching for file changes with StatReloader
INFO 2024-04-20 07:31:01,671 basehttp 212 "GET /forgetpassword/ HTTP/1.1" 200 3701
INFO 2024-04-20 07:31:01,695 basehttp 212 "GET /static/js/forget_password1.js HTTP/1.1" 304 0
ERROR 2024-04-20 07:31:09,981 log 241 Internal Server Error: /forgetpassword/
Traceback (most recent call last):
  File "/Users/bloomberg/anaconda3/envs/awvl/lib/python3.11/site-packages/django/core/handlers/exception.py", line 55, in inner
    response = get_response(request)
               ^^^^^^^^^^^^^^^^^^^^^
  File "/Users/bloomberg/anaconda3/envs/awvl/lib/python3.11/site-packages/django/core/handlers/base.py", line 204, in _get_response
    self.check_response(response, callback)
  File "/Users/bloomberg/anaconda3/envs/awvl/lib/python3.11/site-packages/django/core/handlers/base.py", line 332, in check_response
    raise ValueError(
ValueError: The view users.views.view didn't return an HttpResponse object. It returned None instead.
ERROR 2024-04-20 07:31:09,982 basehttp 212 "POST /forgetpassword/ HTTP/1.1" 500 69385
INFO 2024-04-20 07:31:52,728 autoreload 266 /Users/bloomberg/awvl/blog/users/views.py changed, reloading.
INFO 2024-04-20 07:31:53,083 autoreload 668 Watching for file changes with StatReloader
INFO 2024-04-20 07:33:12,178 autoreload 266 /Users/bloomberg/awvl/blog/users/views.py changed, reloading.
INFO 2024-04-20 07:33:12,480 autoreload 668 Watching for file changes with StatReloader
INFO 2024-04-20 07:33:20,555 autoreload 668 Watching for file changes with StatReloader
INFO 2024-04-20 07:33:26,794 basehttp 212 "GET /forgetpassword/ HTTP/1.1" 200 3701
INFO 2024-04-20 07:33:26,832 basehttp 212 "GET /static/js/forget_password1.js HTTP/1.1" 304 0
INFO 2024-04-20 07:33:35,641 basehttp 212 "POST /forgetpassword/ HTTP/1.1" 302 0
INFO 2024-04-20 07:33:35,650 basehttp 212 "GET /login/ HTTP/1.1" 200 3199
INFO 2024-04-20 07:33:50,633 basehttp 212 "POST /login/ HTTP/1.1" 302 0
INFO 2024-04-20 07:33:50,646 basehttp 212 "GET / HTTP/1.1" 200 3973
INFO 2024-04-20 07:33:51,973 basehttp 212 "GET /logout/ HTTP/1.1" 302 0
INFO 2024-04-20 07:33:51,982 basehttp 212 "GET / HTTP/1.1" 200 3973
INFO 2024-04-20 07:37:35,855 autoreload 266 /Users/bloomberg/awvl/blog/users/urls.py changed, reloading.
INFO 2024-04-20 07:37:36,150 autoreload 668 Watching for file changes with StatReloader
INFO 2024-04-20 07:37:44,363 autoreload 266 /Users/bloomberg/awvl/blog/users/urls.py changed, reloading.
INFO 2024-04-20 07:37:44,637 autoreload 668 Watching for file changes with StatReloader
INFO 2024-04-20 07:37:46,517 autoreload 668 Watching for file changes with StatReloader
INFO 2024-04-20 07:37:52,337 basehttp 212 "GET / HTTP/1.1" 200 3973
INFO 2024-04-20 07:37:55,670 basehttp 212 "GET / HTTP/1.1" 200 3973
INFO 2024-04-20 07:37:57,502 basehttp 212 "GET /center HTTP/1.1" 301 0
INFO 2024-04-20 07:37:57,509 basehttp 212 "GET /center/ HTTP/1.1" 200 4106
WARNING 2024-04-20 07:37:57,530 log 241 Not Found: /center/img/mei.png
WARNING 2024-04-20 07:37:57,532 basehttp 212 "GET /center/img/mei.png HTTP/1.1" 404 3153
INFO 2024-04-20 07:37:57,533 basehttp 212 "GET /static/js/center.js HTTP/1.1" 200 522
WARNING 2024-04-20 07:37:57,541 log 241 Not Found: /center/img/mei.png
WARNING 2024-04-20 07:37:57,541 basehttp 212 "GET /center/img/mei.png HTTP/1.1" 404 3153
INFO 2024-04-20 07:38:34,341 autoreload 266 /Users/bloomberg/awvl/blog/users/views.py changed, reloading.
INFO 2024-04-20 07:38:34,636 autoreload 668 Watching for file changes with StatReloader
INFO 2024-04-20 08:52:29,554 autoreload 668 Watching for file changes with StatReloader
INFO 2024-04-20 08:52:33,584 basehttp 212 "GET /center/ HTTP/1.1" 200 4279
INFO 2024-04-20 08:52:33,633 basehttp 212 "GET /static/js/center1.js HTTP/1.1" 200 522
WARNING 2024-04-20 08:52:33,638 basehttp 212 "GET /static/img/mei.png HTTP/1.1" 404 1792
INFO 2024-04-20 08:53:10,306 autoreload 668 Watching for file changes with StatReloader
INFO 2024-04-20 08:53:14,394 basehttp 212 "GET / HTTP/1.1" 200 3971
INFO 2024-04-20 08:53:18,806 basehttp 212 "GET /login/ HTTP/1.1" 200 3199
INFO 2024-04-20 08:53:24,269 basehttp 212 "POST /login/ HTTP/1.1" 302 0
INFO 2024-04-20 08:53:24,278 basehttp 212 "GET / HTTP/1.1" 200 3971
INFO 2024-04-20 08:53:27,049 basehttp 212 "GET /center/ HTTP/1.1" 200 4279
WARNING 2024-04-20 08:53:27,075 basehttp 212 "GET /static/img/mei.png HTTP/1.1" 404 1792
INFO 2024-04-20 08:53:47,053 basehttp 212 "GET /center/ HTTP/1.1" 200 4279
WARNING 2024-04-20 08:53:47,077 basehttp 212 "GET /static/img/mei.png HTTP/1.1" 404 1792
INFO 2024-04-20 08:54:31,522 basehttp 212 "GET /logout/ HTTP/1.1" 302 0
INFO 2024-04-20 08:54:31,529 basehttp 212 "GET / HTTP/1.1" 200 3971
INFO 2024-04-20 08:54:32,880 basehttp 212 "GET / HTTP/1.1" 200 3971
INFO 2024-04-20 08:54:34,224 basehttp 212 "GET /center/ HTTP/1.1" 200 4279
WARNING 2024-04-20 08:54:34,247 basehttp 212 "GET /static/img/mei.png HTTP/1.1" 404 1792
INFO 2024-04-20 08:55:33,685 autoreload 266 /Users/bloomberg/awvl/blog/users/views.py changed, reloading.
INFO 2024-04-20 08:55:33,980 autoreload 668 Watching for file changes with StatReloader
INFO 2024-04-20 08:56:27,872 autoreload 266 /Users/bloomberg/awvl/blog/users/views.py changed, reloading.
INFO 2024-04-20 08:56:28,152 autoreload 668 Watching for file changes with StatReloader
INFO 2024-04-20 08:56:32,481 basehttp 212 "GET /center/ HTTP/1.1" 302 0
WARNING 2024-04-20 08:56:32,495 log 241 Not Found: /accounts/login/
WARNING 2024-04-20 08:56:32,496 basehttp 212 "GET /accounts/login/?next=/center/ HTTP/1.1" 404 3158
INFO 2024-04-20 08:56:54,673 autoreload 266 /Users/bloomberg/awvl/blog/users/views.py changed, reloading.
INFO 2024-04-20 08:56:54,961 autoreload 668 Watching for file changes with StatReloader
INFO 2024-04-20 08:57:32,585 autoreload 266 /Users/bloomberg/awvl/blog/blog/settings.py changed, reloading.
INFO 2024-04-20 08:57:32,861 autoreload 668 Watching for file changes with StatReloader
INFO 2024-04-20 08:57:43,004 basehttp 212 "GET /center/ HTTP/1.1" 302 0
INFO 2024-04-20 08:57:43,017 basehttp 212 "GET /login/?next=/center/ HTTP/1.1" 200 3199
INFO 2024-04-20 08:57:43,948 basehttp 212 "GET /center/ HTTP/1.1" 302 0
INFO 2024-04-20 08:57:43,957 basehttp 212 "GET /login/?next=/center/ HTTP/1.1" 200 3199
WARNING 2024-04-20 08:58:13,332 log 241 Bad Request: /login/
WARNING 2024-04-20 08:58:13,334 basehttp 212 "POST /login/?next=/center/ HTTP/1.1" 400 24
INFO 2024-04-20 08:58:20,275 basehttp 212 "POST /login/?next=/center/ HTTP/1.1" 302 0
INFO 2024-04-20 08:58:20,286 basehttp 212 "GET / HTTP/1.1" 200 3971
INFO 2024-04-20 08:58:26,339 basehttp 212 "GET /logout/ HTTP/1.1" 302 0
INFO 2024-04-20 08:58:26,349 basehttp 212 "GET / HTTP/1.1" 200 3971
INFO 2024-04-20 08:58:34,807 basehttp 212 "GET /center/ HTTP/1.1" 302 0
INFO 2024-04-20 08:58:34,816 basehttp 212 "GET /login/?next=/center/ HTTP/1.1" 200 3199
INFO 2024-04-20 08:58:35,798 basehttp 212 "GET /center/ HTTP/1.1" 302 0
INFO 2024-04-20 08:58:35,806 basehttp 212 "GET /login/?next=/center/ HTTP/1.1" 200 3199
INFO 2024-04-20 09:00:15,450 autoreload 266 /Users/bloomberg/awvl/blog/users/views.py changed, reloading.
INFO 2024-04-20 09:00:15,787 autoreload 668 Watching for file changes with StatReloader
INFO 2024-04-20 09:00:17,938 autoreload 266 /Users/bloomberg/awvl/blog/users/views.py changed, reloading.
INFO 2024-04-20 09:00:18,155 autoreload 668 Watching for file changes with StatReloader
INFO 2024-04-20 09:00:29,635 autoreload 668 Watching for file changes with StatReloader
INFO 2024-04-20 09:01:31,171 basehttp 212 "POST /login/?next=/center/ HTTP/1.1" 302 0
INFO 2024-04-20 09:01:31,189 basehttp 212 "GET /center/ HTTP/1.1" 200 4279
WARNING 2024-04-20 09:01:31,219 basehttp 212 "GET /static/img/mei.png HTTP/1.1" 404 1792
INFO 2024-04-20 09:02:36,842 autoreload 266 /Users/bloomberg/awvl/blog/users/views.py changed, reloading.
INFO 2024-04-20 09:02:37,153 autoreload 668 Watching for file changes with StatReloader
INFO 2024-04-20 09:03:59,102 autoreload 668 Watching for file changes with StatReloader
INFO 2024-04-20 09:04:17,434 basehttp 212 "GET /center/ HTTP/1.1" 200 4301
WARNING 2024-04-20 09:04:17,488 basehttp 212 "GET /static/img/mei.png HTTP/1.1" 404 1792
INFO 2024-04-20 09:06:26,563 autoreload 266 /Users/bloomberg/awvl/blog/users/views.py changed, reloading.
INFO 2024-04-20 09:06:26,860 autoreload 668 Watching for file changes with StatReloader
INFO 2024-04-20 09:08:29,782 autoreload 266 /Users/bloomberg/awvl/blog/blog/settings.py changed, reloading.
INFO 2024-04-20 09:08:30,009 autoreload 668 Watching for file changes with StatReloader
INFO 2024-04-20 09:09:02,438 autoreload 668 Watching for file changes with StatReloader
INFO 2024-04-20 09:09:28,394 basehttp 212 "GET /center/ HTTP/1.1" 200 4301
WARNING 2024-04-20 09:09:28,427 basehttp 212 "GET /static/img/mei.png HTTP/1.1" 404 1792
INFO 2024-04-20 09:09:56,898 basehttp 212 "POST /center/ HTTP/1.1" 302 0
INFO 2024-04-20 09:09:56,907 basehttp 212 "GET /center/ HTTP/1.1" 200 4339
WARNING 2024-04-20 09:09:56,939 log 241 Not Found: /media/avatar/20240420/Snipaste_2024-04-20_17-09-42.jpg
WARNING 2024-04-20 09:09:56,940 basehttp 212 "GET /media/avatar/20240420/Snipaste_2024-04-20_17-09-42.jpg HTTP/1.1" 404 3261
WARNING 2024-04-20 09:11:11,986 log 241 Not Found: /media/avatar/20240420/Snipaste_2024-04-20_17-09-42.jpg
WARNING 2024-04-20 09:11:11,987 basehttp 212 "GET /media/avatar/20240420/Snipaste_2024-04-20_17-09-42.jpg HTTP/1.1" 404 3261
INFO 2024-04-20 09:12:28,787 autoreload 266 /Users/bloomberg/awvl/blog/blog/urls.py changed, reloading.
INFO 2024-04-20 09:12:29,085 autoreload 668 Watching for file changes with StatReloader
INFO 2024-04-20 09:12:31,818 autoreload 668 Watching for file changes with StatReloader
INFO 2024-04-20 09:12:38,007 basehttp 212 "GET /center/ HTTP/1.1" 200 4339
INFO 2024-04-20 09:12:38,034 basehttp 212 "GET /media/avatar/20240420/Snipaste_2024-04-20_17-09-42.jpg HTTP/1.1" 200 13383
INFO 2024-04-20 09:12:44,122 basehttp 212 "GET /media/avatar/20240420/Snipaste_2024-04-20_17-09-42.jpg HTTP/1.1" 200 13383
INFO 2024-04-20 09:14:44,988 autoreload 266 /Users/bloomberg/awvl/blog/users/views.py changed, reloading.
INFO 2024-04-20 09:14:45,317 autoreload 668 Watching for file changes with StatReloader
INFO 2024-04-20 09:14:52,576 autoreload 266 /Users/bloomberg/awvl/blog/users/views.py changed, reloading.
INFO 2024-04-20 09:14:52,860 autoreload 668 Watching for file changes with StatReloader
INFO 2024-04-20 09:14:57,074 autoreload 266 /Users/bloomberg/awvl/blog/users/views.py changed, reloading.
INFO 2024-04-20 09:14:57,284 autoreload 668 Watching for file changes with StatReloader
INFO 2024-04-20 09:15:19,316 autoreload 668 Watching for file changes with StatReloader
INFO 2024-04-20 09:17:02,938 autoreload 266 /Users/bloomberg/awvl/blog/users/urls.py changed, reloading.
INFO 2024-04-20 09:17:03,235 autoreload 668 Watching for file changes with StatReloader
INFO 2024-04-20 09:17:18,205 autoreload 668 Watching for file changes with StatReloader
INFO 2024-04-20 09:17:27,278 basehttp 212 "GET /writeblog HTTP/1.1" 301 0
INFO 2024-04-20 09:17:27,353 basehttp 212 "GET /writeblog/ HTTP/1.1" 200 5682
INFO 2024-04-20 09:17:27,384 basehttp 212 "GET /static/ckeditor/ckeditor/ckeditor.js HTTP/1.1" 200 690627
WARNING 2024-04-20 09:17:27,417 log 241 Not Found: /writeblog/ckeditor/ckeditor/config.js
WARNING 2024-04-20 09:17:27,417 basehttp 212 "GET /writeblog/ckeditor/ckeditor/config.js?t=I3I8 HTTP/1.1" 404 3518
WARNING 2024-04-20 09:17:27,424 log 241 Not Found: /writeblog/ckeditor/ckeditor/skins/moono-lisa/editor.css
WARNING 2024-04-20 09:17:27,425 log 241 Not Found: /writeblog/ckeditor/ckeditor/lang/zh-cn.js
WARNING 2024-04-20 09:17:27,425 basehttp 212 "GET /writeblog/ckeditor/ckeditor/skins/moono-lisa/editor.css?t=I3I8 HTTP/1.1" 404 3572
WARNING 2024-04-20 09:17:27,425 basehttp 212 "GET /writeblog/ckeditor/ckeditor/lang/zh-cn.js?t=I3I8 HTTP/1.1" 404 3530
INFO 2024-04-20 09:35:34,282 autoreload 668 Watching for file changes with StatReloader
INFO 2024-04-20 09:35:44,180 basehttp 212 "GET /writeblog/ HTTP/1.1" 200 5463
INFO 2024-04-20 09:35:44,206 basehttp 212 "GET /static/js/write_blog1.js HTTP/1.1" 200 521
INFO 2024-04-20 09:35:44,231 basehttp 212 "GET /static/ckeditor/ckeditor/config.js?t=I3I8 HTTP/1.1" 200 338
INFO 2024-04-20 09:35:44,235 basehttp 212 "GET /static/ckeditor/ckeditor/lang/zh-cn.js?t=I3I8 HTTP/1.1" 200 18818
INFO 2024-04-20 09:35:44,238 basehttp 212 "GET /static/ckeditor/ckeditor/styles.js?t=I3I8 HTTP/1.1" 200 5583
INFO 2024-04-20 09:35:44,241 basehttp 212 "GET /static/ckeditor/ckeditor/plugins/scayt/skins/moono-lisa/scayt.css HTTP/1.1" 200 381
INFO 2024-04-20 09:35:44,241 basehttp 212 "GET /static/ckeditor/ckeditor/plugins/scayt/dialogs/dialog.css HTTP/1.1" 200 419
INFO 2024-04-20 09:35:44,264 basehttp 212 "GET /static/ckeditor/ckeditor/contents.css?t=I3I8 HTTP/1.1" 200 2954
INFO 2024-04-20 09:35:44,269 basehttp 212 "GET /static/ckeditor/ckeditor/skins/moono-lisa/icons_hidpi.png?t=95e5d83 HTTP/1.1" 200 40265
INFO 2024-04-20 09:52:06,703 autoreload 668 Watching for file changes with StatReloader
INFO 2024-04-20 09:52:13,490 basehttp 212 "GET / HTTP/1.1" 200 3972
INFO 2024-04-20 09:52:16,211 basehttp 212 "GET /writeblog/ HTTP/1.1" 200 5463
INFO 2024-04-20 10:02:01,244 autoreload 266 /Users/bloomberg/awvl/blog/blog/settings.py changed, reloading.
INFO 2024-04-20 10:02:01,517 autoreload 668 Watching for file changes with StatReloader
INFO 2024-04-20 10:02:02,655 autoreload 266 /Users/bloomberg/awvl/blog/blog/settings.py changed, reloading.
INFO 2024-04-20 10:05:30,671 autoreload 668 Watching for file changes with StatReloader
INFO 2024-04-20 10:05:41,380 basehttp 212 "GET /admin HTTP/1.1" 301 0
INFO 2024-04-20 10:05:41,399 basehttp 212 "GET /admin/ HTTP/1.1" 302 0
INFO 2024-04-20 10:05:41,432 basehttp 212 "GET /admin/login/?next=/admin/ HTTP/1.1" 200 3681
INFO 2024-04-20 10:05:41,484 basehttp 212 "GET /static/admin/css/nav_sidebar.css HTTP/1.1" 200 2810
INFO 2024-04-20 10:05:41,487 basehttp 212 "GET /static/admin/js/theme.js HTTP/1.1" 200 1943
INFO 2024-04-20 10:05:41,488 basehttp 212 "GET /static/admin/js/nav_sidebar.js HTTP/1.1" 200 3063
INFO 2024-04-20 10:05:41,488 basehttp 212 "GET /static/admin/css/base.css HTTP/1.1" 200 21544
INFO 2024-04-20 10:05:41,488 basehttp 212 "GET /static/admin/css/login.css HTTP/1.1" 200 958
INFO 2024-04-20 10:05:41,489 basehttp 212 "GET /static/admin/css/dark_mode.css HTTP/1.1" 200 2682
INFO 2024-04-20 10:05:41,489 basehttp 212 "GET /static/admin/css/responsive.css HTTP/1.1" 200 17905
INFO 2024-04-20 10:06:58,227 autoreload 266 /Users/bloomberg/awvl/blog/blog/settings.py changed, reloading.
INFO 2024-04-20 10:06:58,532 autoreload 668 Watching for file changes with StatReloader
INFO 2024-04-20 10:07:03,743 autoreload 266 /Users/bloomberg/awvl/blog/blog/settings.py changed, reloading.
INFO 2024-04-20 10:07:03,970 autoreload 668 Watching for file changes with StatReloader
INFO 2024-04-20 10:07:06,134 autoreload 266 /Users/bloomberg/awvl/blog/blog/settings.py changed, reloading.
INFO 2024-04-20 10:07:06,368 autoreload 668 Watching for file changes with StatReloader
INFO 2024-04-20 10:07:16,640 autoreload 266 /Users/bloomberg/awvl/blog/blog/settings.py changed, reloading.
INFO 2024-04-20 18:07:16,870 autoreload 668 Watching for file changes with StatReloader
INFO 2024-04-20 18:07:20,710 autoreload 668 Watching for file changes with StatReloader
INFO 2024-04-20 18:07:22,665 basehttp 212 "GET /admin/login/?next=/admin/ HTTP/1.1" 200 3667
INFO 2024-04-20 18:08:38,057 autoreload 266 /Users/bloomberg/awvl/blog/users/models.py changed, reloading.
INFO 2024-04-20 18:08:38,351 autoreload 668 Watching for file changes with StatReloader
INFO 2024-04-20 18:08:39,503 autoreload 266 /Users/bloomberg/awvl/blog/users/models.py changed, reloading.
INFO 2024-04-20 18:08:39,706 autoreload 668 Watching for file changes with StatReloader
INFO 2024-04-20 18:08:53,039 autoreload 266 /Users/bloomberg/awvl/blog/users/models.py changed, reloading.
INFO 2024-04-20 18:08:53,346 autoreload 668 Watching for file changes with StatReloader
INFO 2024-04-20 18:10:28,272 basehttp 212 "POST /admin/login/?next=/admin/ HTTP/1.1" 302 0
INFO 2024-04-20 18:10:28,303 basehttp 212 "GET /admin/ HTTP/1.1" 200 5103
INFO 2024-04-20 18:10:28,322 basehttp 212 "GET /static/admin/css/dashboard.css HTTP/1.1" 200 441
INFO 2024-04-20 18:10:28,335 basehttp 212 "GET /static/admin/img/icon-addlink.svg HTTP/1.1" 200 331
INFO 2024-04-20 18:10:28,335 basehttp 212 "GET /static/admin/img/icon-changelink.svg HTTP/1.1" 200 380
INFO 2024-04-20 18:11:08,607 autoreload 266 /Users/bloomberg/awvl/blog/home/admin.py changed, reloading.
INFO 2024-04-20 18:11:08,903 autoreload 668 Watching for file changes with StatReloader
INFO 2024-04-20 18:11:12,006 autoreload 668 Watching for file changes with StatReloader
INFO 2024-04-20 18:11:22,380 basehttp 212 "GET /admin/ HTTP/1.1" 200 5784
INFO 2024-04-20 18:11:25,204 basehttp 212 "GET /admin/home/articlecategory/ HTTP/1.1" 200 7195
INFO 2024-04-20 18:11:25,221 basehttp 212 "GET /static/admin/css/changelists.css HTTP/1.1" 200 6811
INFO 2024-04-20 18:11:25,236 basehttp 212 "GET /static/admin/js/actions.js HTTP/1.1" 200 8067
INFO 2024-04-20 18:11:25,236 basehttp 212 "GET /static/admin/js/jquery.init.js HTTP/1.1" 200 347
INFO 2024-04-20 18:11:25,237 basehttp 212 "GET /static/admin/js/core.js HTTP/1.1" 200 6208
INFO 2024-04-20 18:11:25,239 basehttp 212 "GET /static/admin/js/prepopulate.js HTTP/1.1" 200 1531
INFO 2024-04-20 18:11:25,240 basehttp 212 "GET /static/admin/js/admin/RelatedObjectLookups.js HTTP/1.1" 200 9042
INFO 2024-04-20 18:11:25,240 basehttp 212 "GET /static/admin/js/urlify.js HTTP/1.1" 200 7887
INFO 2024-04-20 18:11:25,242 basehttp 212 "GET /static/admin/js/filters.js HTTP/1.1" 200 978
INFO 2024-04-20 18:11:25,244 basehttp 212 "GET /admin/jsi18n/ HTTP/1.1" 200 9327
INFO 2024-04-20 18:11:25,245 basehttp 212 "GET /static/admin/js/vendor/jquery/jquery.js HTTP/1.1" 200 285314
INFO 2024-04-20 18:11:25,245 basehttp 212 "GET /static/admin/js/vendor/xregexp/xregexp.js HTTP/1.1" 200 325171
INFO 2024-04-20 18:11:25,265 basehttp 212 "GET /static/admin/img/tooltag-add.svg HTTP/1.1" 200 331
INFO 2024-04-20 18:11:45,393 basehttp 212 "GET /admin/home/articlecategory/add/ HTTP/1.1" 200 9052
INFO 2024-04-20 18:11:45,409 basehttp 212 "GET /static/admin/css/forms.css HTTP/1.1" 200 9090
INFO 2024-04-20 18:11:45,410 basehttp 212 "GET /static/admin/js/calendar.js HTTP/1.1" 200 9141
INFO 2024-04-20 18:11:45,411 basehttp 212 "GET /static/admin/js/admin/DateTimeShortcuts.js HTTP/1.1" 200 19319
INFO 2024-04-20 18:11:45,412 basehttp 212 "GET /static/admin/js/change_form.js HTTP/1.1" 200 606
INFO 2024-04-20 18:11:45,412 basehttp 212 "GET /static/admin/js/prepopulate_init.js HTTP/1.1" 200 586
INFO 2024-04-20 18:11:45,413 basehttp 212 "GET /static/admin/css/widgets.css HTTP/1.1" 200 11800
INFO 2024-04-20 18:11:45,415 basehttp 212 "GET /admin/jsi18n/ HTTP/1.1" 200 9327
INFO 2024-04-20 18:11:45,434 basehttp 212 "GET /static/admin/img/icon-calendar.svg HTTP/1.1" 200 1086
INFO 2024-04-20 18:11:45,434 basehttp 212 "GET /static/admin/img/icon-clock.svg HTTP/1.1" 200 677
INFO 2024-04-20 18:11:57,162 basehttp 212 "POST /admin/home/articlecategory/add/ HTTP/1.1" 302 0
INFO 2024-04-20 18:11:57,181 basehttp 212 "GET /admin/home/articlecategory/add/ HTTP/1.1" 200 9302
INFO 2024-04-20 18:11:57,201 basehttp 212 "GET /admin/jsi18n/ HTTP/1.1" 200 9327
INFO 2024-04-20 18:11:57,219 basehttp 212 "GET /static/admin/img/icon-yes.svg HTTP/1.1" 200 436
INFO 2024-04-20 18:12:05,649 basehttp 212 "POST /admin/home/articlecategory/add/ HTTP/1.1" 302 0
INFO 2024-04-20 18:12:05,670 basehttp 212 "GET /admin/home/articlecategory/add/ HTTP/1.1" 200 9300
INFO 2024-04-20 18:12:05,687 basehttp 212 "GET /admin/jsi18n/ HTTP/1.1" 200 9327
INFO 2024-04-20 18:12:12,499 basehttp 212 "POST /admin/home/articlecategory/add/ HTTP/1.1" 302 0
INFO 2024-04-20 18:12:12,520 basehttp 212 "GET /admin/home/articlecategory/add/ HTTP/1.1" 200 9300
INFO 2024-04-20 18:12:12,540 basehttp 212 "GET /admin/jsi18n/ HTTP/1.1" 200 9327
INFO 2024-04-20 18:12:20,061 basehttp 212 "POST /admin/home/articlecategory/add/ HTTP/1.1" 302 0
INFO 2024-04-20 18:12:20,089 basehttp 212 "GET /admin/home/articlecategory/ HTTP/1.1" 200 9448
INFO 2024-04-20 18:12:20,105 basehttp 212 "GET /admin/jsi18n/ HTTP/1.1" 200 9327
INFO 2024-04-20 18:12:51,281 basehttp 212 "GET / HTTP/1.1" 200 3972
INFO 2024-04-20 18:12:53,906 basehttp 212 "GET /writeblog/ HTTP/1.1" 200 5463
INFO 2024-04-20 18:14:16,125 autoreload 266 /Users/bloomberg/awvl/blog/users/views.py changed, reloading.
INFO 2024-04-20 18:14:16,452 autoreload 668 Watching for file changes with StatReloader
INFO 2024-04-20 18:14:25,668 autoreload 266 /Users/bloomberg/awvl/blog/users/views.py changed, reloading.
INFO 2024-04-20 18:14:25,860 autoreload 668 Watching for file changes with StatReloader
INFO 2024-04-20 18:14:28,007 autoreload 266 /Users/bloomberg/awvl/blog/users/views.py changed, reloading.
INFO 2024-04-20 18:14:28,220 autoreload 668 Watching for file changes with StatReloader
INFO 2024-04-20 18:15:00,346 autoreload 668 Watching for file changes with StatReloader
INFO 2024-04-20 18:15:02,785 basehttp 212 "GET /writeblog/ HTTP/1.1" 200 5836
INFO 2024-04-20 18:15:53,338 basehttp 212 "GET / HTTP/1.1" 200 3972
INFO 2024-04-20 18:17:32,882 autoreload 266 /Users/bloomberg/awvl/blog/home/models.py changed, reloading.
INFO 2024-04-20 18:17:33,189 autoreload 668 Watching for file changes with StatReloader
INFO 2024-04-20 18:18:31,131 autoreload 266 /Users/bloomberg/awvl/blog/home/models.py changed, reloading.
INFO 2024-04-20 18:18:31,438 autoreload 668 Watching for file changes with StatReloader
INFO 2024-04-20 18:21:18,045 autoreload 266 /Users/bloomberg/awvl/blog/users/views.py changed, reloading.
INFO 2024-04-20 18:21:18,358 autoreload 668 Watching for file changes with StatReloader
INFO 2024-04-20 18:21:40,783 autoreload 266 /Users/bloomberg/awvl/blog/users/views.py changed, reloading.
INFO 2024-04-20 18:21:41,070 autoreload 668 Watching for file changes with StatReloader
INFO 2024-04-20 18:22:33,024 autoreload 668 Watching for file changes with StatReloader
INFO 2024-04-20 18:22:40,662 basehttp 212 "GET /writeblog/ HTTP/1.1" 200 5836
INFO 2024-04-20 18:24:26,995 basehttp 212 "POST /writeblog/ HTTP/1.1" 302 0
INFO 2024-04-20 18:24:27,003 basehttp 212 "GET / HTTP/1.1" 200 3972
INFO 2024-04-20 19:35:35,174 autoreload 266 /Users/bloomberg/awvl/blog/home/views.py changed, reloading.
INFO 2024-04-20 19:35:35,474 autoreload 668 Watching for file changes with StatReloader
INFO 2024-04-20 19:35:58,926 autoreload 266 /Users/bloomberg/awvl/blog/home/views.py changed, reloading.
INFO 2024-04-20 19:35:59,130 autoreload 668 Watching for file changes with StatReloader
INFO 2024-04-20 19:36:04,333 autoreload 266 /Users/bloomberg/awvl/blog/home/views.py changed, reloading.
INFO 2024-04-20 19:36:04,549 autoreload 668 Watching for file changes with StatReloader
INFO 2024-04-20 19:36:12,783 autoreload 266 /Users/bloomberg/awvl/blog/home/views.py changed, reloading.
INFO 2024-04-20 19:36:13,000 autoreload 668 Watching for file changes with StatReloader
INFO 2024-04-20 19:36:28,312 autoreload 266 /Users/bloomberg/awvl/blog/home/views.py changed, reloading.
INFO 2024-04-20 19:36:28,530 autoreload 668 Watching for file changes with StatReloader
INFO 2024-04-20 19:37:07,228 autoreload 266 /Users/bloomberg/awvl/blog/home/views.py changed, reloading.
INFO 2024-04-20 19:37:07,448 autoreload 668 Watching for file changes with StatReloader
INFO 2024-04-20 19:37:12,666 autoreload 266 /Users/bloomberg/awvl/blog/home/views.py changed, reloading.
INFO 2024-04-20 19:37:12,890 autoreload 668 Watching for file changes with StatReloader
INFO 2024-04-20 19:37:59,847 autoreload 668 Watching for file changes with StatReloader
INFO 2024-04-20 19:38:04,174 basehttp 212 "GET / HTTP/1.1" 200 4892
INFO 2024-04-20 19:38:07,712 basehttp 212 "GET /?cat_id=2 HTTP/1.1" 200 4892
INFO 2024-04-20 19:38:08,368 basehttp 212 "GET /?cat_id=3 HTTP/1.1" 200 4892
INFO 2024-04-20 19:38:08,739 basehttp 212 "GET /?cat_id=4 HTTP/1.1" 200 4892
INFO 2024-04-20 19:38:09,234 basehttp 212 "GET /?cat_id=1 HTTP/1.1" 200 4892
INFO 2024-04-20 19:39:21,678 basehttp 212 "GET /?cat_id=3 HTTP/1.1" 200 4892
INFO 2024-04-20 19:41:28,215 autoreload 266 /Users/bloomberg/awvl/blog/home/views.py changed, reloading.
INFO 2024-04-20 19:41:28,507 autoreload 668 Watching for file changes with StatReloader
ERROR 2024-04-20 19:42:30,602 log 241 Internal Server Error: /
Traceback (most recent call last):
  File "/Users/bloomberg/anaconda3/envs/awvl/lib/python3.11/site-packages/django/core/handlers/exception.py", line 55, in inner
    response = get_response(request)
               ^^^^^^^^^^^^^^^^^^^^^
  File "/Users/bloomberg/anaconda3/envs/awvl/lib/python3.11/site-packages/django/core/handlers/base.py", line 204, in _get_response
    self.check_response(response, callback)
  File "/Users/bloomberg/anaconda3/envs/awvl/lib/python3.11/site-packages/django/core/handlers/base.py", line 332, in check_response
    raise ValueError(
ValueError: The view home.views.view didn't return an HttpResponse object. It returned None instead.
ERROR 2024-04-20 19:42:30,603 basehttp 212 "GET /?cat_id=3 HTTP/1.1" 500 68854
ERROR 2024-04-20 19:42:32,708 log 241 Internal Server Error: /
Traceback (most recent call last):
  File "/Users/bloomberg/anaconda3/envs/awvl/lib/python3.11/site-packages/django/core/handlers/exception.py", line 55, in inner
    response = get_response(request)
               ^^^^^^^^^^^^^^^^^^^^^
  File "/Users/bloomberg/anaconda3/envs/awvl/lib/python3.11/site-packages/django/core/handlers/base.py", line 204, in _get_response
    self.check_response(response, callback)
  File "/Users/bloomberg/anaconda3/envs/awvl/lib/python3.11/site-packages/django/core/handlers/base.py", line 332, in check_response
    raise ValueError(
ValueError: The view home.views.view didn't return an HttpResponse object. It returned None instead.
ERROR 2024-04-20 19:42:32,709 basehttp 212 "GET /?cat_id=3 HTTP/1.1" 500 69014
ERROR 2024-04-20 19:42:36,930 log 241 Internal Server Error: /
Traceback (most recent call last):
  File "/Users/bloomberg/anaconda3/envs/awvl/lib/python3.11/site-packages/django/core/handlers/exception.py", line 55, in inner
    response = get_response(request)
               ^^^^^^^^^^^^^^^^^^^^^
  File "/Users/bloomberg/anaconda3/envs/awvl/lib/python3.11/site-packages/django/core/handlers/base.py", line 204, in _get_response
    self.check_response(response, callback)
  File "/Users/bloomberg/anaconda3/envs/awvl/lib/python3.11/site-packages/django/core/handlers/base.py", line 332, in check_response
    raise ValueError(
ValueError: The view home.views.view didn't return an HttpResponse object. It returned None instead.
ERROR 2024-04-20 19:42:36,931 basehttp 212 "GET / HTTP/1.1" 500 68522
INFO 2024-04-20 19:43:26,020 autoreload 668 Watching for file changes with StatReloader
ERROR 2024-04-20 19:43:29,295 log 241 Internal Server Error: /
Traceback (most recent call last):
  File "/Users/bloomberg/anaconda3/envs/awvl/lib/python3.11/site-packages/django/core/handlers/exception.py", line 55, in inner
    response = get_response(request)
               ^^^^^^^^^^^^^^^^^^^^^
  File "/Users/bloomberg/anaconda3/envs/awvl/lib/python3.11/site-packages/django/core/handlers/base.py", line 197, in _get_response
    response = wrapped_callback(request, *callback_args, **callback_kwargs)
               ^^^^^^^^^^^^^^^^^^^^^^^^^^^^^^^^^^^^^^^^^^^^^^^^^^^^^^^^^^^^
  File "/Users/bloomberg/anaconda3/envs/awvl/lib/python3.11/site-packages/django/views/generic/base.py", line 104, in view
    return self.dispatch(request, *args, **kwargs)
           ^^^^^^^^^^^^^^^^^^^^^^^^^^^^^^^^^^^^^^^
  File "/Users/bloomberg/anaconda3/envs/awvl/lib/python3.11/site-packages/django/views/generic/base.py", line 143, in dispatch
    return handler(request, *args, **kwargs)
           ^^^^^^^^^^^^^^^^^^^^^^^^^^^^^^^^^
  File "/Users/bloomberg/awvl/blog/home/views.py", line 55, in get
    return render(request,'index.html',context=context)
           ^^^^^^^^^^^^^^^^^^^^^^^^^^^^^^^^^^^^^^^^^^^^
  File "/Users/bloomberg/anaconda3/envs/awvl/lib/python3.11/site-packages/django/shortcuts.py", line 25, in render
    content = loader.render_to_string(template_name, context, request, using=using)
              ^^^^^^^^^^^^^^^^^^^^^^^^^^^^^^^^^^^^^^^^^^^^^^^^^^^^^^^^^^^^^^^^^^^^^
  File "/Users/bloomberg/anaconda3/envs/awvl/lib/python3.11/site-packages/django/template/loader.py", line 62, in render_to_string
    return template.render(context, request)
           ^^^^^^^^^^^^^^^^^^^^^^^^^^^^^^^^^
  File "/Users/bloomberg/anaconda3/envs/awvl/lib/python3.11/site-packages/django/template/backends/django.py", line 61, in render
    return self.template.render(context)
           ^^^^^^^^^^^^^^^^^^^^^^^^^^^^^
  File "/Users/bloomberg/anaconda3/envs/awvl/lib/python3.11/site-packages/django/template/base.py", line 171, in render
    return self._render(context)
           ^^^^^^^^^^^^^^^^^^^^^
  File "/Users/bloomberg/anaconda3/envs/awvl/lib/python3.11/site-packages/django/template/base.py", line 163, in _render
    return self.nodelist.render(context)
           ^^^^^^^^^^^^^^^^^^^^^^^^^^^^^
  File "/Users/bloomberg/anaconda3/envs/awvl/lib/python3.11/site-packages/django/template/base.py", line 1000, in render
    return SafeString("".join([node.render_annotated(context) for node in self]))
                              ^^^^^^^^^^^^^^^^^^^^^^^^^^^^^^^^^^^^^^^^^^^^^^^^^
  File "/Users/bloomberg/anaconda3/envs/awvl/lib/python3.11/site-packages/django/template/base.py", line 1000, in <listcomp>
    return SafeString("".join([node.render_annotated(context) for node in self]))
                               ^^^^^^^^^^^^^^^^^^^^^^^^^^^^^^
  File "/Users/bloomberg/anaconda3/envs/awvl/lib/python3.11/site-packages/django/template/base.py", line 961, in render_annotated
    return self.render(context)
           ^^^^^^^^^^^^^^^^^^^^
  File "/Users/bloomberg/anaconda3/envs/awvl/lib/python3.11/site-packages/django/template/defaulttags.py", line 242, in render
    nodelist.append(node.render_annotated(context))
                    ^^^^^^^^^^^^^^^^^^^^^^^^^^^^^^
  File "/Users/bloomberg/anaconda3/envs/awvl/lib/python3.11/site-packages/django/template/base.py", line 961, in render_annotated
    return self.render(context)
           ^^^^^^^^^^^^^^^^^^^^
  File "/Users/bloomberg/anaconda3/envs/awvl/lib/python3.11/site-packages/django/template/defaulttags.py", line 479, in render
    url = reverse(view_name, args=args, kwargs=kwargs, current_app=current_app)
          ^^^^^^^^^^^^^^^^^^^^^^^^^^^^^^^^^^^^^^^^^^^^^^^^^^^^^^^^^^^^^^^^^^^^^
  File "/Users/bloomberg/anaconda3/envs/awvl/lib/python3.11/site-packages/django/urls/base.py", line 88, in reverse
    return resolver._reverse_with_prefix(view, prefix, *args, **kwargs)
           ^^^^^^^^^^^^^^^^^^^^^^^^^^^^^^^^^^^^^^^^^^^^^^^^^^^^^^^^^^^^
  File "/Users/bloomberg/anaconda3/envs/awvl/lib/python3.11/site-packages/django/urls/resolvers.py", line 851, in _reverse_with_prefix
    raise NoReverseMatch(msg)
django.urls.exceptions.NoReverseMatch: Reverse for 'detail' not found. 'detail' is not a valid view function or pattern name.
ERROR 2024-04-20 19:43:29,297 basehttp 212 "GET / HTTP/1.1" 500 150734
INFO 2024-04-20 19:44:33,757 autoreload 668 Watching for file changes with StatReloader
ERROR 2024-04-20 19:44:36,016 log 241 Internal Server Error: /
Traceback (most recent call last):
  File "/Users/bloomberg/anaconda3/envs/awvl/lib/python3.11/site-packages/django/urls/base.py", line 71, in reverse
    extra, resolver = resolver.namespace_dict[ns]
                      ~~~~~~~~~~~~~~~~~~~~~~~^^^^
KeyError: 'user'

During handling of the above exception, another exception occurred:

Traceback (most recent call last):
  File "/Users/bloomberg/anaconda3/envs/awvl/lib/python3.11/site-packages/django/core/handlers/exception.py", line 55, in inner
    response = get_response(request)
               ^^^^^^^^^^^^^^^^^^^^^
  File "/Users/bloomberg/anaconda3/envs/awvl/lib/python3.11/site-packages/django/core/handlers/base.py", line 197, in _get_response
    response = wrapped_callback(request, *callback_args, **callback_kwargs)
               ^^^^^^^^^^^^^^^^^^^^^^^^^^^^^^^^^^^^^^^^^^^^^^^^^^^^^^^^^^^^
  File "/Users/bloomberg/anaconda3/envs/awvl/lib/python3.11/site-packages/django/views/generic/base.py", line 104, in view
    return self.dispatch(request, *args, **kwargs)
           ^^^^^^^^^^^^^^^^^^^^^^^^^^^^^^^^^^^^^^^
  File "/Users/bloomberg/anaconda3/envs/awvl/lib/python3.11/site-packages/django/views/generic/base.py", line 143, in dispatch
    return handler(request, *args, **kwargs)
           ^^^^^^^^^^^^^^^^^^^^^^^^^^^^^^^^^
  File "/Users/bloomberg/awvl/blog/home/views.py", line 55, in get
    return render(request,'index.html',context=context)
           ^^^^^^^^^^^^^^^^^^^^^^^^^^^^^^^^^^^^^^^^^^^^
  File "/Users/bloomberg/anaconda3/envs/awvl/lib/python3.11/site-packages/django/shortcuts.py", line 25, in render
    content = loader.render_to_string(template_name, context, request, using=using)
              ^^^^^^^^^^^^^^^^^^^^^^^^^^^^^^^^^^^^^^^^^^^^^^^^^^^^^^^^^^^^^^^^^^^^^
  File "/Users/bloomberg/anaconda3/envs/awvl/lib/python3.11/site-packages/django/template/loader.py", line 62, in render_to_string
    return template.render(context, request)
           ^^^^^^^^^^^^^^^^^^^^^^^^^^^^^^^^^
  File "/Users/bloomberg/anaconda3/envs/awvl/lib/python3.11/site-packages/django/template/backends/django.py", line 61, in render
    return self.template.render(context)
           ^^^^^^^^^^^^^^^^^^^^^^^^^^^^^
  File "/Users/bloomberg/anaconda3/envs/awvl/lib/python3.11/site-packages/django/template/base.py", line 171, in render
    return self._render(context)
           ^^^^^^^^^^^^^^^^^^^^^
  File "/Users/bloomberg/anaconda3/envs/awvl/lib/python3.11/site-packages/django/template/base.py", line 163, in _render
    return self.nodelist.render(context)
           ^^^^^^^^^^^^^^^^^^^^^^^^^^^^^
  File "/Users/bloomberg/anaconda3/envs/awvl/lib/python3.11/site-packages/django/template/base.py", line 1000, in render
    return SafeString("".join([node.render_annotated(context) for node in self]))
                              ^^^^^^^^^^^^^^^^^^^^^^^^^^^^^^^^^^^^^^^^^^^^^^^^^
  File "/Users/bloomberg/anaconda3/envs/awvl/lib/python3.11/site-packages/django/template/base.py", line 1000, in <listcomp>
    return SafeString("".join([node.render_annotated(context) for node in self]))
                               ^^^^^^^^^^^^^^^^^^^^^^^^^^^^^^
  File "/Users/bloomberg/anaconda3/envs/awvl/lib/python3.11/site-packages/django/template/base.py", line 961, in render_annotated
    return self.render(context)
           ^^^^^^^^^^^^^^^^^^^^
  File "/Users/bloomberg/anaconda3/envs/awvl/lib/python3.11/site-packages/django/template/defaulttags.py", line 242, in render
    nodelist.append(node.render_annotated(context))
                    ^^^^^^^^^^^^^^^^^^^^^^^^^^^^^^
  File "/Users/bloomberg/anaconda3/envs/awvl/lib/python3.11/site-packages/django/template/base.py", line 961, in render_annotated
    return self.render(context)
           ^^^^^^^^^^^^^^^^^^^^
  File "/Users/bloomberg/anaconda3/envs/awvl/lib/python3.11/site-packages/django/template/defaulttags.py", line 479, in render
    url = reverse(view_name, args=args, kwargs=kwargs, current_app=current_app)
          ^^^^^^^^^^^^^^^^^^^^^^^^^^^^^^^^^^^^^^^^^^^^^^^^^^^^^^^^^^^^^^^^^^^^^
  File "/Users/bloomberg/anaconda3/envs/awvl/lib/python3.11/site-packages/django/urls/base.py", line 82, in reverse
    raise NoReverseMatch("%s is not a registered namespace" % key)
django.urls.exceptions.NoReverseMatch: 'user' is not a registered namespace
ERROR 2024-04-20 19:44:36,018 basehttp 212 "GET / HTTP/1.1" 500 151935
INFO 2024-04-20 19:44:58,477 autoreload 668 Watching for file changes with StatReloader
INFO 2024-04-20 19:45:00,294 basehttp 212 "GET / HTTP/1.1" 200 6343
INFO 2024-04-20 19:45:00,325 basehttp 212 "GET /media/article/20240420/Snipaste_2024-04-20_17-09-42.jpg HTTP/1.1" 200 13383
INFO 2024-04-20 19:45:06,499 basehttp 212 "GET /?cat_id=2 HTTP/1.1" 200 4896
INFO 2024-04-20 19:45:07,027 basehttp 212 "GET /?cat_id=1 HTTP/1.1" 200 6343
INFO 2024-04-20 19:45:07,738 basehttp 212 "GET / HTTP/1.1" 200 6343
INFO 2024-04-20 19:45:16,002 basehttp 212 "GET / HTTP/1.1" 200 6343
INFO 2024-04-20 19:45:22,792 basehttp 212 "GET / HTTP/1.1" 200 6343
INFO 2024-04-20 19:45:25,568 basehttp 212 "GET /?cat_id=1 HTTP/1.1" 200 6343
INFO 2024-04-20 19:45:27,144 basehttp 212 "GET / HTTP/1.1" 200 6343
INFO 2024-04-20 19:46:12,309 basehttp 212 "GET / HTTP/1.1" 200 6343
INFO 2024-04-20 19:48:42,752 basehttp 212 "GET / HTTP/1.1" 200 19368
INFO 2024-04-20 19:48:45,882 basehttp 212 "GET /?cat_id=2 HTTP/1.1" 200 4896
INFO 2024-04-20 19:48:46,552 basehttp 212 "GET /?cat_id=1 HTTP/1.1" 200 19368
INFO 2024-04-20 19:48:46,981 basehttp 212 "GET / HTTP/1.1" 200 19368
INFO 2024-04-20 19:48:48,479 basehttp 212 "GET /?cat_id=1&page_size=10&page_num=5 HTTP/1.1" 200 19376
INFO 2024-04-20 19:48:49,993 basehttp 212 "GET /?cat_id=1&page_size=10&page_num=4 HTTP/1.1" 200 19376
INFO 2024-04-20 19:48:52,475 basehttp 212 "GET /?cat_id=1&page_size=10&page_num=2 HTTP/1.1" 200 19376
INFO 2024-04-20 19:48:53,976 basehttp 212 "GET /?cat_id=1&page_size=10&page_num=1 HTTP/1.1" 200 19368
INFO 2024-04-20 19:55:13,389 autoreload 266 /Users/bloomberg/awvl/blog/home/views.py changed, reloading.
INFO 2024-04-20 19:55:13,669 autoreload 668 Watching for file changes with StatReloader
INFO 2024-04-20 19:58:43,250 autoreload 668 Watching for file changes with StatReloader
INFO 2024-04-20 20:00:59,888 autoreload 668 Watching for file changes with StatReloader
INFO 2024-04-20 20:02:50,518 autoreload 266 /Users/bloomberg/awvl/blog/home/views.py changed, reloading.
INFO 2024-04-20 20:02:50,721 autoreload 668 Watching for file changes with StatReloader
INFO 2024-04-20 20:03:35,433 autoreload 266 /Users/bloomberg/awvl/blog/home/views.py changed, reloading.
INFO 2024-04-20 20:03:35,661 autoreload 668 Watching for file changes with StatReloader
INFO 2024-04-20 20:03:36,362 autoreload 668 Watching for file changes with StatReloader
INFO 2024-04-20 20:04:51,336 autoreload 668 Watching for file changes with StatReloader
INFO 2024-04-20 20:05:05,266 autoreload 668 Watching for file changes with StatReloader
INFO 2024-04-20 20:05:18,140 basehttp 212 "GET / HTTP/1.1" 200 19348
INFO 2024-04-20 20:05:18,190 basehttp 212 "GET /media/article/20240420/Snipaste_2024-04-20_17-09-42.jpg HTTP/1.1" 304 0
INFO 2024-04-20 20:05:29,061 basehttp 212 "GET / HTTP/1.1" 200 19348
INFO 2024-04-20 20:05:34,868 basehttp 212 "GET /detail/?id=1 HTTP/1.1" 200 6832
INFO 2024-04-20 20:05:34,891 basehttp 212 "GET /static/js/detail1.js HTTP/1.1" 200 1294
INFO 2024-04-20 20:05:34,891 basehttp 212 "GET /static/prism/prism.css HTTP/1.1" 200 4033
INFO 2024-04-20 20:05:34,892 basehttp 212 "GET /static/ckeditor/ckeditor/plugins/prism/lib/prism/prism_patched.min.js HTTP/1.1" 200 99487
INFO 2024-04-20 20:05:34,963 basehttp 212 "GET /static/ckeditor/ckeditor/lang/en.js?t=I3I8 HTTP/1.1" 200 19035
INFO 2024-04-20 20:05:34,972 basehttp 212 "GET /static/ckeditor/ckeditor/plugins/codesnippet/plugin.js?t=I3I8 HTTP/1.1" 200 3824
INFO 2024-04-20 20:05:34,972 basehttp 212 "GET /static/ckeditor/ckeditor/plugins/prism/plugin.js?t=I3I8 HTTP/1.1" 200 4333
INFO 2024-04-20 20:05:34,975 basehttp 212 "GET /static/ckeditor/ckeditor/plugins/codesnippet/lang/en.js?t=I3I8 HTTP/1.1" 200 369
INFO 2024-04-20 20:05:34,997 basehttp 212 "GET /static/ckeditor/ckeditor/plugins/prism/lib/prism/prism_patched.min.css HTTP/1.1" 200 2063
INFO 2024-04-20 20:05:35,001 basehttp 212 "GET /static/ckeditor/ckeditor/plugins/codesnippet/icons/hidpi/codesnippet.png?t=I3I8 HTTP/1.1" 200 1887
INFO 2024-04-20 20:06:58,592 autoreload 668 Watching for file changes with StatReloader
INFO 2024-04-20 20:07:05,463 basehttp 212 "GET /detail/?id=11111 HTTP/1.1" 200 1136
WARNING 2024-04-20 20:07:05,501 basehttp 212 "GET /static/img/404.png HTTP/1.1" 404 1792
INFO 2024-04-20 20:07:13,481 basehttp 212 "GET /detail/?id=1111111 HTTP/1.1" 200 1136
WARNING 2024-04-20 20:07:13,500 basehttp 212 "GET /static/img/404.png HTTP/1.1" 404 1792
INFO 2024-04-20 20:08:14,962 autoreload 668 Watching for file changes with StatReloader
INFO 2024-04-20 20:08:16,683 basehttp 212 "GET /detail/?id=1111111 HTTP/1.1" 200 1137
INFO 2024-04-20 20:08:16,707 basehttp 212 "GET /static/img/404.jpeg HTTP/1.1" 200 27604
INFO 2024-04-20 20:09:16,143 autoreload 266 /Users/bloomberg/awvl/blog/home/views.py changed, reloading.
INFO 2024-04-20 20:09:16,425 autoreload 668 Watching for file changes with StatReloader
INFO 2024-04-20 20:09:26,720 autoreload 266 /Users/bloomberg/awvl/blog/home/views.py changed, reloading.
INFO 2024-04-20 20:09:26,990 autoreload 668 Watching for file changes with StatReloader
INFO 2024-04-20 20:09:47,538 autoreload 668 Watching for file changes with StatReloader
INFO 2024-04-20 20:09:59,026 basehttp 212 "GET /detail/?id=1111111 HTTP/1.1" 200 1137
INFO 2024-04-20 20:09:59,050 basehttp 212 "GET /static/img/404.jpeg HTTP/1.1" 304 0
INFO 2024-04-20 20:10:01,062 basehttp 212 "GET / HTTP/1.1" 200 19348
INFO 2024-04-20 20:10:02,370 basehttp 212 "GET /detail/?id=1 HTTP/1.1" 200 7769
INFO 2024-04-20 20:10:03,313 basehttp 212 "GET /detail/?id=1 HTTP/1.1" 200 7769
INFO 2024-04-20 20:10:46,619 autoreload 266 /Users/bloomberg/awvl/blog/home/models.py changed, reloading.
INFO 2024-04-20 20:10:46,928 autoreload 668 Watching for file changes with StatReloader
INFO 2024-04-20 20:11:10,346 autoreload 266 /Users/bloomberg/awvl/blog/home/models.py changed, reloading.
INFO 2024-04-20 20:11:10,619 autoreload 668 Watching for file changes with StatReloader
INFO 2024-04-20 20:11:43,199 autoreload 668 Watching for file changes with StatReloader
INFO 2024-04-20 20:13:02,454 autoreload 266 /Users/bloomberg/awvl/blog/home/views.py changed, reloading.
INFO 2024-04-20 20:13:02,758 autoreload 668 Watching for file changes with StatReloader
INFO 2024-04-20 20:13:59,708 autoreload 266 /Users/bloomberg/awvl/blog/home/views.py changed, reloading.
INFO 2024-04-20 20:14:00,019 autoreload 668 Watching for file changes with StatReloader
INFO 2024-04-20 20:14:37,688 autoreload 668 Watching for file changes with StatReloader
INFO 2024-04-20 20:14:41,900 basehttp 212 "GET /detail/?id=1 HTTP/1.1" 200 7769
INFO 2024-04-20 20:14:51,984 basehttp 212 "POST /detail/?id=1 HTTP/1.1" 302 0
INFO 2024-04-20 20:14:52,007 basehttp 212 "GET /detail/?id=1 HTTP/1.1" 200 7769
INFO 2024-04-20 20:14:54,781 basehttp 212 "GET /detail/?id=1 HTTP/1.1" 200 7769
INFO 2024-04-20 20:15:32,193 basehttp 212 "GET /detail/?id=1 HTTP/1.1" 200 7769
INFO 2024-04-20 20:15:34,818 basehttp 212 "POST /detail/?id=1 HTTP/1.1" 302 0
INFO 2024-04-20 20:15:34,844 basehttp 212 "GET /detail/?id=1 HTTP/1.1" 200 7769
INFO 2024-04-20 20:16:28,436 basehttp 212 "GET /detail/?id=1 HTTP/1.1" 200 7769
INFO 2024-04-20 20:17:17,347 autoreload 266 /Users/bloomberg/awvl/blog/home/views.py changed, reloading.
INFO 2024-04-20 20:17:17,644 autoreload 668 Watching for file changes with StatReloader
INFO 2024-04-20 20:17:22,846 autoreload 266 /Users/bloomberg/awvl/blog/home/views.py changed, reloading.
INFO 2024-04-20 20:17:23,067 autoreload 668 Watching for file changes with StatReloader
INFO 2024-04-20 20:17:42,516 autoreload 266 /Users/bloomberg/awvl/blog/home/views.py changed, reloading.
INFO 2024-04-20 20:17:42,736 autoreload 668 Watching for file changes with StatReloader
INFO 2024-04-20 20:17:45,928 autoreload 266 /Users/bloomberg/awvl/blog/home/views.py changed, reloading.
INFO 2024-04-20 20:17:46,144 autoreload 668 Watching for file changes with StatReloader
INFO 2024-04-20 20:17:47,288 autoreload 266 /Users/bloomberg/awvl/blog/home/views.py changed, reloading.
INFO 2024-04-20 20:17:47,493 autoreload 668 Watching for file changes with StatReloader
INFO 2024-04-20 20:17:48,646 autoreload 266 /Users/bloomberg/awvl/blog/home/views.py changed, reloading.
INFO 2024-04-20 20:17:48,852 autoreload 668 Watching for file changes with StatReloader
INFO 2024-04-20 20:17:51,011 autoreload 266 /Users/bloomberg/awvl/blog/home/views.py changed, reloading.
INFO 2024-04-20 20:17:51,206 autoreload 668 Watching for file changes with StatReloader
INFO 2024-04-20 20:17:58,431 autoreload 266 /Users/bloomberg/awvl/blog/home/views.py changed, reloading.
INFO 2024-04-20 20:17:58,639 autoreload 668 Watching for file changes with StatReloader
INFO 2024-04-20 20:17:59,783 autoreload 266 /Users/bloomberg/awvl/blog/home/views.py changed, reloading.
INFO 2024-04-20 20:18:00,034 autoreload 668 Watching for file changes with StatReloader
INFO 2024-04-20 20:18:16,412 autoreload 266 /Users/bloomberg/awvl/blog/home/views.py changed, reloading.
INFO 2024-04-20 20:18:16,628 autoreload 668 Watching for file changes with StatReloader
INFO 2024-04-20 20:21:13,474 basehttp 212 "GET /detail/?id=1 HTTP/1.1" 200 8669
INFO 2024-04-20 20:21:19,607 basehttp 212 "POST /detail/?id=1 HTTP/1.1" 302 0
INFO 2024-04-20 20:21:19,636 basehttp 212 "GET /detail/?id=1 HTTP/1.1" 200 9139
INFO 2024-04-20 20:21:21,959 basehttp 212 "POST /detail/?id=1 HTTP/1.1" 302 0
INFO 2024-04-20 20:21:21,997 basehttp 212 "GET /detail/?id=1 HTTP/1.1" 200 9598
INFO 2024-04-20 20:21:24,104 basehttp 212 "POST /detail/?id=1 HTTP/1.1" 302 0
INFO 2024-04-20 20:21:24,143 basehttp 212 "GET /detail/?id=1 HTTP/1.1" 200 10061
INFO 2024-04-20 20:21:25,882 basehttp 212 "POST /detail/?id=1 HTTP/1.1" 302 0
INFO 2024-04-20 20:21:25,913 basehttp 212 "GET /detail/?id=1 HTTP/1.1" 200 10519
INFO 2024-04-20 20:21:28,022 basehttp 212 "POST /detail/?id=1 HTTP/1.1" 302 0
INFO 2024-04-20 20:21:28,056 basehttp 212 "GET /detail/?id=1 HTTP/1.1" 200 10977
INFO 2024-04-20 20:21:30,007 basehttp 212 "POST /detail/?id=1 HTTP/1.1" 302 0
INFO 2024-04-20 20:21:30,052 basehttp 212 "GET /detail/?id=1 HTTP/1.1" 200 11435
INFO 2024-04-20 20:21:32,172 basehttp 212 "POST /detail/?id=1 HTTP/1.1" 302 0
INFO 2024-04-20 20:21:32,210 basehttp 212 "GET /detail/?id=1 HTTP/1.1" 200 11890
INFO 2024-04-20 20:21:35,752 basehttp 212 "POST /detail/?id=1 HTTP/1.1" 302 0
INFO 2024-04-20 20:21:35,783 basehttp 212 "GET /detail/?id=1 HTTP/1.1" 200 12349
INFO 2024-04-20 20:21:39,227 basehttp 212 "POST /detail/?id=1 HTTP/1.1" 302 0
INFO 2024-04-20 20:21:39,275 basehttp 212 "GET /detail/?id=1 HTTP/1.1" 200 12356
INFO 2024-04-20 20:21:41,552 basehttp 212 "GET /detail/?id=1&page_size=10&page_num=2 HTTP/1.1" 200 8229
INFO 2024-04-20 20:21:56,890 autoreload 668 Watching for file changes with StatReloader
INFO 2024-04-20 22:57:09,062 autoreload 668 Watching for file changes with StatReloader
INFO 2024-04-20 22:57:16,676 basehttp 212 "GET / HTTP/1.1" 200 19350
INFO 2024-04-20 22:57:16,723 basehttp 212 "GET /media/article/20240420/Snipaste_2024-04-20_17-09-42.jpg HTTP/1.1" 304 0
INFO 2024-04-20 22:57:20,948 basehttp 212 "GET /detail/?id=1 HTTP/1.1" 200 12356
INFO 2024-04-20 22:57:28,265 basehttp 212 "GET /logout/ HTTP/1.1" 302 0
INFO 2024-04-20 22:57:28,294 basehttp 212 "GET / HTTP/1.1" 200 19350
INFO 2024-04-20 22:57:30,005 basehttp 212 "GET /register/ HTTP/1.1" 200 3695
ERROR 2024-04-20 22:57:41,516 views 61 (1062, "Duplicate entry '13753903991' for key 'tb_users.username'")
WARNING 2024-04-20 22:57:41,517 log 241 Bad Request: /register/
WARNING 2024-04-20 22:57:41,517 basehttp 212 "POST /register/ HTTP/1.1" 400 12
INFO 2024-04-20 22:57:53,210 basehttp 212 "POST /register/ HTTP/1.1" 302 0
INFO 2024-04-20 22:57:53,232 basehttp 212 "GET / HTTP/1.1" 200 19350
INFO 2024-04-20 22:57:56,294 basehttp 212 "GET /writeblog/ HTTP/1.1" 200 5836
WARNING 2024-04-20 22:58:01,554 log 241 Bad Request: /writeblog/
WARNING 2024-04-20 22:58:01,554 basehttp 212 "POST /writeblog/ HTTP/1.1" 400 12
INFO 2024-04-20 22:58:10,622 basehttp 212 "GET / HTTP/1.1" 200 19350
INFO 2024-04-20 23:02:08,893 basehttp 212 "GET /detail/?id=1 HTTP/1.1" 200 12356
INFO 2024-04-20 23:02:57,158 basehttp 212 "GET /?cat_id=2 HTTP/1.1" 200 4896
INFO 2024-04-20 23:02:57,629 basehttp 212 "GET /?cat_id=3 HTTP/1.1" 200 4896
INFO 2024-04-20 23:02:57,890 basehttp 212 "GET /?cat_id=4 HTTP/1.1" 200 4896
INFO 2024-04-20 23:02:58,363 basehttp 212 "GET /?cat_id=1 HTTP/1.1" 200 19350
INFO 2024-04-20 23:02:58,631 basehttp 212 "GET /?cat_id=1 HTTP/1.1" 200 19350
INFO 2024-04-20 23:02:58,852 basehttp 212 "GET /?cat_id=2 HTTP/1.1" 200 4896
INFO 2024-04-20 23:02:59,076 basehttp 212 "GET /?cat_id=3 HTTP/1.1" 200 4896
INFO 2024-04-20 23:02:59,268 basehttp 212 "GET /?cat_id=4 HTTP/1.1" 200 4896
INFO 2024-04-20 23:03:25,444 basehttp 212 "GET / HTTP/1.1" 200 19350
INFO 2024-04-20 23:05:42,819 basehttp 212 "GET /?cat_id=2 HTTP/1.1" 200 4896
INFO 2024-04-20 23:05:43,158 basehttp 212 "GET /?cat_id=3 HTTP/1.1" 200 4896
INFO 2024-04-20 23:05:43,472 basehttp 212 "GET /?cat_id=4 HTTP/1.1" 200 4896
INFO 2024-04-20 23:05:44,330 basehttp 212 "GET /?cat_id=1 HTTP/1.1" 200 19350
